This file contains any messages produced by compilers while
running configure, to aid debugging if configure makes a mistake.

It was created by SST Elements Library configure 11.0.0, which was
generated by GNU Autoconf 2.69.  Invocation command line was

  $ ./configure --prefix=/home/xianwei/local/sstelements-11.0.0 --with-sst-core=/home/xianwei/local/sstcore-11.0.0 --enable-ltdl-convenience --no-create --no-recursion

## --------- ##
## Platform. ##
## --------- ##

hostname = instance-1
uname -m = x86_64
uname -r = 4.19.0-19-cloud-amd64
uname -s = Linux
uname -v = #1 SMP Debian 4.19.232-1 (2022-03-07)

/usr/bin/uname -p = unknown
/bin/uname -X     = unknown

/bin/arch              = x86_64
/usr/bin/arch -k       = unknown
/usr/convex/getsysinfo = unknown
/usr/bin/hostinfo      = unknown
/bin/machine           = unknown
/usr/bin/oslevel       = unknown
/bin/universe          = unknown

PATH: /usr/local/bin
PATH: /usr/bin
PATH: /bin
PATH: /usr/local/games
PATH: /usr/games


## ----------- ##
## Core tests. ##
## ----------- ##

configure:2724: checking for a BSD-compatible install
configure:2792: result: /usr/bin/install -c
configure:2803: checking whether build environment is sane
configure:2858: result: yes
configure:3007: checking for a thread-safe mkdir -p
configure:3046: result: /usr/bin/mkdir -p
configure:3053: checking for gawk
configure:3083: result: no
configure:3053: checking for mawk
configure:3069: found /usr/bin/mawk
configure:3080: result: mawk
configure:3091: checking whether make sets $(MAKE)
configure:3113: result: yes
configure:3142: checking whether make supports nested variables
configure:3159: result: yes
configure:3229: checking how to create a pax tar archive
configure:3240: tar --version
tar (GNU tar) 1.30
Copyright (C) 2017 Free Software Foundation, Inc.
License GPLv3+: GNU GPL version 3 or later <https://gnu.org/licenses/gpl.html>.
This is free software: you are free to change and redistribute it.
There is NO WARRANTY, to the extent permitted by law.

Written by John Gilmore and Jay Fenlason.
configure:3243: $? = 0
configure:3283: tardir=conftest.dir && eval tar --format=posix -chf - "$tardir" >conftest.tar
configure:3286: $? = 0
configure:3290: tar -xf - <conftest.tar
configure:3293: $? = 0
configure:3295: cat conftest.dir/file
GrepMe
configure:3298: $? = 0
configure:3311: result: gnutar
configure:3374: checking whether make supports nested variables
configure:3391: result: yes
configure:3486: checking for gcc
configure:3502: found /usr/bin/gcc
configure:3513: result: gcc
configure:3742: checking for C compiler version
configure:3751: gcc --version >&5
gcc (Debian 8.3.0-6) 8.3.0
Copyright (C) 2018 Free Software Foundation, Inc.
This is free software; see the source for copying conditions.  There is NO
warranty; not even for MERCHANTABILITY or FITNESS FOR A PARTICULAR PURPOSE.

configure:3762: $? = 0
configure:3751: gcc -v >&5
Using built-in specs.
COLLECT_GCC=gcc
COLLECT_LTO_WRAPPER=/usr/lib/gcc/x86_64-linux-gnu/8/lto-wrapper
OFFLOAD_TARGET_NAMES=nvptx-none
OFFLOAD_TARGET_DEFAULT=1
Target: x86_64-linux-gnu
Configured with: ../src/configure -v --with-pkgversion='Debian 8.3.0-6' --with-bugurl=file:///usr/share/doc/gcc-8/README.Bugs --enable-languages=c,ada,c++,go,brig,d,fortran,objc,obj-c++ --prefix=/usr --with-gcc-major-version-only --program-suffix=-8 --program-prefix=x86_64-linux-gnu- --enable-shared --enable-linker-build-id --libexecdir=/usr/lib --without-included-gettext --enable-threads=posix --libdir=/usr/lib --enable-nls --enable-bootstrap --enable-clocale=gnu --enable-libstdcxx-debug --enable-libstdcxx-time=yes --with-default-libstdcxx-abi=new --enable-gnu-unique-object --disable-vtable-verify --enable-libmpx --enable-plugin --enable-default-pie --with-system-zlib --with-target-system-zlib --enable-objc-gc=auto --enable-multiarch --disable-werror --with-arch-32=i686 --with-abi=m64 --with-multilib-list=m32,m64,mx32 --enable-multilib --with-tune=generic --enable-offload-targets=nvptx-none --without-cuda-driver --enable-checking=release --build=x86_64-linux-gnu --host=x86_64-linux-gnu --target=x86_64-linux-gnu
Thread model: posix
gcc version 8.3.0 (Debian 8.3.0-6) 
configure:3762: $? = 0
configure:3751: gcc -V >&5
gcc: error: unrecognized command line option '-V'
gcc: fatal error: no input files
compilation terminated.
configure:3762: $? = 1
configure:3751: gcc -qversion >&5
gcc: error: unrecognized command line option '-qversion'; did you mean '--version'?
gcc: fatal error: no input files
compilation terminated.
configure:3762: $? = 1
configure:3782: checking whether the C compiler works
configure:3804: gcc    conftest.c  >&5
configure:3808: $? = 0
configure:3856: result: yes
configure:3859: checking for C compiler default output file name
configure:3861: result: a.out
configure:3867: checking for suffix of executables
configure:3874: gcc -o conftest    conftest.c  >&5
configure:3878: $? = 0
configure:3900: result: 
configure:3922: checking whether we are cross compiling
configure:3930: gcc -o conftest    conftest.c  >&5
configure:3934: $? = 0
configure:3941: ./conftest
configure:3945: $? = 0
configure:3933: result: no
configure:3938: checking for suffix of object files
configure:3960: gcc -c   conftest.c >&5
configure:3964: $? = 0
configure:3985: result: o
configure:3989: checking whether we are using the GNU C compiler
configure:4008: gcc -c   conftest.c >&5
configure:4008: $? = 0
configure:4017: result: yes
configure:4026: checking whether gcc accepts -g
configure:4046: gcc -c -g  conftest.c >&5
configure:4046: $? = 0
configure:4087: result: yes
configure:4104: checking for gcc option to accept ISO C89
configure:4167: gcc  -c -g -O2  conftest.c >&5
configure:4167: $? = 0
configure:4180: result: none needed
configure:4205: checking whether gcc understands -c and -o together
configure:4227: gcc -c conftest.c -o conftest2.o
configure:4230: $? = 0
configure:4227: gcc -c conftest.c -o conftest2.o
configure:4230: $? = 0
configure:4242: result: yes
configure:4262: checking whether make supports the include directive
configure:4277: make -f confmf.GNU && cat confinc.out
make[1]: Entering directory '/home/xianwei/scratch/src/sst-elements-library-11.0.0'
make[1]: Leaving directory '/home/xianwei/scratch/src/sst-elements-library-11.0.0'
this is the am__doit target
configure:4280: $? = 0
configure:4299: result: yes (GNU style)
configure:4324: checking dependency style of gcc
configure:4435: result: gcc3
configure:4451: checking for gcc option to accept ISO C99
configure:4600: gcc  -c -g -O2  conftest.c >&5
configure:4600: $? = 0
configure:4613: result: none needed
configure:4629: checking for inline
configure:4645: gcc -c -g -O2  conftest.c >&5
configure:4645: $? = 0
configure:4653: result: inline
configure:4671: checking whether make sets $(MAKE)
configure:4693: result: yes
configure:4761: checking for g++
configure:4777: found /usr/bin/g++
configure:4788: result: g++
configure:4815: checking for C++ compiler version
configure:4824: g++ --version >&5
g++ (Debian 8.3.0-6) 8.3.0
Copyright (C) 2018 Free Software Foundation, Inc.
This is free software; see the source for copying conditions.  There is NO
warranty; not even for MERCHANTABILITY or FITNESS FOR A PARTICULAR PURPOSE.

configure:4835: $? = 0
configure:4824: g++ -v >&5
Using built-in specs.
COLLECT_GCC=g++
COLLECT_LTO_WRAPPER=/usr/lib/gcc/x86_64-linux-gnu/8/lto-wrapper
OFFLOAD_TARGET_NAMES=nvptx-none
OFFLOAD_TARGET_DEFAULT=1
Target: x86_64-linux-gnu
Configured with: ../src/configure -v --with-pkgversion='Debian 8.3.0-6' --with-bugurl=file:///usr/share/doc/gcc-8/README.Bugs --enable-languages=c,ada,c++,go,brig,d,fortran,objc,obj-c++ --prefix=/usr --with-gcc-major-version-only --program-suffix=-8 --program-prefix=x86_64-linux-gnu- --enable-shared --enable-linker-build-id --libexecdir=/usr/lib --without-included-gettext --enable-threads=posix --libdir=/usr/lib --enable-nls --enable-bootstrap --enable-clocale=gnu --enable-libstdcxx-debug --enable-libstdcxx-time=yes --with-default-libstdcxx-abi=new --enable-gnu-unique-object --disable-vtable-verify --enable-libmpx --enable-plugin --enable-default-pie --with-system-zlib --with-target-system-zlib --enable-objc-gc=auto --enable-multiarch --disable-werror --with-arch-32=i686 --with-abi=m64 --with-multilib-list=m32,m64,mx32 --enable-multilib --with-tune=generic --enable-offload-targets=nvptx-none --without-cuda-driver --enable-checking=release --build=x86_64-linux-gnu --host=x86_64-linux-gnu --target=x86_64-linux-gnu
Thread model: posix
gcc version 8.3.0 (Debian 8.3.0-6) 
configure:4835: $? = 0
configure:4824: g++ -V >&5
g++: error: unrecognized command line option '-V'
g++: fatal error: no input files
compilation terminated.
configure:4835: $? = 1
configure:4824: g++ -qversion >&5
g++: error: unrecognized command line option '-qversion'; did you mean '--version'?
g++: fatal error: no input files
compilation terminated.
configure:4835: $? = 1
configure:4839: checking whether we are using the GNU C++ compiler
configure:4858: g++ -c   conftest.cpp >&5
configure:4858: $? = 0
configure:4867: result: yes
configure:4876: checking whether g++ accepts -g
configure:4896: g++ -c -g  conftest.cpp >&5
configure:4896: $? = 0
configure:4937: result: yes
configure:4962: checking dependency style of g++
configure:5073: result: gcc3
configure:5171: checking how to run the C preprocessor
configure:5202: gcc -E  conftest.c
configure:5202: $? = 0
configure:5216: gcc -E  conftest.c
conftest.c:9:10: fatal error: ac_nonexistent.h: No such file or directory
 #include <ac_nonexistent.h>
          ^~~~~~~~~~~~~~~~~~
compilation terminated.
configure:5216: $? = 1
configure: failed program was:
| /* confdefs.h */
| #define PACKAGE_NAME "SST Elements Library"
| #define PACKAGE_TARNAME "sst-elements-library"
| #define PACKAGE_VERSION "11.0.0"
| #define PACKAGE_STRING "SST Elements Library 11.0.0"
| #define PACKAGE_BUGREPORT "sst@sandia.gov"
| #define PACKAGE_URL ""
| /* end confdefs.h.  */
| #include <ac_nonexistent.h>
configure:5241: result: gcc -E
configure:5261: gcc -E  conftest.c
configure:5261: $? = 0
configure:5275: gcc -E  conftest.c
conftest.c:9:10: fatal error: ac_nonexistent.h: No such file or directory
 #include <ac_nonexistent.h>
          ^~~~~~~~~~~~~~~~~~
compilation terminated.
configure:5275: $? = 1
configure: failed program was:
| /* confdefs.h */
| #define PACKAGE_NAME "SST Elements Library"
| #define PACKAGE_TARNAME "sst-elements-library"
| #define PACKAGE_VERSION "11.0.0"
| #define PACKAGE_STRING "SST Elements Library 11.0.0"
| #define PACKAGE_BUGREPORT "sst@sandia.gov"
| #define PACKAGE_URL ""
| /* end confdefs.h.  */
| #include <ac_nonexistent.h>
configure:5307: checking build system type
configure:5321: result: x86_64-pc-linux-gnu
configure:5341: checking host system type
configure:5354: result: x86_64-pc-linux-gnu
configure:5452: checking whether time.h and sys/time.h may both be included
configure:5472: gcc -c -g -O2  conftest.c >&5
configure:5472: $? = 0
configure:5479: result: yes
configure:5541: checking how to print strings
configure:5568: result: printf
configure:5589: checking for a sed that does not truncate output
configure:5653: result: /usr/bin/sed
configure:5671: checking for grep that handles long lines and -e
configure:5729: result: /usr/bin/grep
configure:5734: checking for egrep
configure:5796: result: /usr/bin/grep -E
configure:5801: checking for fgrep
configure:5863: result: /usr/bin/grep -F
configure:5898: checking for ld used by gcc
configure:5965: result: /usr/bin/ld
configure:5972: checking if the linker (/usr/bin/ld) is GNU ld
configure:5987: result: yes
configure:5999: checking for BSD- or MS-compatible name lister (nm)
configure:6053: result: /usr/bin/nm -B
configure:6183: checking the name lister (/usr/bin/nm -B) interface
configure:6190: gcc -c -g -O2  conftest.c >&5
configure:6193: /usr/bin/nm -B "conftest.o"
configure:6196: output
0000000000000000 B some_variable
configure:6197: result: BSD nm
configure:6200: checking whether ln -s works
configure:6204: result: yes
configure:6212: checking the maximum length of command line arguments
configure:6343: result: 1572864
configure:6391: checking how to convert x86_64-pc-linux-gnu file names to x86_64-pc-linux-gnu format
configure:6431: result: func_convert_file_noop
configure:6438: checking how to convert x86_64-pc-linux-gnu file names to toolchain format
configure:6458: result: func_convert_file_noop
configure:6465: checking for /usr/bin/ld option to reload object files
configure:6472: result: -r
configure:6546: checking for objdump
configure:6562: found /usr/bin/objdump
configure:6573: result: objdump
configure:6605: checking how to recognize dependent libraries
configure:6805: result: pass_all
configure:6890: checking for dlltool
configure:6920: result: no
configure:6950: checking how to associate runtime and link libraries
configure:6977: result: printf %s\n
configure:7037: checking for ar
configure:7053: found /usr/bin/ar
configure:7064: result: ar
configure:7101: checking for archiver @FILE support
configure:7118: gcc -c -g -O2  conftest.c >&5
configure:7118: $? = 0
configure:7121: ar cru libconftest.a @conftest.lst >&5
ar: `u' modifier ignored since `D' is the default (see `U')
configure:7124: $? = 0
configure:7129: ar cru libconftest.a @conftest.lst >&5
ar: `u' modifier ignored since `D' is the default (see `U')
ar: conftest.o: No such file or directory
configure:7132: $? = 1
configure:7131: result: @
configure:7189: checking for strip
configure:7205: found /usr/bin/strip
configure:7216: result: strip
configure:7288: checking for ranlib
configure:7304: found /usr/bin/ranlib
configure:7315: result: ranlib
configure:7417: checking command to parse /usr/bin/nm -B output from gcc object
configure:7570: gcc -c -g -O2  conftest.c >&5
configure:7573: $? = 0
configure:7577: /usr/bin/nm -B conftest.o | sed -n -e 's/^.*[	 ]\([ABCDGIRSTW][ABCDGIRSTW]*\)[	 ][	 ]*\([_A-Za-z][_A-Za-z0-9]*\)$/\1 \2 \2/p' | sed '/ __gnu_lto/d' > conftest.nm
configure:7643: gcc -o conftest -g -O2   conftest.c conftstm.o >&5
configure:7646: $? = 0
configure:7684: result: ok
configure:7731: checking for sysroot
configure:7761: result: no
configure:7768: checking for a working dd
configure:7806: result: /usr/bin/dd
configure:7810: checking how to truncate binary pipes
configure:7825: result: /usr/bin/dd bs=4096 count=1
configure:7961: gcc -c -g -O2  conftest.c >&5
configure:7964: $? = 0
configure:8154: checking for mt
configure:8170: found /usr/bin/mt
configure:8181: result: mt
configure:8204: checking if mt is a manifest tool
configure:8210: mt '-?'
configure:8218: result: no
configure:8891: checking for ANSI C header files
configure:8911: gcc -c -g -O2  conftest.c >&5
configure:8911: $? = 0
configure:8984: gcc -o conftest -g -O2   conftest.c  >&5
configure:8984: $? = 0
configure:8984: ./conftest
configure:8984: $? = 0
configure:8995: result: yes
configure:9008: checking for sys/types.h
configure:9008: gcc -c -g -O2  conftest.c >&5
configure:9008: $? = 0
configure:9008: result: yes
configure:9008: checking for sys/stat.h
configure:9008: gcc -c -g -O2  conftest.c >&5
configure:9008: $? = 0
configure:9008: result: yes
configure:9008: checking for stdlib.h
configure:9008: gcc -c -g -O2  conftest.c >&5
configure:9008: $? = 0
configure:9008: result: yes
configure:9008: checking for string.h
configure:9008: gcc -c -g -O2  conftest.c >&5
configure:9008: $? = 0
configure:9008: result: yes
configure:9008: checking for memory.h
configure:9008: gcc -c -g -O2  conftest.c >&5
configure:9008: $? = 0
configure:9008: result: yes
configure:9008: checking for strings.h
configure:9008: gcc -c -g -O2  conftest.c >&5
configure:9008: $? = 0
configure:9008: result: yes
configure:9008: checking for inttypes.h
configure:9008: gcc -c -g -O2  conftest.c >&5
configure:9008: $? = 0
configure:9008: result: yes
configure:9008: checking for stdint.h
configure:9008: gcc -c -g -O2  conftest.c >&5
configure:9008: $? = 0
configure:9008: result: yes
configure:9008: checking for unistd.h
configure:9008: gcc -c -g -O2  conftest.c >&5
configure:9008: $? = 0
configure:9008: result: yes
configure:9022: checking for dlfcn.h
configure:9022: gcc -c -g -O2  conftest.c >&5
configure:9022: $? = 0
configure:9022: result: yes
configure:9286: checking for objdir
configure:9301: result: .libs
configure:9565: checking if gcc supports -fno-rtti -fno-exceptions
configure:9583: gcc -c -g -O2  -fno-rtti -fno-exceptions conftest.c >&5
cc1: warning: command line option '-fno-rtti' is valid for C++/ObjC++ but not for C
configure:9587: $? = 0
configure:9600: result: no
configure:9958: checking for gcc option to produce PIC
configure:9965: result: -fPIC -DPIC
configure:9973: checking if gcc PIC flag -fPIC -DPIC works
configure:9991: gcc -c -g -O2  -fPIC -DPIC -DPIC conftest.c >&5
configure:9995: $? = 0
configure:10008: result: yes
configure:10037: checking if gcc static flag -static works
configure:10065: result: yes
configure:10080: checking if gcc supports -c -o file.o
configure:10101: gcc -c -g -O2  -o out/conftest2.o conftest.c >&5
configure:10105: $? = 0
configure:10127: result: yes
configure:10135: checking if gcc supports -c -o file.o
configure:10182: result: yes
configure:10215: checking whether the gcc linker (/usr/bin/ld -m elf_x86_64) supports shared libraries
configure:11478: result: yes
configure:11515: checking whether -lc should be explicitly linked in
configure:11523: gcc -c -g -O2  conftest.c >&5
configure:11526: $? = 0
configure:11541: gcc -shared  -fPIC -DPIC conftest.o  -v -Wl,-soname -Wl,conftest -o conftest 2\>\&1 \| /usr/bin/grep  -lc  \>/dev/null 2\>\&1
configure:11544: $? = 0
configure:11558: result: no
configure:11718: checking dynamic linker characteristics
configure:12299: gcc -o conftest -g -O2   -Wl,-rpath -Wl,/foo conftest.c  >&5
configure:12299: $? = 0
configure:12548: result: GNU/Linux ld.so
configure:12670: checking how to hardcode library paths into programs
configure:12695: result: immediate
configure:12797: checking for shl_load
configure:12797: gcc -o conftest -g -O2   conftest.c  >&5
/usr/bin/ld: /tmp/ccUyeXeI.o: in function `main':
/home/xianwei/scratch/src/sst-elements-library-11.0.0/conftest.c:56: undefined reference to `shl_load'
collect2: error: ld returned 1 exit status
configure:12797: $? = 1
configure: failed program was:
| /* confdefs.h */
| #define PACKAGE_NAME "SST Elements Library"
| #define PACKAGE_TARNAME "sst-elements-library"
| #define PACKAGE_VERSION "11.0.0"
| #define PACKAGE_STRING "SST Elements Library 11.0.0"
| #define PACKAGE_BUGREPORT "sst@sandia.gov"
| #define PACKAGE_URL ""
| #define TIME_WITH_SYS_TIME 1
| #define STDC_HEADERS 1
| #define HAVE_SYS_TYPES_H 1
| #define HAVE_SYS_STAT_H 1
| #define HAVE_STDLIB_H 1
| #define HAVE_STRING_H 1
| #define HAVE_MEMORY_H 1
| #define HAVE_STRINGS_H 1
| #define HAVE_INTTYPES_H 1
| #define HAVE_STDINT_H 1
| #define HAVE_UNISTD_H 1
| #define HAVE_DLFCN_H 1
| #define LT_OBJDIR ".libs/"
| /* end confdefs.h.  */
| /* Define shl_load to an innocuous variant, in case <limits.h> declares shl_load.
|    For example, HP-UX 11i <limits.h> declares gettimeofday.  */
| #define shl_load innocuous_shl_load
| 
| /* System header to define __stub macros and hopefully few prototypes,
|     which can conflict with char shl_load (); below.
|     Prefer <limits.h> to <assert.h> if __STDC__ is defined, since
|     <limits.h> exists even on freestanding compilers.  */
| 
| #ifdef __STDC__
| # include <limits.h>
| #else
| # include <assert.h>
| #endif
| 
| #undef shl_load
| 
| /* Override any GCC internal prototype to avoid an error.
|    Use char because int might match the return type of a GCC
|    builtin and then its argument prototype would still apply.  */
| #ifdef __cplusplus
| extern "C"
| #endif
| char shl_load ();
| /* The GNU C library defines this for functions which it implements
|     to always fail with ENOSYS.  Some functions are actually named
|     something starting with __ and the normal name is an alias.  */
| #if defined __stub_shl_load || defined __stub___shl_load
| choke me
| #endif
| 
| int
| main ()
| {
| return shl_load ();
|   ;
|   return 0;
| }
configure:12797: result: no
configure:12801: checking for shl_load in -ldld
configure:12826: gcc -o conftest -g -O2   conftest.c -ldld   >&5
/usr/bin/ld: cannot find -ldld
collect2: error: ld returned 1 exit status
configure:12826: $? = 1
configure: failed program was:
| /* confdefs.h */
| #define PACKAGE_NAME "SST Elements Library"
| #define PACKAGE_TARNAME "sst-elements-library"
| #define PACKAGE_VERSION "11.0.0"
| #define PACKAGE_STRING "SST Elements Library 11.0.0"
| #define PACKAGE_BUGREPORT "sst@sandia.gov"
| #define PACKAGE_URL ""
| #define TIME_WITH_SYS_TIME 1
| #define STDC_HEADERS 1
| #define HAVE_SYS_TYPES_H 1
| #define HAVE_SYS_STAT_H 1
| #define HAVE_STDLIB_H 1
| #define HAVE_STRING_H 1
| #define HAVE_MEMORY_H 1
| #define HAVE_STRINGS_H 1
| #define HAVE_INTTYPES_H 1
| #define HAVE_STDINT_H 1
| #define HAVE_UNISTD_H 1
| #define HAVE_DLFCN_H 1
| #define LT_OBJDIR ".libs/"
| /* end confdefs.h.  */
| 
| /* Override any GCC internal prototype to avoid an error.
|    Use char because int might match the return type of a GCC
|    builtin and then its argument prototype would still apply.  */
| #ifdef __cplusplus
| extern "C"
| #endif
| char shl_load ();
| int
| main ()
| {
| return shl_load ();
|   ;
|   return 0;
| }
configure:12835: result: no
configure:12840: checking for dlopen
configure:12840: gcc -o conftest -g -O2   conftest.c  >&5
/usr/bin/ld: /tmp/cc7o15xL.o: in function `main':
/home/xianwei/scratch/src/sst-elements-library-11.0.0/conftest.c:56: undefined reference to `dlopen'
collect2: error: ld returned 1 exit status
configure:12840: $? = 1
configure: failed program was:
| /* confdefs.h */
| #define PACKAGE_NAME "SST Elements Library"
| #define PACKAGE_TARNAME "sst-elements-library"
| #define PACKAGE_VERSION "11.0.0"
| #define PACKAGE_STRING "SST Elements Library 11.0.0"
| #define PACKAGE_BUGREPORT "sst@sandia.gov"
| #define PACKAGE_URL ""
| #define TIME_WITH_SYS_TIME 1
| #define STDC_HEADERS 1
| #define HAVE_SYS_TYPES_H 1
| #define HAVE_SYS_STAT_H 1
| #define HAVE_STDLIB_H 1
| #define HAVE_STRING_H 1
| #define HAVE_MEMORY_H 1
| #define HAVE_STRINGS_H 1
| #define HAVE_INTTYPES_H 1
| #define HAVE_STDINT_H 1
| #define HAVE_UNISTD_H 1
| #define HAVE_DLFCN_H 1
| #define LT_OBJDIR ".libs/"
| /* end confdefs.h.  */
| /* Define dlopen to an innocuous variant, in case <limits.h> declares dlopen.
|    For example, HP-UX 11i <limits.h> declares gettimeofday.  */
| #define dlopen innocuous_dlopen
| 
| /* System header to define __stub macros and hopefully few prototypes,
|     which can conflict with char dlopen (); below.
|     Prefer <limits.h> to <assert.h> if __STDC__ is defined, since
|     <limits.h> exists even on freestanding compilers.  */
| 
| #ifdef __STDC__
| # include <limits.h>
| #else
| # include <assert.h>
| #endif
| 
| #undef dlopen
| 
| /* Override any GCC internal prototype to avoid an error.
|    Use char because int might match the return type of a GCC
|    builtin and then its argument prototype would still apply.  */
| #ifdef __cplusplus
| extern "C"
| #endif
| char dlopen ();
| /* The GNU C library defines this for functions which it implements
|     to always fail with ENOSYS.  Some functions are actually named
|     something starting with __ and the normal name is an alias.  */
| #if defined __stub_dlopen || defined __stub___dlopen
| choke me
| #endif
| 
| int
| main ()
| {
| return dlopen ();
|   ;
|   return 0;
| }
configure:12840: result: no
configure:12844: checking for dlopen in -ldl
configure:12869: gcc -o conftest -g -O2   conftest.c -ldl   >&5
configure:12869: $? = 0
configure:12878: result: yes
configure:12997: checking whether a program can dlopen itself
configure:13077: gcc -o conftest -g -O2  -DHAVE_DLFCN_H  -Wl,--export-dynamic conftest.c -ldl  >&5
configure:13080: $? = 0
configure:13098: result: yes
configure:13103: checking whether a statically linked program can dlopen itself
configure:13183: gcc -o conftest -g -O2  -DHAVE_DLFCN_H  -Wl,--export-dynamic -static conftest.c -ldl  >&5
/usr/bin/ld: /tmp/ccbNv46Y.o: in function `main':
/home/xianwei/scratch/src/sst-elements-library-11.0.0/configure:13162: warning: Using 'dlopen' in statically linked applications requires at runtime the shared libraries from the glibc version used for linking
configure:13186: $? = 0
conftest: undefined symbol: _fnord
configure:13204: result: no
configure:13243: checking whether stripping libraries is possible
configure:13248: result: yes
configure:13283: checking if libtool supports shared libraries
configure:13285: result: yes
configure:13288: checking whether to build shared libraries
configure:13313: result: yes
configure:13316: checking whether to build static libraries
configure:13320: result: no
configure:10119: checking how to run the C++ preprocessor
configure:10146: g++ -E  conftest.cpp
configure:10146: $? = 0
configure:10160: g++ -E  conftest.cpp
conftest.cpp:22:10: fatal error: ac_nonexistent.h: No such file or directory
 #include <ac_nonexistent.h>
          ^~~~~~~~~~~~~~~~~~
compilation terminated.
configure:10160: $? = 1
configure: failed program was:
| /* confdefs.h */
| #define PACKAGE_NAME "SST Elements Library"
| #define PACKAGE_TARNAME "sst-elements-library"
| #define PACKAGE_VERSION "11.0.0"
| #define PACKAGE_STRING "SST Elements Library 11.0.0"
| #define PACKAGE_BUGREPORT "sst@sandia.gov"
| #define PACKAGE_URL ""
| #define TIME_WITH_SYS_TIME 1
| #define STDC_HEADERS 1
| #define HAVE_SYS_TYPES_H 1
| #define HAVE_SYS_STAT_H 1
| #define HAVE_STDLIB_H 1
| #define HAVE_STRING_H 1
| #define HAVE_MEMORY_H 1
| #define HAVE_STRINGS_H 1
| #define HAVE_INTTYPES_H 1
| #define HAVE_STDINT_H 1
| #define HAVE_UNISTD_H 1
| #define HAVE_DLFCN_H 1
| #define LT_OBJDIR ".libs/"
| /* end confdefs.h.  */
| #include <ac_nonexistent.h>
configure:10185: result: g++ -E
configure:10205: g++ -E  conftest.cpp
configure:10205: $? = 0
configure:10219: g++ -E  conftest.cpp
conftest.cpp:22:10: fatal error: ac_nonexistent.h: No such file or directory
 #include <ac_nonexistent.h>
          ^~~~~~~~~~~~~~~~~~
compilation terminated.
configure:10219: $? = 1
configure: failed program was:
| /* confdefs.h */
| #define PACKAGE_NAME "SST Elements Library"
| #define PACKAGE_TARNAME "sst-elements-library"
| #define PACKAGE_VERSION "11.0.0"
| #define PACKAGE_STRING "SST Elements Library 11.0.0"
| #define PACKAGE_BUGREPORT "sst@sandia.gov"
| #define PACKAGE_URL ""
| #define TIME_WITH_SYS_TIME 1
| #define STDC_HEADERS 1
| #define HAVE_SYS_TYPES_H 1
| #define HAVE_SYS_STAT_H 1
| #define HAVE_STDLIB_H 1
| #define HAVE_STRING_H 1
| #define HAVE_MEMORY_H 1
| #define HAVE_STRINGS_H 1
| #define HAVE_INTTYPES_H 1
| #define HAVE_STDINT_H 1
| #define HAVE_UNISTD_H 1
| #define HAVE_DLFCN_H 1
| #define LT_OBJDIR ".libs/"
| /* end confdefs.h.  */
| #include <ac_nonexistent.h>
configure:10381: checking for ld used by g++
configure:10448: result: /usr/bin/ld -m elf_x86_64
configure:10455: checking if the linker (/usr/bin/ld -m elf_x86_64) is GNU ld
configure:10470: result: yes
configure:10525: checking whether the g++ linker (/usr/bin/ld -m elf_x86_64) supports shared libraries
configure:11598: result: yes
configure:11634: g++ -c -g -O2  conftest.cpp >&5
configure:11637: $? = 0
configure:12118: checking for g++ option to produce PIC
configure:12125: result: -fPIC -DPIC
configure:12133: checking if g++ PIC flag -fPIC -DPIC works
configure:12151: g++ -c -g -O2  -fPIC -DPIC -DPIC conftest.cpp >&5
configure:12155: $? = 0
configure:12168: result: yes
configure:12191: checking if g++ static flag -static works
configure:12219: result: yes
configure:12231: checking if g++ supports -c -o file.o
configure:12252: g++ -c -g -O2  -o out/conftest2.o conftest.cpp >&5
configure:12256: $? = 0
configure:12278: result: yes
configure:12283: checking if g++ supports -c -o file.o
configure:12330: result: yes
configure:12360: checking whether the g++ linker (/usr/bin/ld -m elf_x86_64) supports shared libraries
configure:12403: result: yes
configure:12544: checking dynamic linker characteristics
configure:13301: result: GNU/Linux ld.so
configure:13366: checking how to hardcode library paths into programs
configure:13391: result: immediate
configure:12283: checking what extension is used for runtime loadable modules
configure:12295: result: .so
configure:12319: checking what variable specifies run-time module search path
configure:12326: result: LD_LIBRARY_PATH
configure:12336: checking for the default library search path
configure:12343: result: /lib /usr/lib /usr/lib/x86_64-linux-gnu/libfakeroot /usr/local/lib /usr/local/lib/x86_64-linux-gnu /lib/x86_64-linux-gnu /usr/lib/x86_64-linux-gnu 
configure:12374: checking for library containing dlopen
configure:12405: gcc -o conftest -g -O2   conftest.c  >&5
/usr/bin/ld: /tmp/ccvqKORu.o: in function `main':
/home/xianwei/scratch/src/sst-elements-library-11.0.0/conftest.c:36: undefined reference to `dlopen'
collect2: error: ld returned 1 exit status
configure:12405: $? = 1
configure: failed program was:
| /* confdefs.h */
| #define PACKAGE_NAME "SST Elements Library"
| #define PACKAGE_TARNAME "sst-elements-library"
| #define PACKAGE_VERSION "11.0.0"
| #define PACKAGE_STRING "SST Elements Library 11.0.0"
| #define PACKAGE_BUGREPORT "sst@sandia.gov"
| #define PACKAGE_URL ""
| #define TIME_WITH_SYS_TIME 1
| #define STDC_HEADERS 1
| #define HAVE_SYS_TYPES_H 1
| #define HAVE_SYS_STAT_H 1
| #define HAVE_STDLIB_H 1
| #define HAVE_STRING_H 1
| #define HAVE_MEMORY_H 1
| #define HAVE_STRINGS_H 1
| #define HAVE_INTTYPES_H 1
| #define HAVE_STDINT_H 1
| #define HAVE_UNISTD_H 1
| #define HAVE_DLFCN_H 1
| #define LT_OBJDIR ".libs/"
| #define LT_MODULE_EXT ".so"
| #define LT_MODULE_PATH_VAR "LD_LIBRARY_PATH"
| #define LT_DLSEARCH_PATH "/lib:/usr/lib:/usr/lib/x86_64-linux-gnu/libfakeroot:/usr/local/lib:/usr/local/lib/x86_64-linux-gnu:/lib/x86_64-linux-gnu:/usr/lib/x86_64-linux-gnu"
| /* end confdefs.h.  */
| 
| /* Override any GCC internal prototype to avoid an error.
|    Use char because int might match the return type of a GCC
|    builtin and then its argument prototype would still apply.  */
| #ifdef __cplusplus
| extern "C"
| #endif
| char dlopen ();
| int
| main ()
| {
| return dlopen ();
|   ;
|   return 0;
| }
configure:12405: gcc -o conftest -g -O2   conftest.c -ldl   >&5
configure:12405: $? = 0
configure:12422: result: -ldl
configure:12512: checking for dlerror
configure:12512: gcc -o conftest -g -O2   conftest.c -ldl  -ldl >&5
configure:12512: $? = 0
configure:12512: result: yes
configure:12526: checking for shl_load
configure:12526: result: no
configure:12533: checking for shl_load in -ldld
configure:12567: result: no
configure:12613: checking for dld_link in -ldld
configure:12638: gcc -o conftest -g -O2   conftest.c -ldld  -ldl  >&5
/usr/bin/ld: cannot find -ldld
collect2: error: ld returned 1 exit status
configure:12638: $? = 1
configure: failed program was:
| /* confdefs.h */
| #define PACKAGE_NAME "SST Elements Library"
| #define PACKAGE_TARNAME "sst-elements-library"
| #define PACKAGE_VERSION "11.0.0"
| #define PACKAGE_STRING "SST Elements Library 11.0.0"
| #define PACKAGE_BUGREPORT "sst@sandia.gov"
| #define PACKAGE_URL ""
| #define TIME_WITH_SYS_TIME 1
| #define STDC_HEADERS 1
| #define HAVE_SYS_TYPES_H 1
| #define HAVE_SYS_STAT_H 1
| #define HAVE_STDLIB_H 1
| #define HAVE_STRING_H 1
| #define HAVE_MEMORY_H 1
| #define HAVE_STRINGS_H 1
| #define HAVE_INTTYPES_H 1
| #define HAVE_STDINT_H 1
| #define HAVE_UNISTD_H 1
| #define HAVE_DLFCN_H 1
| #define LT_OBJDIR ".libs/"
| #define LT_MODULE_EXT ".so"
| #define LT_MODULE_PATH_VAR "LD_LIBRARY_PATH"
| #define LT_DLSEARCH_PATH "/lib:/usr/lib:/usr/lib/x86_64-linux-gnu/libfakeroot:/usr/local/lib:/usr/local/lib/x86_64-linux-gnu:/lib/x86_64-linux-gnu:/usr/lib/x86_64-linux-gnu"
| #define HAVE_LIBDL 1
| #define HAVE_DLERROR 1
| /* end confdefs.h.  */
| 
| /* Override any GCC internal prototype to avoid an error.
|    Use char because int might match the return type of a GCC
|    builtin and then its argument prototype would still apply.  */
| #ifdef __cplusplus
| extern "C"
| #endif
| char dld_link ();
| int
| main ()
| {
| return dld_link ();
|   ;
|   return 0;
| }
configure:12647: result: no
configure:12682: checking for _ prefix in compiled symbols
configure:12692: gcc -c -g -O2  conftest.c >&5
configure:12695: $? = 0
configure:12699: /usr/bin/nm -B conftest.o \| sed -n -e 's/^.*[	 ]\([ABCDGIRSTW][ABCDGIRSTW]*\)[	 ][	 ]*\([_A-Za-z][_A-Za-z0-9]*\)$/\1 \2 \2/p' | sed '/ __gnu_lto/d' \> conftest.nm
configure:12702: $? = 0
configure:12724: result: no
configure:12841: checking whether deplibs are loaded by dlopen
configure:12938: result: yes
configure:12949: checking for argz.h
configure:12949: gcc -c -g -O2  conftest.c >&5
configure:12949: $? = 0
configure:12949: result: yes
configure:12961: checking for error_t
configure:12961: gcc -c -g -O2  conftest.c >&5
configure:12961: $? = 0
configure:12961: gcc -c -g -O2  conftest.c >&5
conftest.c: In function 'main':
conftest.c:36:22: error: expected expression before ')' token
 if (sizeof ((error_t)))
                      ^
configure:12961: $? = 1
configure: failed program was:
| /* confdefs.h */
| #define PACKAGE_NAME "SST Elements Library"
| #define PACKAGE_TARNAME "sst-elements-library"
| #define PACKAGE_VERSION "11.0.0"
| #define PACKAGE_STRING "SST Elements Library 11.0.0"
| #define PACKAGE_BUGREPORT "sst@sandia.gov"
| #define PACKAGE_URL ""
| #define TIME_WITH_SYS_TIME 1
| #define STDC_HEADERS 1
| #define HAVE_SYS_TYPES_H 1
| #define HAVE_SYS_STAT_H 1
| #define HAVE_STDLIB_H 1
| #define HAVE_STRING_H 1
| #define HAVE_MEMORY_H 1
| #define HAVE_STRINGS_H 1
| #define HAVE_INTTYPES_H 1
| #define HAVE_STDINT_H 1
| #define HAVE_UNISTD_H 1
| #define HAVE_DLFCN_H 1
| #define LT_OBJDIR ".libs/"
| #define LT_MODULE_EXT ".so"
| #define LT_MODULE_PATH_VAR "LD_LIBRARY_PATH"
| #define LT_DLSEARCH_PATH "/lib:/usr/lib:/usr/lib/x86_64-linux-gnu/libfakeroot:/usr/local/lib:/usr/local/lib/x86_64-linux-gnu:/lib/x86_64-linux-gnu:/usr/lib/x86_64-linux-gnu"
| #define HAVE_LIBDL 1
| #define HAVE_DLERROR 1
| #define HAVE_LIBDLLOADER 1
| #define HAVE_ARGZ_H 1
| /* end confdefs.h.  */
| #if defined(HAVE_ARGZ_H)
| #  include <argz.h>
| #endif
| 
| int
| main ()
| {
| if (sizeof ((error_t)))
| 	    return 0;
|   ;
|   return 0;
| }
configure:12961: result: yes
configure:12987: checking for argz_add
configure:12987: gcc -o conftest -g -O2   conftest.c  >&5
configure:12987: $? = 0
configure:12987: result: yes
configure:12987: checking for argz_append
configure:12987: gcc -o conftest -g -O2   conftest.c  >&5
configure:12987: $? = 0
configure:12987: result: yes
configure:12987: checking for argz_count
configure:12987: gcc -o conftest -g -O2   conftest.c  >&5
configure:12987: $? = 0
configure:12987: result: yes
configure:12987: checking for argz_create_sep
configure:12987: gcc -o conftest -g -O2   conftest.c  >&5
configure:12987: $? = 0
configure:12987: result: yes
configure:12987: checking for argz_insert
configure:12987: gcc -o conftest -g -O2   conftest.c  >&5
configure:12987: $? = 0
configure:12987: result: yes
configure:12987: checking for argz_next
configure:12987: gcc -o conftest -g -O2   conftest.c  >&5
configure:12987: $? = 0
configure:12987: result: yes
configure:12987: checking for argz_stringify
configure:12987: gcc -o conftest -g -O2   conftest.c  >&5
configure:12987: $? = 0
configure:12987: result: yes
configure:13003: checking if argz actually works
configure:13034: result: yes
configure:13051: checking whether libtool supports -dlopen/-dlpreopen
configure:13063: result: yes
configure:13092: checking for ltdl.h
configure:13092: gcc -c -g -O2  conftest.c >&5
configure:13092: $? = 0
configure:13092: result: yes
configure:13096: checking whether lt_dlinterface_register is declared
configure:13096: gcc -c -g -O2  conftest.c >&5
configure:13096: $? = 0
configure:13096: result: yes
configure:13100: checking for lt_dladvise_preload in -lltdl
configure:13125: gcc -o conftest -g -O2   conftest.c -lltdl   >&5
configure:13125: $? = 0
configure:13134: result: yes
configure:13229: checking where to find libltdl headers
configure:13231: result: 
configure:13233: checking where to find libltdl library
configure:13235: result: -lltdl
configure:13283: checking for unistd.h
configure:13283: result: yes
configure:13283: checking for dl.h
configure:13283: gcc -c -g -O2  conftest.c >&5
conftest.c:75:10: fatal error: dl.h: No such file or directory
 #include <dl.h>
          ^~~~~~
compilation terminated.
configure:13283: $? = 1
configure: failed program was:
| /* confdefs.h */
| #define PACKAGE_NAME "SST Elements Library"
| #define PACKAGE_TARNAME "sst-elements-library"
| #define PACKAGE_VERSION "11.0.0"
| #define PACKAGE_STRING "SST Elements Library 11.0.0"
| #define PACKAGE_BUGREPORT "sst@sandia.gov"
| #define PACKAGE_URL ""
| #define TIME_WITH_SYS_TIME 1
| #define STDC_HEADERS 1
| #define HAVE_SYS_TYPES_H 1
| #define HAVE_SYS_STAT_H 1
| #define HAVE_STDLIB_H 1
| #define HAVE_STRING_H 1
| #define HAVE_MEMORY_H 1
| #define HAVE_STRINGS_H 1
| #define HAVE_INTTYPES_H 1
| #define HAVE_STDINT_H 1
| #define HAVE_UNISTD_H 1
| #define HAVE_DLFCN_H 1
| #define LT_OBJDIR ".libs/"
| #define LT_MODULE_EXT ".so"
| #define LT_MODULE_PATH_VAR "LD_LIBRARY_PATH"
| #define LT_DLSEARCH_PATH "/lib:/usr/lib:/usr/lib/x86_64-linux-gnu/libfakeroot:/usr/local/lib:/usr/local/lib/x86_64-linux-gnu:/lib/x86_64-linux-gnu:/usr/lib/x86_64-linux-gnu"
| #define HAVE_LIBDL 1
| #define HAVE_DLERROR 1
| #define HAVE_LIBDLLOADER 1
| #define HAVE_ARGZ_H 1
| #define HAVE_ERROR_T 1
| #define HAVE_ARGZ_ADD 1
| #define HAVE_ARGZ_APPEND 1
| #define HAVE_ARGZ_COUNT 1
| #define HAVE_ARGZ_CREATE_SEP 1
| #define HAVE_ARGZ_INSERT 1
| #define HAVE_ARGZ_NEXT 1
| #define HAVE_ARGZ_STRINGIFY 1
| #define HAVE_WORKING_ARGZ 1
| #define HAVE_PRELOADED_SYMBOLS 1
| #define HAVE_LTDL 1
| #define HAVE_UNISTD_H 1
| /* end confdefs.h.  */
| #include <stdio.h>
| #ifdef HAVE_SYS_TYPES_H
| # include <sys/types.h>
| #endif
| #ifdef HAVE_SYS_STAT_H
| # include <sys/stat.h>
| #endif
| #ifdef STDC_HEADERS
| # include <stdlib.h>
| # include <stddef.h>
| #else
| # ifdef HAVE_STDLIB_H
| #  include <stdlib.h>
| # endif
| #endif
| #ifdef HAVE_STRING_H
| # if !defined STDC_HEADERS && defined HAVE_MEMORY_H
| #  include <memory.h>
| # endif
| # include <string.h>
| #endif
| #ifdef HAVE_STRINGS_H
| # include <strings.h>
| #endif
| #ifdef HAVE_INTTYPES_H
| # include <inttypes.h>
| #endif
| #ifdef HAVE_STDINT_H
| # include <stdint.h>
| #endif
| #ifdef HAVE_UNISTD_H
| # include <unistd.h>
| #endif
| 
| #include <dl.h>
configure:13283: result: no
configure:13283: checking for sys/dl.h
configure:13283: gcc -c -g -O2  conftest.c >&5
conftest.c:75:10: fatal error: sys/dl.h: No such file or directory
 #include <sys/dl.h>
          ^~~~~~~~~~
compilation terminated.
configure:13283: $? = 1
configure: failed program was:
| /* confdefs.h */
| #define PACKAGE_NAME "SST Elements Library"
| #define PACKAGE_TARNAME "sst-elements-library"
| #define PACKAGE_VERSION "11.0.0"
| #define PACKAGE_STRING "SST Elements Library 11.0.0"
| #define PACKAGE_BUGREPORT "sst@sandia.gov"
| #define PACKAGE_URL ""
| #define TIME_WITH_SYS_TIME 1
| #define STDC_HEADERS 1
| #define HAVE_SYS_TYPES_H 1
| #define HAVE_SYS_STAT_H 1
| #define HAVE_STDLIB_H 1
| #define HAVE_STRING_H 1
| #define HAVE_MEMORY_H 1
| #define HAVE_STRINGS_H 1
| #define HAVE_INTTYPES_H 1
| #define HAVE_STDINT_H 1
| #define HAVE_UNISTD_H 1
| #define HAVE_DLFCN_H 1
| #define LT_OBJDIR ".libs/"
| #define LT_MODULE_EXT ".so"
| #define LT_MODULE_PATH_VAR "LD_LIBRARY_PATH"
| #define LT_DLSEARCH_PATH "/lib:/usr/lib:/usr/lib/x86_64-linux-gnu/libfakeroot:/usr/local/lib:/usr/local/lib/x86_64-linux-gnu:/lib/x86_64-linux-gnu:/usr/lib/x86_64-linux-gnu"
| #define HAVE_LIBDL 1
| #define HAVE_DLERROR 1
| #define HAVE_LIBDLLOADER 1
| #define HAVE_ARGZ_H 1
| #define HAVE_ERROR_T 1
| #define HAVE_ARGZ_ADD 1
| #define HAVE_ARGZ_APPEND 1
| #define HAVE_ARGZ_COUNT 1
| #define HAVE_ARGZ_CREATE_SEP 1
| #define HAVE_ARGZ_INSERT 1
| #define HAVE_ARGZ_NEXT 1
| #define HAVE_ARGZ_STRINGIFY 1
| #define HAVE_WORKING_ARGZ 1
| #define HAVE_PRELOADED_SYMBOLS 1
| #define HAVE_LTDL 1
| #define HAVE_UNISTD_H 1
| /* end confdefs.h.  */
| #include <stdio.h>
| #ifdef HAVE_SYS_TYPES_H
| # include <sys/types.h>
| #endif
| #ifdef HAVE_SYS_STAT_H
| # include <sys/stat.h>
| #endif
| #ifdef STDC_HEADERS
| # include <stdlib.h>
| # include <stddef.h>
| #else
| # ifdef HAVE_STDLIB_H
| #  include <stdlib.h>
| # endif
| #endif
| #ifdef HAVE_STRING_H
| # if !defined STDC_HEADERS && defined HAVE_MEMORY_H
| #  include <memory.h>
| # endif
| # include <string.h>
| #endif
| #ifdef HAVE_STRINGS_H
| # include <strings.h>
| #endif
| #ifdef HAVE_INTTYPES_H
| # include <inttypes.h>
| #endif
| #ifdef HAVE_STDINT_H
| # include <stdint.h>
| #endif
| #ifdef HAVE_UNISTD_H
| # include <unistd.h>
| #endif
| 
| #include <sys/dl.h>
configure:13283: result: no
configure:13283: checking for dld.h
configure:13283: gcc -c -g -O2  conftest.c >&5
conftest.c:75:10: fatal error: dld.h: No such file or directory
 #include <dld.h>
          ^~~~~~~
compilation terminated.
configure:13283: $? = 1
configure: failed program was:
| /* confdefs.h */
| #define PACKAGE_NAME "SST Elements Library"
| #define PACKAGE_TARNAME "sst-elements-library"
| #define PACKAGE_VERSION "11.0.0"
| #define PACKAGE_STRING "SST Elements Library 11.0.0"
| #define PACKAGE_BUGREPORT "sst@sandia.gov"
| #define PACKAGE_URL ""
| #define TIME_WITH_SYS_TIME 1
| #define STDC_HEADERS 1
| #define HAVE_SYS_TYPES_H 1
| #define HAVE_SYS_STAT_H 1
| #define HAVE_STDLIB_H 1
| #define HAVE_STRING_H 1
| #define HAVE_MEMORY_H 1
| #define HAVE_STRINGS_H 1
| #define HAVE_INTTYPES_H 1
| #define HAVE_STDINT_H 1
| #define HAVE_UNISTD_H 1
| #define HAVE_DLFCN_H 1
| #define LT_OBJDIR ".libs/"
| #define LT_MODULE_EXT ".so"
| #define LT_MODULE_PATH_VAR "LD_LIBRARY_PATH"
| #define LT_DLSEARCH_PATH "/lib:/usr/lib:/usr/lib/x86_64-linux-gnu/libfakeroot:/usr/local/lib:/usr/local/lib/x86_64-linux-gnu:/lib/x86_64-linux-gnu:/usr/lib/x86_64-linux-gnu"
| #define HAVE_LIBDL 1
| #define HAVE_DLERROR 1
| #define HAVE_LIBDLLOADER 1
| #define HAVE_ARGZ_H 1
| #define HAVE_ERROR_T 1
| #define HAVE_ARGZ_ADD 1
| #define HAVE_ARGZ_APPEND 1
| #define HAVE_ARGZ_COUNT 1
| #define HAVE_ARGZ_CREATE_SEP 1
| #define HAVE_ARGZ_INSERT 1
| #define HAVE_ARGZ_NEXT 1
| #define HAVE_ARGZ_STRINGIFY 1
| #define HAVE_WORKING_ARGZ 1
| #define HAVE_PRELOADED_SYMBOLS 1
| #define HAVE_LTDL 1
| #define HAVE_UNISTD_H 1
| /* end confdefs.h.  */
| #include <stdio.h>
| #ifdef HAVE_SYS_TYPES_H
| # include <sys/types.h>
| #endif
| #ifdef HAVE_SYS_STAT_H
| # include <sys/stat.h>
| #endif
| #ifdef STDC_HEADERS
| # include <stdlib.h>
| # include <stddef.h>
| #else
| # ifdef HAVE_STDLIB_H
| #  include <stdlib.h>
| # endif
| #endif
| #ifdef HAVE_STRING_H
| # if !defined STDC_HEADERS && defined HAVE_MEMORY_H
| #  include <memory.h>
| # endif
| # include <string.h>
| #endif
| #ifdef HAVE_STRINGS_H
| # include <strings.h>
| #endif
| #ifdef HAVE_INTTYPES_H
| # include <inttypes.h>
| #endif
| #ifdef HAVE_STDINT_H
| # include <stdint.h>
| #endif
| #ifdef HAVE_UNISTD_H
| # include <unistd.h>
| #endif
| 
| #include <dld.h>
configure:13283: result: no
configure:13283: checking for mach-o/dyld.h
configure:13283: gcc -c -g -O2  conftest.c >&5
conftest.c:75:10: fatal error: mach-o/dyld.h: No such file or directory
 #include <mach-o/dyld.h>
          ^~~~~~~~~~~~~~~
compilation terminated.
configure:13283: $? = 1
configure: failed program was:
| /* confdefs.h */
| #define PACKAGE_NAME "SST Elements Library"
| #define PACKAGE_TARNAME "sst-elements-library"
| #define PACKAGE_VERSION "11.0.0"
| #define PACKAGE_STRING "SST Elements Library 11.0.0"
| #define PACKAGE_BUGREPORT "sst@sandia.gov"
| #define PACKAGE_URL ""
| #define TIME_WITH_SYS_TIME 1
| #define STDC_HEADERS 1
| #define HAVE_SYS_TYPES_H 1
| #define HAVE_SYS_STAT_H 1
| #define HAVE_STDLIB_H 1
| #define HAVE_STRING_H 1
| #define HAVE_MEMORY_H 1
| #define HAVE_STRINGS_H 1
| #define HAVE_INTTYPES_H 1
| #define HAVE_STDINT_H 1
| #define HAVE_UNISTD_H 1
| #define HAVE_DLFCN_H 1
| #define LT_OBJDIR ".libs/"
| #define LT_MODULE_EXT ".so"
| #define LT_MODULE_PATH_VAR "LD_LIBRARY_PATH"
| #define LT_DLSEARCH_PATH "/lib:/usr/lib:/usr/lib/x86_64-linux-gnu/libfakeroot:/usr/local/lib:/usr/local/lib/x86_64-linux-gnu:/lib/x86_64-linux-gnu:/usr/lib/x86_64-linux-gnu"
| #define HAVE_LIBDL 1
| #define HAVE_DLERROR 1
| #define HAVE_LIBDLLOADER 1
| #define HAVE_ARGZ_H 1
| #define HAVE_ERROR_T 1
| #define HAVE_ARGZ_ADD 1
| #define HAVE_ARGZ_APPEND 1
| #define HAVE_ARGZ_COUNT 1
| #define HAVE_ARGZ_CREATE_SEP 1
| #define HAVE_ARGZ_INSERT 1
| #define HAVE_ARGZ_NEXT 1
| #define HAVE_ARGZ_STRINGIFY 1
| #define HAVE_WORKING_ARGZ 1
| #define HAVE_PRELOADED_SYMBOLS 1
| #define HAVE_LTDL 1
| #define HAVE_UNISTD_H 1
| /* end confdefs.h.  */
| #include <stdio.h>
| #ifdef HAVE_SYS_TYPES_H
| # include <sys/types.h>
| #endif
| #ifdef HAVE_SYS_STAT_H
| # include <sys/stat.h>
| #endif
| #ifdef STDC_HEADERS
| # include <stdlib.h>
| # include <stddef.h>
| #else
| # ifdef HAVE_STDLIB_H
| #  include <stdlib.h>
| # endif
| #endif
| #ifdef HAVE_STRING_H
| # if !defined STDC_HEADERS && defined HAVE_MEMORY_H
| #  include <memory.h>
| # endif
| # include <string.h>
| #endif
| #ifdef HAVE_STRINGS_H
| # include <strings.h>
| #endif
| #ifdef HAVE_INTTYPES_H
| # include <inttypes.h>
| #endif
| #ifdef HAVE_STDINT_H
| # include <stdint.h>
| #endif
| #ifdef HAVE_UNISTD_H
| # include <unistd.h>
| #endif
| 
| #include <mach-o/dyld.h>
configure:13283: result: no
configure:13283: checking for dirent.h
configure:13283: gcc -c -g -O2  conftest.c >&5
configure:13283: $? = 0
configure:13283: result: yes
configure:13298: checking for closedir
configure:13298: gcc -o conftest -g -O2   conftest.c  >&5
configure:13298: $? = 0
configure:13298: result: yes
configure:13298: checking for opendir
configure:13298: gcc -o conftest -g -O2   conftest.c  >&5
configure:13298: $? = 0
configure:13298: result: yes
configure:13298: checking for readdir
configure:13298: gcc -o conftest -g -O2   conftest.c  >&5
configure:13298: $? = 0
configure:13298: result: yes
configure:13315: checking for strlcat
configure:13315: gcc -o conftest -g -O2   conftest.c  >&5
/usr/bin/ld: /tmp/ccExX9XK.o: in function `main':
/home/xianwei/scratch/src/sst-elements-library-11.0.0/conftest.c:79: undefined reference to `strlcat'
collect2: error: ld returned 1 exit status
configure:13315: $? = 1
configure: failed program was:
| /* confdefs.h */
| #define PACKAGE_NAME "SST Elements Library"
| #define PACKAGE_TARNAME "sst-elements-library"
| #define PACKAGE_VERSION "11.0.0"
| #define PACKAGE_STRING "SST Elements Library 11.0.0"
| #define PACKAGE_BUGREPORT "sst@sandia.gov"
| #define PACKAGE_URL ""
| #define TIME_WITH_SYS_TIME 1
| #define STDC_HEADERS 1
| #define HAVE_SYS_TYPES_H 1
| #define HAVE_SYS_STAT_H 1
| #define HAVE_STDLIB_H 1
| #define HAVE_STRING_H 1
| #define HAVE_MEMORY_H 1
| #define HAVE_STRINGS_H 1
| #define HAVE_INTTYPES_H 1
| #define HAVE_STDINT_H 1
| #define HAVE_UNISTD_H 1
| #define HAVE_DLFCN_H 1
| #define LT_OBJDIR ".libs/"
| #define LT_MODULE_EXT ".so"
| #define LT_MODULE_PATH_VAR "LD_LIBRARY_PATH"
| #define LT_DLSEARCH_PATH "/lib:/usr/lib:/usr/lib/x86_64-linux-gnu/libfakeroot:/usr/local/lib:/usr/local/lib/x86_64-linux-gnu:/lib/x86_64-linux-gnu:/usr/lib/x86_64-linux-gnu"
| #define HAVE_LIBDL 1
| #define HAVE_DLERROR 1
| #define HAVE_LIBDLLOADER 1
| #define HAVE_ARGZ_H 1
| #define HAVE_ERROR_T 1
| #define HAVE_ARGZ_ADD 1
| #define HAVE_ARGZ_APPEND 1
| #define HAVE_ARGZ_COUNT 1
| #define HAVE_ARGZ_CREATE_SEP 1
| #define HAVE_ARGZ_INSERT 1
| #define HAVE_ARGZ_NEXT 1
| #define HAVE_ARGZ_STRINGIFY 1
| #define HAVE_WORKING_ARGZ 1
| #define HAVE_PRELOADED_SYMBOLS 1
| #define HAVE_LTDL 1
| #define HAVE_UNISTD_H 1
| #define HAVE_DIRENT_H 1
| #define HAVE_CLOSEDIR 1
| #define HAVE_OPENDIR 1
| #define HAVE_READDIR 1
| /* end confdefs.h.  */
| /* Define strlcat to an innocuous variant, in case <limits.h> declares strlcat.
|    For example, HP-UX 11i <limits.h> declares gettimeofday.  */
| #define strlcat innocuous_strlcat
| 
| /* System header to define __stub macros and hopefully few prototypes,
|     which can conflict with char strlcat (); below.
|     Prefer <limits.h> to <assert.h> if __STDC__ is defined, since
|     <limits.h> exists even on freestanding compilers.  */
| 
| #ifdef __STDC__
| # include <limits.h>
| #else
| # include <assert.h>
| #endif
| 
| #undef strlcat
| 
| /* Override any GCC internal prototype to avoid an error.
|    Use char because int might match the return type of a GCC
|    builtin and then its argument prototype would still apply.  */
| #ifdef __cplusplus
| extern "C"
| #endif
| char strlcat ();
| /* The GNU C library defines this for functions which it implements
|     to always fail with ENOSYS.  Some functions are actually named
|     something starting with __ and the normal name is an alias.  */
| #if defined __stub_strlcat || defined __stub___strlcat
| choke me
| #endif
| 
| int
| main ()
| {
| return strlcat ();
|   ;
|   return 0;
| }
configure:13315: result: no
configure:13315: checking for strlcpy
configure:13315: gcc -o conftest -g -O2   conftest.c  >&5
/usr/bin/ld: /tmp/ccSFmGvQ.o: in function `main':
/home/xianwei/scratch/src/sst-elements-library-11.0.0/conftest.c:79: undefined reference to `strlcpy'
collect2: error: ld returned 1 exit status
configure:13315: $? = 1
configure: failed program was:
| /* confdefs.h */
| #define PACKAGE_NAME "SST Elements Library"
| #define PACKAGE_TARNAME "sst-elements-library"
| #define PACKAGE_VERSION "11.0.0"
| #define PACKAGE_STRING "SST Elements Library 11.0.0"
| #define PACKAGE_BUGREPORT "sst@sandia.gov"
| #define PACKAGE_URL ""
| #define TIME_WITH_SYS_TIME 1
| #define STDC_HEADERS 1
| #define HAVE_SYS_TYPES_H 1
| #define HAVE_SYS_STAT_H 1
| #define HAVE_STDLIB_H 1
| #define HAVE_STRING_H 1
| #define HAVE_MEMORY_H 1
| #define HAVE_STRINGS_H 1
| #define HAVE_INTTYPES_H 1
| #define HAVE_STDINT_H 1
| #define HAVE_UNISTD_H 1
| #define HAVE_DLFCN_H 1
| #define LT_OBJDIR ".libs/"
| #define LT_MODULE_EXT ".so"
| #define LT_MODULE_PATH_VAR "LD_LIBRARY_PATH"
| #define LT_DLSEARCH_PATH "/lib:/usr/lib:/usr/lib/x86_64-linux-gnu/libfakeroot:/usr/local/lib:/usr/local/lib/x86_64-linux-gnu:/lib/x86_64-linux-gnu:/usr/lib/x86_64-linux-gnu"
| #define HAVE_LIBDL 1
| #define HAVE_DLERROR 1
| #define HAVE_LIBDLLOADER 1
| #define HAVE_ARGZ_H 1
| #define HAVE_ERROR_T 1
| #define HAVE_ARGZ_ADD 1
| #define HAVE_ARGZ_APPEND 1
| #define HAVE_ARGZ_COUNT 1
| #define HAVE_ARGZ_CREATE_SEP 1
| #define HAVE_ARGZ_INSERT 1
| #define HAVE_ARGZ_NEXT 1
| #define HAVE_ARGZ_STRINGIFY 1
| #define HAVE_WORKING_ARGZ 1
| #define HAVE_PRELOADED_SYMBOLS 1
| #define HAVE_LTDL 1
| #define HAVE_UNISTD_H 1
| #define HAVE_DIRENT_H 1
| #define HAVE_CLOSEDIR 1
| #define HAVE_OPENDIR 1
| #define HAVE_READDIR 1
| /* end confdefs.h.  */
| /* Define strlcpy to an innocuous variant, in case <limits.h> declares strlcpy.
|    For example, HP-UX 11i <limits.h> declares gettimeofday.  */
| #define strlcpy innocuous_strlcpy
| 
| /* System header to define __stub macros and hopefully few prototypes,
|     which can conflict with char strlcpy (); below.
|     Prefer <limits.h> to <assert.h> if __STDC__ is defined, since
|     <limits.h> exists even on freestanding compilers.  */
| 
| #ifdef __STDC__
| # include <limits.h>
| #else
| # include <assert.h>
| #endif
| 
| #undef strlcpy
| 
| /* Override any GCC internal prototype to avoid an error.
|    Use char because int might match the return type of a GCC
|    builtin and then its argument prototype would still apply.  */
| #ifdef __cplusplus
| extern "C"
| #endif
| char strlcpy ();
| /* The GNU C library defines this for functions which it implements
|     to always fail with ENOSYS.  Some functions are actually named
|     something starting with __ and the normal name is an alias.  */
| #if defined __stub_strlcpy || defined __stub___strlcpy
| choke me
| #endif
| 
| int
| main ()
| {
| return strlcpy ();
|   ;
|   return 0;
| }
configure:13315: result: no
configure:13358: checking whether time.h and sys/time.h may both be included
configure:13385: result: yes
configure:13487: --with-sst-core check = good 1
configure:13494: --with-sst-core check = good 2
configure:13500: checking for sst-config
configure:13518: found /home/xianwei/local/sstcore-11.0.0/bin/sst-config
configure:13530: result: /home/xianwei/local/sstcore-11.0.0/bin/sst-config
configure:13539: checking for sst-config tool available
configure:13542: result: found /home/xianwei/local/sstcore-11.0.0/bin/sst-config
configure:13550: checking for sst-register
configure:13568: found /home/xianwei/local/sstcore-11.0.0/bin/sst-register
configure:13580: result: /home/xianwei/local/sstcore-11.0.0/bin/sst-register
configure:13589: checking for sst-register tool available
configure:13592: result: found /home/xianwei/local/sstcore-11.0.0/bin/sst-register
configure:13643: checking for Mac OSX
configure:13669: result: no
configure:13720: checking NVDIMM.h usability
configure:13720: g++ -c -g -O2  -std=c++1y -D__STDC_FORMAT_MACROS   -I/usr/include/python3.7m -I/usr/include/python3.7m  -I/home/xianwei/local/sstcore-11.0.0/include/sst/core -I/home/xianwei/local/sstcore-11.0.0/include conftest.cpp >&5
conftest.cpp:81:10: fatal error: NVDIMM.h: No such file or directory
 #include <NVDIMM.h>
          ^~~~~~~~~~
compilation terminated.
configure:13720: $? = 1
configure: failed program was:
| /* confdefs.h */
| #define PACKAGE_NAME "SST Elements Library"
| #define PACKAGE_TARNAME "sst-elements-library"
| #define PACKAGE_VERSION "11.0.0"
| #define PACKAGE_STRING "SST Elements Library 11.0.0"
| #define PACKAGE_BUGREPORT "sst@sandia.gov"
| #define PACKAGE_URL ""
| #define TIME_WITH_SYS_TIME 1
| #define STDC_HEADERS 1
| #define HAVE_SYS_TYPES_H 1
| #define HAVE_SYS_STAT_H 1
| #define HAVE_STDLIB_H 1
| #define HAVE_STRING_H 1
| #define HAVE_MEMORY_H 1
| #define HAVE_STRINGS_H 1
| #define HAVE_INTTYPES_H 1
| #define HAVE_STDINT_H 1
| #define HAVE_UNISTD_H 1
| #define HAVE_DLFCN_H 1
| #define LT_OBJDIR ".libs/"
| #define LT_MODULE_EXT ".so"
| #define LT_MODULE_PATH_VAR "LD_LIBRARY_PATH"
| #define LT_DLSEARCH_PATH "/lib:/usr/lib:/usr/lib/x86_64-linux-gnu/libfakeroot:/usr/local/lib:/usr/local/lib/x86_64-linux-gnu:/lib/x86_64-linux-gnu:/usr/lib/x86_64-linux-gnu"
| #define HAVE_LIBDL 1
| #define HAVE_DLERROR 1
| #define HAVE_LIBDLLOADER 1
| #define HAVE_ARGZ_H 1
| #define HAVE_ERROR_T 1
| #define HAVE_ARGZ_ADD 1
| #define HAVE_ARGZ_APPEND 1
| #define HAVE_ARGZ_COUNT 1
| #define HAVE_ARGZ_CREATE_SEP 1
| #define HAVE_ARGZ_INSERT 1
| #define HAVE_ARGZ_NEXT 1
| #define HAVE_ARGZ_STRINGIFY 1
| #define HAVE_WORKING_ARGZ 1
| #define HAVE_PRELOADED_SYMBOLS 1
| #define HAVE_LTDL 1
| #define HAVE_UNISTD_H 1
| #define HAVE_DIRENT_H 1
| #define HAVE_CLOSEDIR 1
| #define HAVE_OPENDIR 1
| #define HAVE_READDIR 1
| #define LT_LIBEXT "a"
| #define LT_LIBPREFIX "lib"
| #define TIME_WITH_SYS_TIME 1
| /* end confdefs.h.  */
| #include <stdio.h>
| #ifdef HAVE_SYS_TYPES_H
| # include <sys/types.h>
| #endif
| #ifdef HAVE_SYS_STAT_H
| # include <sys/stat.h>
| #endif
| #ifdef STDC_HEADERS
| # include <stdlib.h>
| # include <stddef.h>
| #else
| # ifdef HAVE_STDLIB_H
| #  include <stdlib.h>
| # endif
| #endif
| #ifdef HAVE_STRING_H
| # if !defined STDC_HEADERS && defined HAVE_MEMORY_H
| #  include <memory.h>
| # endif
| # include <string.h>
| #endif
| #ifdef HAVE_STRINGS_H
| # include <strings.h>
| #endif
| #ifdef HAVE_INTTYPES_H
| # include <inttypes.h>
| #endif
| #ifdef HAVE_STDINT_H
| # include <stdint.h>
| #endif
| #ifdef HAVE_UNISTD_H
| # include <unistd.h>
| #endif
| #include <NVDIMM.h>
configure:13720: result: no
configure:13720: checking NVDIMM.h presence
configure:13720: g++ -E   -I/usr/include/python3.7m -I/usr/include/python3.7m  -I/home/xianwei/local/sstcore-11.0.0/include/sst/core -I/home/xianwei/local/sstcore-11.0.0/include conftest.cpp
conftest.cpp:48:10: fatal error: NVDIMM.h: No such file or directory
 #include <NVDIMM.h>
          ^~~~~~~~~~
compilation terminated.
configure:13720: $? = 1
configure: failed program was:
| /* confdefs.h */
| #define PACKAGE_NAME "SST Elements Library"
| #define PACKAGE_TARNAME "sst-elements-library"
| #define PACKAGE_VERSION "11.0.0"
| #define PACKAGE_STRING "SST Elements Library 11.0.0"
| #define PACKAGE_BUGREPORT "sst@sandia.gov"
| #define PACKAGE_URL ""
| #define TIME_WITH_SYS_TIME 1
| #define STDC_HEADERS 1
| #define HAVE_SYS_TYPES_H 1
| #define HAVE_SYS_STAT_H 1
| #define HAVE_STDLIB_H 1
| #define HAVE_STRING_H 1
| #define HAVE_MEMORY_H 1
| #define HAVE_STRINGS_H 1
| #define HAVE_INTTYPES_H 1
| #define HAVE_STDINT_H 1
| #define HAVE_UNISTD_H 1
| #define HAVE_DLFCN_H 1
| #define LT_OBJDIR ".libs/"
| #define LT_MODULE_EXT ".so"
| #define LT_MODULE_PATH_VAR "LD_LIBRARY_PATH"
| #define LT_DLSEARCH_PATH "/lib:/usr/lib:/usr/lib/x86_64-linux-gnu/libfakeroot:/usr/local/lib:/usr/local/lib/x86_64-linux-gnu:/lib/x86_64-linux-gnu:/usr/lib/x86_64-linux-gnu"
| #define HAVE_LIBDL 1
| #define HAVE_DLERROR 1
| #define HAVE_LIBDLLOADER 1
| #define HAVE_ARGZ_H 1
| #define HAVE_ERROR_T 1
| #define HAVE_ARGZ_ADD 1
| #define HAVE_ARGZ_APPEND 1
| #define HAVE_ARGZ_COUNT 1
| #define HAVE_ARGZ_CREATE_SEP 1
| #define HAVE_ARGZ_INSERT 1
| #define HAVE_ARGZ_NEXT 1
| #define HAVE_ARGZ_STRINGIFY 1
| #define HAVE_WORKING_ARGZ 1
| #define HAVE_PRELOADED_SYMBOLS 1
| #define HAVE_LTDL 1
| #define HAVE_UNISTD_H 1
| #define HAVE_DIRENT_H 1
| #define HAVE_CLOSEDIR 1
| #define HAVE_OPENDIR 1
| #define HAVE_READDIR 1
| #define LT_LIBEXT "a"
| #define LT_LIBPREFIX "lib"
| #define TIME_WITH_SYS_TIME 1
| /* end confdefs.h.  */
| #include <NVDIMM.h>
configure:13720: result: no
configure:13720: checking for NVDIMM.h
configure:13720: result: no
configure:13732: checking for main in -lnvdsim
configure:13751: g++ -o conftest -g -O2  -std=c++1y -D__STDC_FORMAT_MACROS   -I/usr/include/python3.7m -I/usr/include/python3.7m  -I/home/xianwei/local/sstcore-11.0.0/include/sst/core -I/home/xianwei/local/sstcore-11.0.0/include    -L/usr/lib/python3.7/config-3.7m-x86_64-linux-gnu -L/usr/lib -lpython3.7m -lcrypt -lpthread -ldl  -lutil -lm  -Xlinker -export-dynamic -Wl,-O1 -Wl,-Bsymbolic-functions conftest.cpp -lnvdsim     >&5
/usr/bin/ld: cannot find -lnvdsim
collect2: error: ld returned 1 exit status
configure:13751: $? = 1
configure: failed program was:
| /* confdefs.h */
| #define PACKAGE_NAME "SST Elements Library"
| #define PACKAGE_TARNAME "sst-elements-library"
| #define PACKAGE_VERSION "11.0.0"
| #define PACKAGE_STRING "SST Elements Library 11.0.0"
| #define PACKAGE_BUGREPORT "sst@sandia.gov"
| #define PACKAGE_URL ""
| #define TIME_WITH_SYS_TIME 1
| #define STDC_HEADERS 1
| #define HAVE_SYS_TYPES_H 1
| #define HAVE_SYS_STAT_H 1
| #define HAVE_STDLIB_H 1
| #define HAVE_STRING_H 1
| #define HAVE_MEMORY_H 1
| #define HAVE_STRINGS_H 1
| #define HAVE_INTTYPES_H 1
| #define HAVE_STDINT_H 1
| #define HAVE_UNISTD_H 1
| #define HAVE_DLFCN_H 1
| #define LT_OBJDIR ".libs/"
| #define LT_MODULE_EXT ".so"
| #define LT_MODULE_PATH_VAR "LD_LIBRARY_PATH"
| #define LT_DLSEARCH_PATH "/lib:/usr/lib:/usr/lib/x86_64-linux-gnu/libfakeroot:/usr/local/lib:/usr/local/lib/x86_64-linux-gnu:/lib/x86_64-linux-gnu:/usr/lib/x86_64-linux-gnu"
| #define HAVE_LIBDL 1
| #define HAVE_DLERROR 1
| #define HAVE_LIBDLLOADER 1
| #define HAVE_ARGZ_H 1
| #define HAVE_ERROR_T 1
| #define HAVE_ARGZ_ADD 1
| #define HAVE_ARGZ_APPEND 1
| #define HAVE_ARGZ_COUNT 1
| #define HAVE_ARGZ_CREATE_SEP 1
| #define HAVE_ARGZ_INSERT 1
| #define HAVE_ARGZ_NEXT 1
| #define HAVE_ARGZ_STRINGIFY 1
| #define HAVE_WORKING_ARGZ 1
| #define HAVE_PRELOADED_SYMBOLS 1
| #define HAVE_LTDL 1
| #define HAVE_UNISTD_H 1
| #define HAVE_DIRENT_H 1
| #define HAVE_CLOSEDIR 1
| #define HAVE_OPENDIR 1
| #define HAVE_READDIR 1
| #define LT_LIBEXT "a"
| #define LT_LIBPREFIX "lib"
| #define TIME_WITH_SYS_TIME 1
| /* end confdefs.h.  */
| 
| 
| int
| main ()
| {
| return main ();
|   ;
|   return 0;
| }
configure:13760: result: no
configure:13887: checking Vault.h usability
configure:13887: g++ -c -g -O2  -std=c++1y -D__STDC_FORMAT_MACROS   -I/usr/include/python3.7m -I/usr/include/python3.7m  -I/home/xianwei/local/sstcore-11.0.0/include/sst/core -I/home/xianwei/local/sstcore-11.0.0/include conftest.cpp >&5
conftest.cpp:82:10: fatal error: Vault.h: No such file or directory
 #include <Vault.h>
          ^~~~~~~~~
compilation terminated.
configure:13887: $? = 1
configure: failed program was:
| /* confdefs.h */
| #define PACKAGE_NAME "SST Elements Library"
| #define PACKAGE_TARNAME "sst-elements-library"
| #define PACKAGE_VERSION "11.0.0"
| #define PACKAGE_STRING "SST Elements Library 11.0.0"
| #define PACKAGE_BUGREPORT "sst@sandia.gov"
| #define PACKAGE_URL ""
| #define TIME_WITH_SYS_TIME 1
| #define STDC_HEADERS 1
| #define HAVE_SYS_TYPES_H 1
| #define HAVE_SYS_STAT_H 1
| #define HAVE_STDLIB_H 1
| #define HAVE_STRING_H 1
| #define HAVE_MEMORY_H 1
| #define HAVE_STRINGS_H 1
| #define HAVE_INTTYPES_H 1
| #define HAVE_STDINT_H 1
| #define HAVE_UNISTD_H 1
| #define HAVE_DLFCN_H 1
| #define LT_OBJDIR ".libs/"
| #define LT_MODULE_EXT ".so"
| #define LT_MODULE_PATH_VAR "LD_LIBRARY_PATH"
| #define LT_DLSEARCH_PATH "/lib:/usr/lib:/usr/lib/x86_64-linux-gnu/libfakeroot:/usr/local/lib:/usr/local/lib/x86_64-linux-gnu:/lib/x86_64-linux-gnu:/usr/lib/x86_64-linux-gnu"
| #define HAVE_LIBDL 1
| #define HAVE_DLERROR 1
| #define HAVE_LIBDLLOADER 1
| #define HAVE_ARGZ_H 1
| #define HAVE_ERROR_T 1
| #define HAVE_ARGZ_ADD 1
| #define HAVE_ARGZ_APPEND 1
| #define HAVE_ARGZ_COUNT 1
| #define HAVE_ARGZ_CREATE_SEP 1
| #define HAVE_ARGZ_INSERT 1
| #define HAVE_ARGZ_NEXT 1
| #define HAVE_ARGZ_STRINGIFY 1
| #define HAVE_WORKING_ARGZ 1
| #define HAVE_PRELOADED_SYMBOLS 1
| #define HAVE_LTDL 1
| #define HAVE_UNISTD_H 1
| #define HAVE_DIRENT_H 1
| #define HAVE_CLOSEDIR 1
| #define HAVE_OPENDIR 1
| #define HAVE_READDIR 1
| #define LT_LIBEXT "a"
| #define LT_LIBPREFIX "lib"
| #define TIME_WITH_SYS_TIME 1
| #define NVDIMMSIM_LIBDIR ""
| /* end confdefs.h.  */
| #include <stdio.h>
| #ifdef HAVE_SYS_TYPES_H
| # include <sys/types.h>
| #endif
| #ifdef HAVE_SYS_STAT_H
| # include <sys/stat.h>
| #endif
| #ifdef STDC_HEADERS
| # include <stdlib.h>
| # include <stddef.h>
| #else
| # ifdef HAVE_STDLIB_H
| #  include <stdlib.h>
| # endif
| #endif
| #ifdef HAVE_STRING_H
| # if !defined STDC_HEADERS && defined HAVE_MEMORY_H
| #  include <memory.h>
| # endif
| # include <string.h>
| #endif
| #ifdef HAVE_STRINGS_H
| # include <strings.h>
| #endif
| #ifdef HAVE_INTTYPES_H
| # include <inttypes.h>
| #endif
| #ifdef HAVE_STDINT_H
| # include <stdint.h>
| #endif
| #ifdef HAVE_UNISTD_H
| # include <unistd.h>
| #endif
| #include <Vault.h>
configure:13887: result: no
configure:13887: checking Vault.h presence
configure:13887: g++ -E   -I/usr/include/python3.7m -I/usr/include/python3.7m  -I/home/xianwei/local/sstcore-11.0.0/include/sst/core -I/home/xianwei/local/sstcore-11.0.0/include conftest.cpp
conftest.cpp:49:10: fatal error: Vault.h: No such file or directory
 #include <Vault.h>
          ^~~~~~~~~
compilation terminated.
configure:13887: $? = 1
configure: failed program was:
| /* confdefs.h */
| #define PACKAGE_NAME "SST Elements Library"
| #define PACKAGE_TARNAME "sst-elements-library"
| #define PACKAGE_VERSION "11.0.0"
| #define PACKAGE_STRING "SST Elements Library 11.0.0"
| #define PACKAGE_BUGREPORT "sst@sandia.gov"
| #define PACKAGE_URL ""
| #define TIME_WITH_SYS_TIME 1
| #define STDC_HEADERS 1
| #define HAVE_SYS_TYPES_H 1
| #define HAVE_SYS_STAT_H 1
| #define HAVE_STDLIB_H 1
| #define HAVE_STRING_H 1
| #define HAVE_MEMORY_H 1
| #define HAVE_STRINGS_H 1
| #define HAVE_INTTYPES_H 1
| #define HAVE_STDINT_H 1
| #define HAVE_UNISTD_H 1
| #define HAVE_DLFCN_H 1
| #define LT_OBJDIR ".libs/"
| #define LT_MODULE_EXT ".so"
| #define LT_MODULE_PATH_VAR "LD_LIBRARY_PATH"
| #define LT_DLSEARCH_PATH "/lib:/usr/lib:/usr/lib/x86_64-linux-gnu/libfakeroot:/usr/local/lib:/usr/local/lib/x86_64-linux-gnu:/lib/x86_64-linux-gnu:/usr/lib/x86_64-linux-gnu"
| #define HAVE_LIBDL 1
| #define HAVE_DLERROR 1
| #define HAVE_LIBDLLOADER 1
| #define HAVE_ARGZ_H 1
| #define HAVE_ERROR_T 1
| #define HAVE_ARGZ_ADD 1
| #define HAVE_ARGZ_APPEND 1
| #define HAVE_ARGZ_COUNT 1
| #define HAVE_ARGZ_CREATE_SEP 1
| #define HAVE_ARGZ_INSERT 1
| #define HAVE_ARGZ_NEXT 1
| #define HAVE_ARGZ_STRINGIFY 1
| #define HAVE_WORKING_ARGZ 1
| #define HAVE_PRELOADED_SYMBOLS 1
| #define HAVE_LTDL 1
| #define HAVE_UNISTD_H 1
| #define HAVE_DIRENT_H 1
| #define HAVE_CLOSEDIR 1
| #define HAVE_OPENDIR 1
| #define HAVE_READDIR 1
| #define LT_LIBEXT "a"
| #define LT_LIBPREFIX "lib"
| #define TIME_WITH_SYS_TIME 1
| #define NVDIMMSIM_LIBDIR ""
| /* end confdefs.h.  */
| #include <Vault.h>
configure:13887: result: no
configure:13887: checking for Vault.h
configure:13887: result: no
configure:13899: checking for vault_is_present in -lphx
configure:13924: g++ -o conftest -g -O2  -std=c++1y -D__STDC_FORMAT_MACROS   -I/usr/include/python3.7m -I/usr/include/python3.7m  -I/home/xianwei/local/sstcore-11.0.0/include/sst/core -I/home/xianwei/local/sstcore-11.0.0/include    -L/usr/lib/python3.7/config-3.7m-x86_64-linux-gnu -L/usr/lib -lpython3.7m -lcrypt -lpthread -ldl  -lutil -lm  -Xlinker -export-dynamic -Wl,-O1 -Wl,-Bsymbolic-functions conftest.cpp -lphx     >&5
/usr/bin/ld: cannot find -lphx
collect2: error: ld returned 1 exit status
configure:13924: $? = 1
configure: failed program was:
| /* confdefs.h */
| #define PACKAGE_NAME "SST Elements Library"
| #define PACKAGE_TARNAME "sst-elements-library"
| #define PACKAGE_VERSION "11.0.0"
| #define PACKAGE_STRING "SST Elements Library 11.0.0"
| #define PACKAGE_BUGREPORT "sst@sandia.gov"
| #define PACKAGE_URL ""
| #define TIME_WITH_SYS_TIME 1
| #define STDC_HEADERS 1
| #define HAVE_SYS_TYPES_H 1
| #define HAVE_SYS_STAT_H 1
| #define HAVE_STDLIB_H 1
| #define HAVE_STRING_H 1
| #define HAVE_MEMORY_H 1
| #define HAVE_STRINGS_H 1
| #define HAVE_INTTYPES_H 1
| #define HAVE_STDINT_H 1
| #define HAVE_UNISTD_H 1
| #define HAVE_DLFCN_H 1
| #define LT_OBJDIR ".libs/"
| #define LT_MODULE_EXT ".so"
| #define LT_MODULE_PATH_VAR "LD_LIBRARY_PATH"
| #define LT_DLSEARCH_PATH "/lib:/usr/lib:/usr/lib/x86_64-linux-gnu/libfakeroot:/usr/local/lib:/usr/local/lib/x86_64-linux-gnu:/lib/x86_64-linux-gnu:/usr/lib/x86_64-linux-gnu"
| #define HAVE_LIBDL 1
| #define HAVE_DLERROR 1
| #define HAVE_LIBDLLOADER 1
| #define HAVE_ARGZ_H 1
| #define HAVE_ERROR_T 1
| #define HAVE_ARGZ_ADD 1
| #define HAVE_ARGZ_APPEND 1
| #define HAVE_ARGZ_COUNT 1
| #define HAVE_ARGZ_CREATE_SEP 1
| #define HAVE_ARGZ_INSERT 1
| #define HAVE_ARGZ_NEXT 1
| #define HAVE_ARGZ_STRINGIFY 1
| #define HAVE_WORKING_ARGZ 1
| #define HAVE_PRELOADED_SYMBOLS 1
| #define HAVE_LTDL 1
| #define HAVE_UNISTD_H 1
| #define HAVE_DIRENT_H 1
| #define HAVE_CLOSEDIR 1
| #define HAVE_OPENDIR 1
| #define HAVE_READDIR 1
| #define LT_LIBEXT "a"
| #define LT_LIBPREFIX "lib"
| #define TIME_WITH_SYS_TIME 1
| #define NVDIMMSIM_LIBDIR ""
| /* end confdefs.h.  */
| 
| /* Override any GCC internal prototype to avoid an error.
|    Use char because int might match the return type of a GCC
|    builtin and then its argument prototype would still apply.  */
| #ifdef __cplusplus
| extern "C"
| #endif
| char vault_is_present ();
| int
| main ()
| {
| return vault_is_present ();
|   ;
|   return 0;
| }
configure:13933: result: no
configure:13986: No usable PHX Library building with internal timings
configure:14043: checking for pin.sh
configure:14077: result: no
configure:14084: checking for pin
configure:14118: result: no
configure:14177: checking PIN Tool
configure:14179: result: no
configure:14218: g++ -c -g -O2  -std=c++1y -D__STDC_FORMAT_MACROS   -I/usr/include/python3.7m -I/usr/include/python3.7m  -I/home/xianwei/local/sstcore-11.0.0/include/sst/core -I/home/xianwei/local/sstcore-11.0.0/include conftest.cpp >&5
configure:14218: $? = 0
configure:14251: checking for for PR_SET_PTRACER
configure:14253: result: yes
configure:14270: checking for library containing shm_open
configure:14301: gcc -o conftest -g -O2    -I/usr/include/python3.7m -I/usr/include/python3.7m  -I/home/xianwei/local/sstcore-11.0.0/include/sst/core -I/home/xianwei/local/sstcore-11.0.0/include    -L/usr/lib/python3.7/config-3.7m-x86_64-linux-gnu -L/usr/lib -lpython3.7m -lcrypt -lpthread -ldl  -lutil -lm  -Xlinker -export-dynamic -Wl,-O1 -Wl,-Bsymbolic-functions conftest.c    >&5
/usr/bin/ld: /tmp/ccyEhoHd.o: in function `main':
/home/xianwei/scratch/src/sst-elements-library-11.0.0/conftest.c:62: undefined reference to `shm_open'
collect2: error: ld returned 1 exit status
configure:14301: $? = 1
configure: failed program was:
| /* confdefs.h */
| #define PACKAGE_NAME "SST Elements Library"
| #define PACKAGE_TARNAME "sst-elements-library"
| #define PACKAGE_VERSION "11.0.0"
| #define PACKAGE_STRING "SST Elements Library 11.0.0"
| #define PACKAGE_BUGREPORT "sst@sandia.gov"
| #define PACKAGE_URL ""
| #define TIME_WITH_SYS_TIME 1
| #define STDC_HEADERS 1
| #define HAVE_SYS_TYPES_H 1
| #define HAVE_SYS_STAT_H 1
| #define HAVE_STDLIB_H 1
| #define HAVE_STRING_H 1
| #define HAVE_MEMORY_H 1
| #define HAVE_STRINGS_H 1
| #define HAVE_INTTYPES_H 1
| #define HAVE_STDINT_H 1
| #define HAVE_UNISTD_H 1
| #define HAVE_DLFCN_H 1
| #define LT_OBJDIR ".libs/"
| #define LT_MODULE_EXT ".so"
| #define LT_MODULE_PATH_VAR "LD_LIBRARY_PATH"
| #define LT_DLSEARCH_PATH "/lib:/usr/lib:/usr/lib/x86_64-linux-gnu/libfakeroot:/usr/local/lib:/usr/local/lib/x86_64-linux-gnu:/lib/x86_64-linux-gnu:/usr/lib/x86_64-linux-gnu"
| #define HAVE_LIBDL 1
| #define HAVE_DLERROR 1
| #define HAVE_LIBDLLOADER 1
| #define HAVE_ARGZ_H 1
| #define HAVE_ERROR_T 1
| #define HAVE_ARGZ_ADD 1
| #define HAVE_ARGZ_APPEND 1
| #define HAVE_ARGZ_COUNT 1
| #define HAVE_ARGZ_CREATE_SEP 1
| #define HAVE_ARGZ_INSERT 1
| #define HAVE_ARGZ_NEXT 1
| #define HAVE_ARGZ_STRINGIFY 1
| #define HAVE_WORKING_ARGZ 1
| #define HAVE_PRELOADED_SYMBOLS 1
| #define HAVE_LTDL 1
| #define HAVE_UNISTD_H 1
| #define HAVE_DIRENT_H 1
| #define HAVE_CLOSEDIR 1
| #define HAVE_OPENDIR 1
| #define HAVE_READDIR 1
| #define LT_LIBEXT "a"
| #define LT_LIBPREFIX "lib"
| #define TIME_WITH_SYS_TIME 1
| #define NVDIMMSIM_LIBDIR ""
| #define LIBPHX_LIBDIR ""
| #define PINTOOL_EXECUTABLE ""
| /* end confdefs.h.  */
| 
| /* Override any GCC internal prototype to avoid an error.
|    Use char because int might match the return type of a GCC
|    builtin and then its argument prototype would still apply.  */
| #ifdef __cplusplus
| extern "C"
| #endif
| char shm_open ();
| int
| main ()
| {
| return shm_open ();
|   ;
|   return 0;
| }
configure:14301: gcc -o conftest -g -O2    -I/usr/include/python3.7m -I/usr/include/python3.7m  -I/home/xianwei/local/sstcore-11.0.0/include/sst/core -I/home/xianwei/local/sstcore-11.0.0/include    -L/usr/lib/python3.7/config-3.7m-x86_64-linux-gnu -L/usr/lib -lpython3.7m -lcrypt -lpthread -ldl  -lutil -lm  -Xlinker -export-dynamic -Wl,-O1 -Wl,-Bsymbolic-functions conftest.c -lrt     >&5
configure:14301: $? = 0
configure:14318: result: -lrt
configure:14391: checking CUDA version is acceptable for SST
configure:14417: g++ -c -g -O2  -std=c++1y -D__STDC_FORMAT_MACROS   -I/usr/include/python3.7m -I/usr/include/python3.7m  -I/home/xianwei/local/sstcore-11.0.0/include/sst/core -I/home/xianwei/local/sstcore-11.0.0/include conftest.cpp >&5
conftest.cpp:52:10: fatal error: cuda.h: No such file or directory
 #include "cuda.h"
          ^~~~~~~~
compilation terminated.
configure:14417: $? = 1
configure: failed program was:
| /* confdefs.h */
| #define PACKAGE_NAME "SST Elements Library"
| #define PACKAGE_TARNAME "sst-elements-library"
| #define PACKAGE_VERSION "11.0.0"
| #define PACKAGE_STRING "SST Elements Library 11.0.0"
| #define PACKAGE_BUGREPORT "sst@sandia.gov"
| #define PACKAGE_URL ""
| #define TIME_WITH_SYS_TIME 1
| #define STDC_HEADERS 1
| #define HAVE_SYS_TYPES_H 1
| #define HAVE_SYS_STAT_H 1
| #define HAVE_STDLIB_H 1
| #define HAVE_STRING_H 1
| #define HAVE_MEMORY_H 1
| #define HAVE_STRINGS_H 1
| #define HAVE_INTTYPES_H 1
| #define HAVE_STDINT_H 1
| #define HAVE_UNISTD_H 1
| #define HAVE_DLFCN_H 1
| #define LT_OBJDIR ".libs/"
| #define LT_MODULE_EXT ".so"
| #define LT_MODULE_PATH_VAR "LD_LIBRARY_PATH"
| #define LT_DLSEARCH_PATH "/lib:/usr/lib:/usr/lib/x86_64-linux-gnu/libfakeroot:/usr/local/lib:/usr/local/lib/x86_64-linux-gnu:/lib/x86_64-linux-gnu:/usr/lib/x86_64-linux-gnu"
| #define HAVE_LIBDL 1
| #define HAVE_DLERROR 1
| #define HAVE_LIBDLLOADER 1
| #define HAVE_ARGZ_H 1
| #define HAVE_ERROR_T 1
| #define HAVE_ARGZ_ADD 1
| #define HAVE_ARGZ_APPEND 1
| #define HAVE_ARGZ_COUNT 1
| #define HAVE_ARGZ_CREATE_SEP 1
| #define HAVE_ARGZ_INSERT 1
| #define HAVE_ARGZ_NEXT 1
| #define HAVE_ARGZ_STRINGIFY 1
| #define HAVE_WORKING_ARGZ 1
| #define HAVE_PRELOADED_SYMBOLS 1
| #define HAVE_LTDL 1
| #define HAVE_UNISTD_H 1
| #define HAVE_DIRENT_H 1
| #define HAVE_CLOSEDIR 1
| #define HAVE_OPENDIR 1
| #define HAVE_READDIR 1
| #define LT_LIBEXT "a"
| #define LT_LIBPREFIX "lib"
| #define TIME_WITH_SYS_TIME 1
| #define NVDIMMSIM_LIBDIR ""
| #define LIBPHX_LIBDIR ""
| #define PINTOOL_EXECUTABLE ""
| #define HAVE_SHM 1
| /* end confdefs.h.  */
| #include "cuda.h"
| int
| main ()
| {
| 
|                      #if CUDA_VERSION >= 8000
|                      // Version is fine
|                      #else
|                      #  error CUDA version is too old
|                      #endif
| 
|   ;
|   return 0;
| }
| 
configure:14422: result: no
configure:14515: checking zlib.h usability
configure:14515: g++ -c -g -O2  -std=c++1y -D__STDC_FORMAT_MACROS   -I/usr/include/python3.7m -I/usr/include/python3.7m  -I/home/xianwei/local/sstcore-11.0.0/include/sst/core -I/home/xianwei/local/sstcore-11.0.0/include conftest.cpp >&5
conftest.cpp:85:10: fatal error: zlib.h: No such file or directory
 #include <zlib.h>
          ^~~~~~~~
compilation terminated.
configure:14515: $? = 1
configure: failed program was:
| /* confdefs.h */
| #define PACKAGE_NAME "SST Elements Library"
| #define PACKAGE_TARNAME "sst-elements-library"
| #define PACKAGE_VERSION "11.0.0"
| #define PACKAGE_STRING "SST Elements Library 11.0.0"
| #define PACKAGE_BUGREPORT "sst@sandia.gov"
| #define PACKAGE_URL ""
| #define TIME_WITH_SYS_TIME 1
| #define STDC_HEADERS 1
| #define HAVE_SYS_TYPES_H 1
| #define HAVE_SYS_STAT_H 1
| #define HAVE_STDLIB_H 1
| #define HAVE_STRING_H 1
| #define HAVE_MEMORY_H 1
| #define HAVE_STRINGS_H 1
| #define HAVE_INTTYPES_H 1
| #define HAVE_STDINT_H 1
| #define HAVE_UNISTD_H 1
| #define HAVE_DLFCN_H 1
| #define LT_OBJDIR ".libs/"
| #define LT_MODULE_EXT ".so"
| #define LT_MODULE_PATH_VAR "LD_LIBRARY_PATH"
| #define LT_DLSEARCH_PATH "/lib:/usr/lib:/usr/lib/x86_64-linux-gnu/libfakeroot:/usr/local/lib:/usr/local/lib/x86_64-linux-gnu:/lib/x86_64-linux-gnu:/usr/lib/x86_64-linux-gnu"
| #define HAVE_LIBDL 1
| #define HAVE_DLERROR 1
| #define HAVE_LIBDLLOADER 1
| #define HAVE_ARGZ_H 1
| #define HAVE_ERROR_T 1
| #define HAVE_ARGZ_ADD 1
| #define HAVE_ARGZ_APPEND 1
| #define HAVE_ARGZ_COUNT 1
| #define HAVE_ARGZ_CREATE_SEP 1
| #define HAVE_ARGZ_INSERT 1
| #define HAVE_ARGZ_NEXT 1
| #define HAVE_ARGZ_STRINGIFY 1
| #define HAVE_WORKING_ARGZ 1
| #define HAVE_PRELOADED_SYMBOLS 1
| #define HAVE_LTDL 1
| #define HAVE_UNISTD_H 1
| #define HAVE_DIRENT_H 1
| #define HAVE_CLOSEDIR 1
| #define HAVE_OPENDIR 1
| #define HAVE_READDIR 1
| #define LT_LIBEXT "a"
| #define LT_LIBPREFIX "lib"
| #define TIME_WITH_SYS_TIME 1
| #define NVDIMMSIM_LIBDIR ""
| #define LIBPHX_LIBDIR ""
| #define PINTOOL_EXECUTABLE ""
| #define HAVE_SHM 1
| /* end confdefs.h.  */
| #include <stdio.h>
| #ifdef HAVE_SYS_TYPES_H
| # include <sys/types.h>
| #endif
| #ifdef HAVE_SYS_STAT_H
| # include <sys/stat.h>
| #endif
| #ifdef STDC_HEADERS
| # include <stdlib.h>
| # include <stddef.h>
| #else
| # ifdef HAVE_STDLIB_H
| #  include <stdlib.h>
| # endif
| #endif
| #ifdef HAVE_STRING_H
| # if !defined STDC_HEADERS && defined HAVE_MEMORY_H
| #  include <memory.h>
| # endif
| # include <string.h>
| #endif
| #ifdef HAVE_STRINGS_H
| # include <strings.h>
| #endif
| #ifdef HAVE_INTTYPES_H
| # include <inttypes.h>
| #endif
| #ifdef HAVE_STDINT_H
| # include <stdint.h>
| #endif
| #ifdef HAVE_UNISTD_H
| # include <unistd.h>
| #endif
| #include <zlib.h>
configure:14515: result: no
configure:14515: checking zlib.h presence
configure:14515: g++ -E   -I/usr/include/python3.7m -I/usr/include/python3.7m  -I/home/xianwei/local/sstcore-11.0.0/include/sst/core -I/home/xianwei/local/sstcore-11.0.0/include conftest.cpp
conftest.cpp:52:10: fatal error: zlib.h: No such file or directory
 #include <zlib.h>
          ^~~~~~~~
compilation terminated.
configure:14515: $? = 1
configure: failed program was:
| /* confdefs.h */
| #define PACKAGE_NAME "SST Elements Library"
| #define PACKAGE_TARNAME "sst-elements-library"
| #define PACKAGE_VERSION "11.0.0"
| #define PACKAGE_STRING "SST Elements Library 11.0.0"
| #define PACKAGE_BUGREPORT "sst@sandia.gov"
| #define PACKAGE_URL ""
| #define TIME_WITH_SYS_TIME 1
| #define STDC_HEADERS 1
| #define HAVE_SYS_TYPES_H 1
| #define HAVE_SYS_STAT_H 1
| #define HAVE_STDLIB_H 1
| #define HAVE_STRING_H 1
| #define HAVE_MEMORY_H 1
| #define HAVE_STRINGS_H 1
| #define HAVE_INTTYPES_H 1
| #define HAVE_STDINT_H 1
| #define HAVE_UNISTD_H 1
| #define HAVE_DLFCN_H 1
| #define LT_OBJDIR ".libs/"
| #define LT_MODULE_EXT ".so"
| #define LT_MODULE_PATH_VAR "LD_LIBRARY_PATH"
| #define LT_DLSEARCH_PATH "/lib:/usr/lib:/usr/lib/x86_64-linux-gnu/libfakeroot:/usr/local/lib:/usr/local/lib/x86_64-linux-gnu:/lib/x86_64-linux-gnu:/usr/lib/x86_64-linux-gnu"
| #define HAVE_LIBDL 1
| #define HAVE_DLERROR 1
| #define HAVE_LIBDLLOADER 1
| #define HAVE_ARGZ_H 1
| #define HAVE_ERROR_T 1
| #define HAVE_ARGZ_ADD 1
| #define HAVE_ARGZ_APPEND 1
| #define HAVE_ARGZ_COUNT 1
| #define HAVE_ARGZ_CREATE_SEP 1
| #define HAVE_ARGZ_INSERT 1
| #define HAVE_ARGZ_NEXT 1
| #define HAVE_ARGZ_STRINGIFY 1
| #define HAVE_WORKING_ARGZ 1
| #define HAVE_PRELOADED_SYMBOLS 1
| #define HAVE_LTDL 1
| #define HAVE_UNISTD_H 1
| #define HAVE_DIRENT_H 1
| #define HAVE_CLOSEDIR 1
| #define HAVE_OPENDIR 1
| #define HAVE_READDIR 1
| #define LT_LIBEXT "a"
| #define LT_LIBPREFIX "lib"
| #define TIME_WITH_SYS_TIME 1
| #define NVDIMMSIM_LIBDIR ""
| #define LIBPHX_LIBDIR ""
| #define PINTOOL_EXECUTABLE ""
| #define HAVE_SHM 1
| /* end confdefs.h.  */
| #include <zlib.h>
configure:14515: result: no
configure:14515: checking for zlib.h
configure:14515: result: no
configure:14530: checking for gzopen in -lz
configure:14555: gcc -o conftest -g -O2    -I/usr/include/python3.7m -I/usr/include/python3.7m  -I/home/xianwei/local/sstcore-11.0.0/include/sst/core -I/home/xianwei/local/sstcore-11.0.0/include    -L/usr/lib/python3.7/config-3.7m-x86_64-linux-gnu -L/usr/lib -lpython3.7m -lcrypt -lpthread -ldl  -lutil -lm  -Xlinker -export-dynamic -Wl,-O1 -Wl,-Bsymbolic-functions conftest.c -lz     >&5
/usr/bin/ld: cannot find -lz
collect2: error: ld returned 1 exit status
configure:14555: $? = 1
configure: failed program was:
| /* confdefs.h */
| #define PACKAGE_NAME "SST Elements Library"
| #define PACKAGE_TARNAME "sst-elements-library"
| #define PACKAGE_VERSION "11.0.0"
| #define PACKAGE_STRING "SST Elements Library 11.0.0"
| #define PACKAGE_BUGREPORT "sst@sandia.gov"
| #define PACKAGE_URL ""
| #define TIME_WITH_SYS_TIME 1
| #define STDC_HEADERS 1
| #define HAVE_SYS_TYPES_H 1
| #define HAVE_SYS_STAT_H 1
| #define HAVE_STDLIB_H 1
| #define HAVE_STRING_H 1
| #define HAVE_MEMORY_H 1
| #define HAVE_STRINGS_H 1
| #define HAVE_INTTYPES_H 1
| #define HAVE_STDINT_H 1
| #define HAVE_UNISTD_H 1
| #define HAVE_DLFCN_H 1
| #define LT_OBJDIR ".libs/"
| #define LT_MODULE_EXT ".so"
| #define LT_MODULE_PATH_VAR "LD_LIBRARY_PATH"
| #define LT_DLSEARCH_PATH "/lib:/usr/lib:/usr/lib/x86_64-linux-gnu/libfakeroot:/usr/local/lib:/usr/local/lib/x86_64-linux-gnu:/lib/x86_64-linux-gnu:/usr/lib/x86_64-linux-gnu"
| #define HAVE_LIBDL 1
| #define HAVE_DLERROR 1
| #define HAVE_LIBDLLOADER 1
| #define HAVE_ARGZ_H 1
| #define HAVE_ERROR_T 1
| #define HAVE_ARGZ_ADD 1
| #define HAVE_ARGZ_APPEND 1
| #define HAVE_ARGZ_COUNT 1
| #define HAVE_ARGZ_CREATE_SEP 1
| #define HAVE_ARGZ_INSERT 1
| #define HAVE_ARGZ_NEXT 1
| #define HAVE_ARGZ_STRINGIFY 1
| #define HAVE_WORKING_ARGZ 1
| #define HAVE_PRELOADED_SYMBOLS 1
| #define HAVE_LTDL 1
| #define HAVE_UNISTD_H 1
| #define HAVE_DIRENT_H 1
| #define HAVE_CLOSEDIR 1
| #define HAVE_OPENDIR 1
| #define HAVE_READDIR 1
| #define LT_LIBEXT "a"
| #define LT_LIBPREFIX "lib"
| #define TIME_WITH_SYS_TIME 1
| #define NVDIMMSIM_LIBDIR ""
| #define LIBPHX_LIBDIR ""
| #define PINTOOL_EXECUTABLE ""
| #define HAVE_SHM 1
| /* end confdefs.h.  */
| 
| /* Override any GCC internal prototype to avoid an error.
|    Use char because int might match the return type of a GCC
|    builtin and then its argument prototype would still apply.  */
| #ifdef __cplusplus
| extern "C"
| #endif
| char gzopen ();
| int
| main ()
| {
| return gzopen ();
|   ;
|   return 0;
| }
configure:14564: result: no
configure:14593: checking for libz compression library
configure:14595: result: no
configure:14649: checking for /bin/nvcc
configure:14663: result: no
configure:14688: checking for cudart_mod in 
configure:14696: result: libcudart_mod.so not found
configure:14802: checking for otf2-config
configure:14835: result: no
configure:14867: checking for OTF-2 library
configure:14869: result: no
configure:14972: checking Gem5Wrapper.h usability
configure:14972: g++ -c -g -O2  -std=c++1y -D__STDC_FORMAT_MACROS   -I/usr/include/python3.7m -I/usr/include/python3.7m  -I/home/xianwei/local/sstcore-11.0.0/include/sst/core -I/home/xianwei/local/sstcore-11.0.0/include conftest.cpp >&5
conftest.cpp:85:10: fatal error: Gem5Wrapper.h: No such file or directory
 #include <Gem5Wrapper.h>
          ^~~~~~~~~~~~~~~
compilation terminated.
configure:14972: $? = 1
configure: failed program was:
| /* confdefs.h */
| #define PACKAGE_NAME "SST Elements Library"
| #define PACKAGE_TARNAME "sst-elements-library"
| #define PACKAGE_VERSION "11.0.0"
| #define PACKAGE_STRING "SST Elements Library 11.0.0"
| #define PACKAGE_BUGREPORT "sst@sandia.gov"
| #define PACKAGE_URL ""
| #define TIME_WITH_SYS_TIME 1
| #define STDC_HEADERS 1
| #define HAVE_SYS_TYPES_H 1
| #define HAVE_SYS_STAT_H 1
| #define HAVE_STDLIB_H 1
| #define HAVE_STRING_H 1
| #define HAVE_MEMORY_H 1
| #define HAVE_STRINGS_H 1
| #define HAVE_INTTYPES_H 1
| #define HAVE_STDINT_H 1
| #define HAVE_UNISTD_H 1
| #define HAVE_DLFCN_H 1
| #define LT_OBJDIR ".libs/"
| #define LT_MODULE_EXT ".so"
| #define LT_MODULE_PATH_VAR "LD_LIBRARY_PATH"
| #define LT_DLSEARCH_PATH "/lib:/usr/lib:/usr/lib/x86_64-linux-gnu/libfakeroot:/usr/local/lib:/usr/local/lib/x86_64-linux-gnu:/lib/x86_64-linux-gnu:/usr/lib/x86_64-linux-gnu"
| #define HAVE_LIBDL 1
| #define HAVE_DLERROR 1
| #define HAVE_LIBDLLOADER 1
| #define HAVE_ARGZ_H 1
| #define HAVE_ERROR_T 1
| #define HAVE_ARGZ_ADD 1
| #define HAVE_ARGZ_APPEND 1
| #define HAVE_ARGZ_COUNT 1
| #define HAVE_ARGZ_CREATE_SEP 1
| #define HAVE_ARGZ_INSERT 1
| #define HAVE_ARGZ_NEXT 1
| #define HAVE_ARGZ_STRINGIFY 1
| #define HAVE_WORKING_ARGZ 1
| #define HAVE_PRELOADED_SYMBOLS 1
| #define HAVE_LTDL 1
| #define HAVE_UNISTD_H 1
| #define HAVE_DIRENT_H 1
| #define HAVE_CLOSEDIR 1
| #define HAVE_OPENDIR 1
| #define HAVE_READDIR 1
| #define LT_LIBEXT "a"
| #define LT_LIBPREFIX "lib"
| #define TIME_WITH_SYS_TIME 1
| #define NVDIMMSIM_LIBDIR ""
| #define LIBPHX_LIBDIR ""
| #define PINTOOL_EXECUTABLE ""
| #define HAVE_SHM 1
| /* end confdefs.h.  */
| #include <stdio.h>
| #ifdef HAVE_SYS_TYPES_H
| # include <sys/types.h>
| #endif
| #ifdef HAVE_SYS_STAT_H
| # include <sys/stat.h>
| #endif
| #ifdef STDC_HEADERS
| # include <stdlib.h>
| # include <stddef.h>
| #else
| # ifdef HAVE_STDLIB_H
| #  include <stdlib.h>
| # endif
| #endif
| #ifdef HAVE_STRING_H
| # if !defined STDC_HEADERS && defined HAVE_MEMORY_H
| #  include <memory.h>
| # endif
| # include <string.h>
| #endif
| #ifdef HAVE_STRINGS_H
| # include <strings.h>
| #endif
| #ifdef HAVE_INTTYPES_H
| # include <inttypes.h>
| #endif
| #ifdef HAVE_STDINT_H
| # include <stdint.h>
| #endif
| #ifdef HAVE_UNISTD_H
| # include <unistd.h>
| #endif
| #include <Gem5Wrapper.h>
configure:14972: result: no
configure:14972: checking Gem5Wrapper.h presence
configure:14972: g++ -E   -I/usr/include/python3.7m -I/usr/include/python3.7m  -I/home/xianwei/local/sstcore-11.0.0/include/sst/core -I/home/xianwei/local/sstcore-11.0.0/include conftest.cpp
conftest.cpp:52:10: fatal error: Gem5Wrapper.h: No such file or directory
 #include <Gem5Wrapper.h>
          ^~~~~~~~~~~~~~~
compilation terminated.
configure:14972: $? = 1
configure: failed program was:
| /* confdefs.h */
| #define PACKAGE_NAME "SST Elements Library"
| #define PACKAGE_TARNAME "sst-elements-library"
| #define PACKAGE_VERSION "11.0.0"
| #define PACKAGE_STRING "SST Elements Library 11.0.0"
| #define PACKAGE_BUGREPORT "sst@sandia.gov"
| #define PACKAGE_URL ""
| #define TIME_WITH_SYS_TIME 1
| #define STDC_HEADERS 1
| #define HAVE_SYS_TYPES_H 1
| #define HAVE_SYS_STAT_H 1
| #define HAVE_STDLIB_H 1
| #define HAVE_STRING_H 1
| #define HAVE_MEMORY_H 1
| #define HAVE_STRINGS_H 1
| #define HAVE_INTTYPES_H 1
| #define HAVE_STDINT_H 1
| #define HAVE_UNISTD_H 1
| #define HAVE_DLFCN_H 1
| #define LT_OBJDIR ".libs/"
| #define LT_MODULE_EXT ".so"
| #define LT_MODULE_PATH_VAR "LD_LIBRARY_PATH"
| #define LT_DLSEARCH_PATH "/lib:/usr/lib:/usr/lib/x86_64-linux-gnu/libfakeroot:/usr/local/lib:/usr/local/lib/x86_64-linux-gnu:/lib/x86_64-linux-gnu:/usr/lib/x86_64-linux-gnu"
| #define HAVE_LIBDL 1
| #define HAVE_DLERROR 1
| #define HAVE_LIBDLLOADER 1
| #define HAVE_ARGZ_H 1
| #define HAVE_ERROR_T 1
| #define HAVE_ARGZ_ADD 1
| #define HAVE_ARGZ_APPEND 1
| #define HAVE_ARGZ_COUNT 1
| #define HAVE_ARGZ_CREATE_SEP 1
| #define HAVE_ARGZ_INSERT 1
| #define HAVE_ARGZ_NEXT 1
| #define HAVE_ARGZ_STRINGIFY 1
| #define HAVE_WORKING_ARGZ 1
| #define HAVE_PRELOADED_SYMBOLS 1
| #define HAVE_LTDL 1
| #define HAVE_UNISTD_H 1
| #define HAVE_DIRENT_H 1
| #define HAVE_CLOSEDIR 1
| #define HAVE_OPENDIR 1
| #define HAVE_READDIR 1
| #define LT_LIBEXT "a"
| #define LT_LIBPREFIX "lib"
| #define TIME_WITH_SYS_TIME 1
| #define NVDIMMSIM_LIBDIR ""
| #define LIBPHX_LIBDIR ""
| #define PINTOOL_EXECUTABLE ""
| #define HAVE_SHM 1
| /* end confdefs.h.  */
| #include <Gem5Wrapper.h>
configure:14972: result: no
configure:14972: checking for Gem5Wrapper.h
configure:14972: result: no
configure:14984: checking for libramulator_is_present in -lramulator
configure:15009: g++ -o conftest -g -O2  -std=c++1y -D__STDC_FORMAT_MACROS   -I/usr/include/python3.7m -I/usr/include/python3.7m  -I/home/xianwei/local/sstcore-11.0.0/include/sst/core -I/home/xianwei/local/sstcore-11.0.0/include    -L/usr/lib/python3.7/config-3.7m-x86_64-linux-gnu -L/usr/lib -lpython3.7m -lcrypt -lpthread -ldl  -lutil -lm  -Xlinker -export-dynamic -Wl,-O1 -Wl,-Bsymbolic-functions conftest.cpp -lramulator     >&5
/usr/bin/ld: cannot find -lramulator
collect2: error: ld returned 1 exit status
configure:15009: $? = 1
configure: failed program was:
| /* confdefs.h */
| #define PACKAGE_NAME "SST Elements Library"
| #define PACKAGE_TARNAME "sst-elements-library"
| #define PACKAGE_VERSION "11.0.0"
| #define PACKAGE_STRING "SST Elements Library 11.0.0"
| #define PACKAGE_BUGREPORT "sst@sandia.gov"
| #define PACKAGE_URL ""
| #define TIME_WITH_SYS_TIME 1
| #define STDC_HEADERS 1
| #define HAVE_SYS_TYPES_H 1
| #define HAVE_SYS_STAT_H 1
| #define HAVE_STDLIB_H 1
| #define HAVE_STRING_H 1
| #define HAVE_MEMORY_H 1
| #define HAVE_STRINGS_H 1
| #define HAVE_INTTYPES_H 1
| #define HAVE_STDINT_H 1
| #define HAVE_UNISTD_H 1
| #define HAVE_DLFCN_H 1
| #define LT_OBJDIR ".libs/"
| #define LT_MODULE_EXT ".so"
| #define LT_MODULE_PATH_VAR "LD_LIBRARY_PATH"
| #define LT_DLSEARCH_PATH "/lib:/usr/lib:/usr/lib/x86_64-linux-gnu/libfakeroot:/usr/local/lib:/usr/local/lib/x86_64-linux-gnu:/lib/x86_64-linux-gnu:/usr/lib/x86_64-linux-gnu"
| #define HAVE_LIBDL 1
| #define HAVE_DLERROR 1
| #define HAVE_LIBDLLOADER 1
| #define HAVE_ARGZ_H 1
| #define HAVE_ERROR_T 1
| #define HAVE_ARGZ_ADD 1
| #define HAVE_ARGZ_APPEND 1
| #define HAVE_ARGZ_COUNT 1
| #define HAVE_ARGZ_CREATE_SEP 1
| #define HAVE_ARGZ_INSERT 1
| #define HAVE_ARGZ_NEXT 1
| #define HAVE_ARGZ_STRINGIFY 1
| #define HAVE_WORKING_ARGZ 1
| #define HAVE_PRELOADED_SYMBOLS 1
| #define HAVE_LTDL 1
| #define HAVE_UNISTD_H 1
| #define HAVE_DIRENT_H 1
| #define HAVE_CLOSEDIR 1
| #define HAVE_OPENDIR 1
| #define HAVE_READDIR 1
| #define LT_LIBEXT "a"
| #define LT_LIBPREFIX "lib"
| #define TIME_WITH_SYS_TIME 1
| #define NVDIMMSIM_LIBDIR ""
| #define LIBPHX_LIBDIR ""
| #define PINTOOL_EXECUTABLE ""
| #define HAVE_SHM 1
| /* end confdefs.h.  */
| 
| /* Override any GCC internal prototype to avoid an error.
|    Use char because int might match the return type of a GCC
|    builtin and then its argument prototype would still apply.  */
| #ifdef __cplusplus
| extern "C"
| #endif
| char libramulator_is_present ();
| int
| main ()
| {
| return libramulator_is_present ();
|   ;
|   return 0;
| }
configure:15018: result: no
configure:15103: checking DRAMSim.h usability
configure:15103: g++ -c -g -O2  -std=c++1y -D__STDC_FORMAT_MACROS   -I/usr/include/python3.7m -I/usr/include/python3.7m  -I/home/xianwei/local/sstcore-11.0.0/include/sst/core -I/home/xianwei/local/sstcore-11.0.0/include conftest.cpp >&5
conftest.cpp:86:10: fatal error: DRAMSim.h: No such file or directory
 #include <DRAMSim.h>
          ^~~~~~~~~~~
compilation terminated.
configure:15103: $? = 1
configure: failed program was:
| /* confdefs.h */
| #define PACKAGE_NAME "SST Elements Library"
| #define PACKAGE_TARNAME "sst-elements-library"
| #define PACKAGE_VERSION "11.0.0"
| #define PACKAGE_STRING "SST Elements Library 11.0.0"
| #define PACKAGE_BUGREPORT "sst@sandia.gov"
| #define PACKAGE_URL ""
| #define TIME_WITH_SYS_TIME 1
| #define STDC_HEADERS 1
| #define HAVE_SYS_TYPES_H 1
| #define HAVE_SYS_STAT_H 1
| #define HAVE_STDLIB_H 1
| #define HAVE_STRING_H 1
| #define HAVE_MEMORY_H 1
| #define HAVE_STRINGS_H 1
| #define HAVE_INTTYPES_H 1
| #define HAVE_STDINT_H 1
| #define HAVE_UNISTD_H 1
| #define HAVE_DLFCN_H 1
| #define LT_OBJDIR ".libs/"
| #define LT_MODULE_EXT ".so"
| #define LT_MODULE_PATH_VAR "LD_LIBRARY_PATH"
| #define LT_DLSEARCH_PATH "/lib:/usr/lib:/usr/lib/x86_64-linux-gnu/libfakeroot:/usr/local/lib:/usr/local/lib/x86_64-linux-gnu:/lib/x86_64-linux-gnu:/usr/lib/x86_64-linux-gnu"
| #define HAVE_LIBDL 1
| #define HAVE_DLERROR 1
| #define HAVE_LIBDLLOADER 1
| #define HAVE_ARGZ_H 1
| #define HAVE_ERROR_T 1
| #define HAVE_ARGZ_ADD 1
| #define HAVE_ARGZ_APPEND 1
| #define HAVE_ARGZ_COUNT 1
| #define HAVE_ARGZ_CREATE_SEP 1
| #define HAVE_ARGZ_INSERT 1
| #define HAVE_ARGZ_NEXT 1
| #define HAVE_ARGZ_STRINGIFY 1
| #define HAVE_WORKING_ARGZ 1
| #define HAVE_PRELOADED_SYMBOLS 1
| #define HAVE_LTDL 1
| #define HAVE_UNISTD_H 1
| #define HAVE_DIRENT_H 1
| #define HAVE_CLOSEDIR 1
| #define HAVE_OPENDIR 1
| #define HAVE_READDIR 1
| #define LT_LIBEXT "a"
| #define LT_LIBPREFIX "lib"
| #define TIME_WITH_SYS_TIME 1
| #define NVDIMMSIM_LIBDIR ""
| #define LIBPHX_LIBDIR ""
| #define PINTOOL_EXECUTABLE ""
| #define HAVE_SHM 1
| #define RAMULATOR_LIBDIR ""
| /* end confdefs.h.  */
| #include <stdio.h>
| #ifdef HAVE_SYS_TYPES_H
| # include <sys/types.h>
| #endif
| #ifdef HAVE_SYS_STAT_H
| # include <sys/stat.h>
| #endif
| #ifdef STDC_HEADERS
| # include <stdlib.h>
| # include <stddef.h>
| #else
| # ifdef HAVE_STDLIB_H
| #  include <stdlib.h>
| # endif
| #endif
| #ifdef HAVE_STRING_H
| # if !defined STDC_HEADERS && defined HAVE_MEMORY_H
| #  include <memory.h>
| # endif
| # include <string.h>
| #endif
| #ifdef HAVE_STRINGS_H
| # include <strings.h>
| #endif
| #ifdef HAVE_INTTYPES_H
| # include <inttypes.h>
| #endif
| #ifdef HAVE_STDINT_H
| # include <stdint.h>
| #endif
| #ifdef HAVE_UNISTD_H
| # include <unistd.h>
| #endif
| #include <DRAMSim.h>
configure:15103: result: no
configure:15103: checking DRAMSim.h presence
configure:15103: g++ -E   -I/usr/include/python3.7m -I/usr/include/python3.7m  -I/home/xianwei/local/sstcore-11.0.0/include/sst/core -I/home/xianwei/local/sstcore-11.0.0/include conftest.cpp
conftest.cpp:53:10: fatal error: DRAMSim.h: No such file or directory
 #include <DRAMSim.h>
          ^~~~~~~~~~~
compilation terminated.
configure:15103: $? = 1
configure: failed program was:
| /* confdefs.h */
| #define PACKAGE_NAME "SST Elements Library"
| #define PACKAGE_TARNAME "sst-elements-library"
| #define PACKAGE_VERSION "11.0.0"
| #define PACKAGE_STRING "SST Elements Library 11.0.0"
| #define PACKAGE_BUGREPORT "sst@sandia.gov"
| #define PACKAGE_URL ""
| #define TIME_WITH_SYS_TIME 1
| #define STDC_HEADERS 1
| #define HAVE_SYS_TYPES_H 1
| #define HAVE_SYS_STAT_H 1
| #define HAVE_STDLIB_H 1
| #define HAVE_STRING_H 1
| #define HAVE_MEMORY_H 1
| #define HAVE_STRINGS_H 1
| #define HAVE_INTTYPES_H 1
| #define HAVE_STDINT_H 1
| #define HAVE_UNISTD_H 1
| #define HAVE_DLFCN_H 1
| #define LT_OBJDIR ".libs/"
| #define LT_MODULE_EXT ".so"
| #define LT_MODULE_PATH_VAR "LD_LIBRARY_PATH"
| #define LT_DLSEARCH_PATH "/lib:/usr/lib:/usr/lib/x86_64-linux-gnu/libfakeroot:/usr/local/lib:/usr/local/lib/x86_64-linux-gnu:/lib/x86_64-linux-gnu:/usr/lib/x86_64-linux-gnu"
| #define HAVE_LIBDL 1
| #define HAVE_DLERROR 1
| #define HAVE_LIBDLLOADER 1
| #define HAVE_ARGZ_H 1
| #define HAVE_ERROR_T 1
| #define HAVE_ARGZ_ADD 1
| #define HAVE_ARGZ_APPEND 1
| #define HAVE_ARGZ_COUNT 1
| #define HAVE_ARGZ_CREATE_SEP 1
| #define HAVE_ARGZ_INSERT 1
| #define HAVE_ARGZ_NEXT 1
| #define HAVE_ARGZ_STRINGIFY 1
| #define HAVE_WORKING_ARGZ 1
| #define HAVE_PRELOADED_SYMBOLS 1
| #define HAVE_LTDL 1
| #define HAVE_UNISTD_H 1
| #define HAVE_DIRENT_H 1
| #define HAVE_CLOSEDIR 1
| #define HAVE_OPENDIR 1
| #define HAVE_READDIR 1
| #define LT_LIBEXT "a"
| #define LT_LIBPREFIX "lib"
| #define TIME_WITH_SYS_TIME 1
| #define NVDIMMSIM_LIBDIR ""
| #define LIBPHX_LIBDIR ""
| #define PINTOOL_EXECUTABLE ""
| #define HAVE_SHM 1
| #define RAMULATOR_LIBDIR ""
| /* end confdefs.h.  */
| #include <DRAMSim.h>
configure:15103: result: no
configure:15103: checking for DRAMSim.h
configure:15103: result: no
configure:15115: checking for libdramsim_is_present in -ldramsim
configure:15140: g++ -o conftest -g -O2  -std=c++1y -D__STDC_FORMAT_MACROS   -I/usr/include/python3.7m -I/usr/include/python3.7m  -I/home/xianwei/local/sstcore-11.0.0/include/sst/core -I/home/xianwei/local/sstcore-11.0.0/include    -L/usr/lib/python3.7/config-3.7m-x86_64-linux-gnu -L/usr/lib -lpython3.7m -lcrypt -lpthread -ldl  -lutil -lm  -Xlinker -export-dynamic -Wl,-O1 -Wl,-Bsymbolic-functions conftest.cpp -ldramsim     >&5
/usr/bin/ld: cannot find -ldramsim
collect2: error: ld returned 1 exit status
configure:15140: $? = 1
configure: failed program was:
| /* confdefs.h */
| #define PACKAGE_NAME "SST Elements Library"
| #define PACKAGE_TARNAME "sst-elements-library"
| #define PACKAGE_VERSION "11.0.0"
| #define PACKAGE_STRING "SST Elements Library 11.0.0"
| #define PACKAGE_BUGREPORT "sst@sandia.gov"
| #define PACKAGE_URL ""
| #define TIME_WITH_SYS_TIME 1
| #define STDC_HEADERS 1
| #define HAVE_SYS_TYPES_H 1
| #define HAVE_SYS_STAT_H 1
| #define HAVE_STDLIB_H 1
| #define HAVE_STRING_H 1
| #define HAVE_MEMORY_H 1
| #define HAVE_STRINGS_H 1
| #define HAVE_INTTYPES_H 1
| #define HAVE_STDINT_H 1
| #define HAVE_UNISTD_H 1
| #define HAVE_DLFCN_H 1
| #define LT_OBJDIR ".libs/"
| #define LT_MODULE_EXT ".so"
| #define LT_MODULE_PATH_VAR "LD_LIBRARY_PATH"
| #define LT_DLSEARCH_PATH "/lib:/usr/lib:/usr/lib/x86_64-linux-gnu/libfakeroot:/usr/local/lib:/usr/local/lib/x86_64-linux-gnu:/lib/x86_64-linux-gnu:/usr/lib/x86_64-linux-gnu"
| #define HAVE_LIBDL 1
| #define HAVE_DLERROR 1
| #define HAVE_LIBDLLOADER 1
| #define HAVE_ARGZ_H 1
| #define HAVE_ERROR_T 1
| #define HAVE_ARGZ_ADD 1
| #define HAVE_ARGZ_APPEND 1
| #define HAVE_ARGZ_COUNT 1
| #define HAVE_ARGZ_CREATE_SEP 1
| #define HAVE_ARGZ_INSERT 1
| #define HAVE_ARGZ_NEXT 1
| #define HAVE_ARGZ_STRINGIFY 1
| #define HAVE_WORKING_ARGZ 1
| #define HAVE_PRELOADED_SYMBOLS 1
| #define HAVE_LTDL 1
| #define HAVE_UNISTD_H 1
| #define HAVE_DIRENT_H 1
| #define HAVE_CLOSEDIR 1
| #define HAVE_OPENDIR 1
| #define HAVE_READDIR 1
| #define LT_LIBEXT "a"
| #define LT_LIBPREFIX "lib"
| #define TIME_WITH_SYS_TIME 1
| #define NVDIMMSIM_LIBDIR ""
| #define LIBPHX_LIBDIR ""
| #define PINTOOL_EXECUTABLE ""
| #define HAVE_SHM 1
| #define RAMULATOR_LIBDIR ""
| /* end confdefs.h.  */
| 
| /* Override any GCC internal prototype to avoid an error.
|    Use char because int might match the return type of a GCC
|    builtin and then its argument prototype would still apply.  */
| #ifdef __cplusplus
| extern "C"
| #endif
| char libdramsim_is_present ();
| int
| main ()
| {
| return libdramsim_is_present ();
|   ;
|   return 0;
| }
configure:15149: result: no
configure:15234: checking dramsim3.h usability
configure:15234: g++ -c -g -O2  -std=c++1y -D__STDC_FORMAT_MACROS   -I/usr/include/python3.7m -I/usr/include/python3.7m  -I/home/xianwei/local/sstcore-11.0.0/include/sst/core -I/home/xianwei/local/sstcore-11.0.0/include conftest.cpp >&5
conftest.cpp:87:10: fatal error: dramsim3.h: No such file or directory
 #include <dramsim3.h>
          ^~~~~~~~~~~~
compilation terminated.
configure:15234: $? = 1
configure: failed program was:
| /* confdefs.h */
| #define PACKAGE_NAME "SST Elements Library"
| #define PACKAGE_TARNAME "sst-elements-library"
| #define PACKAGE_VERSION "11.0.0"
| #define PACKAGE_STRING "SST Elements Library 11.0.0"
| #define PACKAGE_BUGREPORT "sst@sandia.gov"
| #define PACKAGE_URL ""
| #define TIME_WITH_SYS_TIME 1
| #define STDC_HEADERS 1
| #define HAVE_SYS_TYPES_H 1
| #define HAVE_SYS_STAT_H 1
| #define HAVE_STDLIB_H 1
| #define HAVE_STRING_H 1
| #define HAVE_MEMORY_H 1
| #define HAVE_STRINGS_H 1
| #define HAVE_INTTYPES_H 1
| #define HAVE_STDINT_H 1
| #define HAVE_UNISTD_H 1
| #define HAVE_DLFCN_H 1
| #define LT_OBJDIR ".libs/"
| #define LT_MODULE_EXT ".so"
| #define LT_MODULE_PATH_VAR "LD_LIBRARY_PATH"
| #define LT_DLSEARCH_PATH "/lib:/usr/lib:/usr/lib/x86_64-linux-gnu/libfakeroot:/usr/local/lib:/usr/local/lib/x86_64-linux-gnu:/lib/x86_64-linux-gnu:/usr/lib/x86_64-linux-gnu"
| #define HAVE_LIBDL 1
| #define HAVE_DLERROR 1
| #define HAVE_LIBDLLOADER 1
| #define HAVE_ARGZ_H 1
| #define HAVE_ERROR_T 1
| #define HAVE_ARGZ_ADD 1
| #define HAVE_ARGZ_APPEND 1
| #define HAVE_ARGZ_COUNT 1
| #define HAVE_ARGZ_CREATE_SEP 1
| #define HAVE_ARGZ_INSERT 1
| #define HAVE_ARGZ_NEXT 1
| #define HAVE_ARGZ_STRINGIFY 1
| #define HAVE_WORKING_ARGZ 1
| #define HAVE_PRELOADED_SYMBOLS 1
| #define HAVE_LTDL 1
| #define HAVE_UNISTD_H 1
| #define HAVE_DIRENT_H 1
| #define HAVE_CLOSEDIR 1
| #define HAVE_OPENDIR 1
| #define HAVE_READDIR 1
| #define LT_LIBEXT "a"
| #define LT_LIBPREFIX "lib"
| #define TIME_WITH_SYS_TIME 1
| #define NVDIMMSIM_LIBDIR ""
| #define LIBPHX_LIBDIR ""
| #define PINTOOL_EXECUTABLE ""
| #define HAVE_SHM 1
| #define RAMULATOR_LIBDIR ""
| #define DRAMSIM_LIBDIR ""
| /* end confdefs.h.  */
| #include <stdio.h>
| #ifdef HAVE_SYS_TYPES_H
| # include <sys/types.h>
| #endif
| #ifdef HAVE_SYS_STAT_H
| # include <sys/stat.h>
| #endif
| #ifdef STDC_HEADERS
| # include <stdlib.h>
| # include <stddef.h>
| #else
| # ifdef HAVE_STDLIB_H
| #  include <stdlib.h>
| # endif
| #endif
| #ifdef HAVE_STRING_H
| # if !defined STDC_HEADERS && defined HAVE_MEMORY_H
| #  include <memory.h>
| # endif
| # include <string.h>
| #endif
| #ifdef HAVE_STRINGS_H
| # include <strings.h>
| #endif
| #ifdef HAVE_INTTYPES_H
| # include <inttypes.h>
| #endif
| #ifdef HAVE_STDINT_H
| # include <stdint.h>
| #endif
| #ifdef HAVE_UNISTD_H
| # include <unistd.h>
| #endif
| #include <dramsim3.h>
configure:15234: result: no
configure:15234: checking dramsim3.h presence
configure:15234: g++ -E   -I/usr/include/python3.7m -I/usr/include/python3.7m  -I/home/xianwei/local/sstcore-11.0.0/include/sst/core -I/home/xianwei/local/sstcore-11.0.0/include conftest.cpp
conftest.cpp:54:10: fatal error: dramsim3.h: No such file or directory
 #include <dramsim3.h>
          ^~~~~~~~~~~~
compilation terminated.
configure:15234: $? = 1
configure: failed program was:
| /* confdefs.h */
| #define PACKAGE_NAME "SST Elements Library"
| #define PACKAGE_TARNAME "sst-elements-library"
| #define PACKAGE_VERSION "11.0.0"
| #define PACKAGE_STRING "SST Elements Library 11.0.0"
| #define PACKAGE_BUGREPORT "sst@sandia.gov"
| #define PACKAGE_URL ""
| #define TIME_WITH_SYS_TIME 1
| #define STDC_HEADERS 1
| #define HAVE_SYS_TYPES_H 1
| #define HAVE_SYS_STAT_H 1
| #define HAVE_STDLIB_H 1
| #define HAVE_STRING_H 1
| #define HAVE_MEMORY_H 1
| #define HAVE_STRINGS_H 1
| #define HAVE_INTTYPES_H 1
| #define HAVE_STDINT_H 1
| #define HAVE_UNISTD_H 1
| #define HAVE_DLFCN_H 1
| #define LT_OBJDIR ".libs/"
| #define LT_MODULE_EXT ".so"
| #define LT_MODULE_PATH_VAR "LD_LIBRARY_PATH"
| #define LT_DLSEARCH_PATH "/lib:/usr/lib:/usr/lib/x86_64-linux-gnu/libfakeroot:/usr/local/lib:/usr/local/lib/x86_64-linux-gnu:/lib/x86_64-linux-gnu:/usr/lib/x86_64-linux-gnu"
| #define HAVE_LIBDL 1
| #define HAVE_DLERROR 1
| #define HAVE_LIBDLLOADER 1
| #define HAVE_ARGZ_H 1
| #define HAVE_ERROR_T 1
| #define HAVE_ARGZ_ADD 1
| #define HAVE_ARGZ_APPEND 1
| #define HAVE_ARGZ_COUNT 1
| #define HAVE_ARGZ_CREATE_SEP 1
| #define HAVE_ARGZ_INSERT 1
| #define HAVE_ARGZ_NEXT 1
| #define HAVE_ARGZ_STRINGIFY 1
| #define HAVE_WORKING_ARGZ 1
| #define HAVE_PRELOADED_SYMBOLS 1
| #define HAVE_LTDL 1
| #define HAVE_UNISTD_H 1
| #define HAVE_DIRENT_H 1
| #define HAVE_CLOSEDIR 1
| #define HAVE_OPENDIR 1
| #define HAVE_READDIR 1
| #define LT_LIBEXT "a"
| #define LT_LIBPREFIX "lib"
| #define TIME_WITH_SYS_TIME 1
| #define NVDIMMSIM_LIBDIR ""
| #define LIBPHX_LIBDIR ""
| #define PINTOOL_EXECUTABLE ""
| #define HAVE_SHM 1
| #define RAMULATOR_LIBDIR ""
| #define DRAMSIM_LIBDIR ""
| /* end confdefs.h.  */
| #include <dramsim3.h>
configure:15234: result: no
configure:15234: checking for dramsim3.h
configure:15234: result: no
configure:15246: checking for libdramsim3_is_present in -ldramsim3
configure:15271: g++ -o conftest -g -O2  -std=c++1y -D__STDC_FORMAT_MACROS   -I/usr/include/python3.7m -I/usr/include/python3.7m  -I/home/xianwei/local/sstcore-11.0.0/include/sst/core -I/home/xianwei/local/sstcore-11.0.0/include    -L/usr/lib/python3.7/config-3.7m-x86_64-linux-gnu -L/usr/lib -lpython3.7m -lcrypt -lpthread -ldl  -lutil -lm  -Xlinker -export-dynamic -Wl,-O1 -Wl,-Bsymbolic-functions conftest.cpp -ldramsim3     >&5
/usr/bin/ld: cannot find -ldramsim3
collect2: error: ld returned 1 exit status
configure:15271: $? = 1
configure: failed program was:
| /* confdefs.h */
| #define PACKAGE_NAME "SST Elements Library"
| #define PACKAGE_TARNAME "sst-elements-library"
| #define PACKAGE_VERSION "11.0.0"
| #define PACKAGE_STRING "SST Elements Library 11.0.0"
| #define PACKAGE_BUGREPORT "sst@sandia.gov"
| #define PACKAGE_URL ""
| #define TIME_WITH_SYS_TIME 1
| #define STDC_HEADERS 1
| #define HAVE_SYS_TYPES_H 1
| #define HAVE_SYS_STAT_H 1
| #define HAVE_STDLIB_H 1
| #define HAVE_STRING_H 1
| #define HAVE_MEMORY_H 1
| #define HAVE_STRINGS_H 1
| #define HAVE_INTTYPES_H 1
| #define HAVE_STDINT_H 1
| #define HAVE_UNISTD_H 1
| #define HAVE_DLFCN_H 1
| #define LT_OBJDIR ".libs/"
| #define LT_MODULE_EXT ".so"
| #define LT_MODULE_PATH_VAR "LD_LIBRARY_PATH"
| #define LT_DLSEARCH_PATH "/lib:/usr/lib:/usr/lib/x86_64-linux-gnu/libfakeroot:/usr/local/lib:/usr/local/lib/x86_64-linux-gnu:/lib/x86_64-linux-gnu:/usr/lib/x86_64-linux-gnu"
| #define HAVE_LIBDL 1
| #define HAVE_DLERROR 1
| #define HAVE_LIBDLLOADER 1
| #define HAVE_ARGZ_H 1
| #define HAVE_ERROR_T 1
| #define HAVE_ARGZ_ADD 1
| #define HAVE_ARGZ_APPEND 1
| #define HAVE_ARGZ_COUNT 1
| #define HAVE_ARGZ_CREATE_SEP 1
| #define HAVE_ARGZ_INSERT 1
| #define HAVE_ARGZ_NEXT 1
| #define HAVE_ARGZ_STRINGIFY 1
| #define HAVE_WORKING_ARGZ 1
| #define HAVE_PRELOADED_SYMBOLS 1
| #define HAVE_LTDL 1
| #define HAVE_UNISTD_H 1
| #define HAVE_DIRENT_H 1
| #define HAVE_CLOSEDIR 1
| #define HAVE_OPENDIR 1
| #define HAVE_READDIR 1
| #define LT_LIBEXT "a"
| #define LT_LIBPREFIX "lib"
| #define TIME_WITH_SYS_TIME 1
| #define NVDIMMSIM_LIBDIR ""
| #define LIBPHX_LIBDIR ""
| #define PINTOOL_EXECUTABLE ""
| #define HAVE_SHM 1
| #define RAMULATOR_LIBDIR ""
| #define DRAMSIM_LIBDIR ""
| /* end confdefs.h.  */
| 
| /* Override any GCC internal prototype to avoid an error.
|    Use char because int might match the return type of a GCC
|    builtin and then its argument prototype would still apply.  */
| #ifdef __cplusplus
| extern "C"
| #endif
| char libdramsim3_is_present ();
| int
| main ()
| {
| return libdramsim3_is_present ();
|   ;
|   return 0;
| }
configure:15280: result: no
configure:15365: checking HBMDRAMSim.h usability
configure:15365: g++ -c -g -O2  -std=c++1y -D__STDC_FORMAT_MACROS   -I/usr/include/python3.7m -I/usr/include/python3.7m  -I/home/xianwei/local/sstcore-11.0.0/include/sst/core -I/home/xianwei/local/sstcore-11.0.0/include conftest.cpp >&5
conftest.cpp:88:10: fatal error: HBMDRAMSim.h: No such file or directory
 #include <HBMDRAMSim.h>
          ^~~~~~~~~~~~~~
compilation terminated.
configure:15365: $? = 1
configure: failed program was:
| /* confdefs.h */
| #define PACKAGE_NAME "SST Elements Library"
| #define PACKAGE_TARNAME "sst-elements-library"
| #define PACKAGE_VERSION "11.0.0"
| #define PACKAGE_STRING "SST Elements Library 11.0.0"
| #define PACKAGE_BUGREPORT "sst@sandia.gov"
| #define PACKAGE_URL ""
| #define TIME_WITH_SYS_TIME 1
| #define STDC_HEADERS 1
| #define HAVE_SYS_TYPES_H 1
| #define HAVE_SYS_STAT_H 1
| #define HAVE_STDLIB_H 1
| #define HAVE_STRING_H 1
| #define HAVE_MEMORY_H 1
| #define HAVE_STRINGS_H 1
| #define HAVE_INTTYPES_H 1
| #define HAVE_STDINT_H 1
| #define HAVE_UNISTD_H 1
| #define HAVE_DLFCN_H 1
| #define LT_OBJDIR ".libs/"
| #define LT_MODULE_EXT ".so"
| #define LT_MODULE_PATH_VAR "LD_LIBRARY_PATH"
| #define LT_DLSEARCH_PATH "/lib:/usr/lib:/usr/lib/x86_64-linux-gnu/libfakeroot:/usr/local/lib:/usr/local/lib/x86_64-linux-gnu:/lib/x86_64-linux-gnu:/usr/lib/x86_64-linux-gnu"
| #define HAVE_LIBDL 1
| #define HAVE_DLERROR 1
| #define HAVE_LIBDLLOADER 1
| #define HAVE_ARGZ_H 1
| #define HAVE_ERROR_T 1
| #define HAVE_ARGZ_ADD 1
| #define HAVE_ARGZ_APPEND 1
| #define HAVE_ARGZ_COUNT 1
| #define HAVE_ARGZ_CREATE_SEP 1
| #define HAVE_ARGZ_INSERT 1
| #define HAVE_ARGZ_NEXT 1
| #define HAVE_ARGZ_STRINGIFY 1
| #define HAVE_WORKING_ARGZ 1
| #define HAVE_PRELOADED_SYMBOLS 1
| #define HAVE_LTDL 1
| #define HAVE_UNISTD_H 1
| #define HAVE_DIRENT_H 1
| #define HAVE_CLOSEDIR 1
| #define HAVE_OPENDIR 1
| #define HAVE_READDIR 1
| #define LT_LIBEXT "a"
| #define LT_LIBPREFIX "lib"
| #define TIME_WITH_SYS_TIME 1
| #define NVDIMMSIM_LIBDIR ""
| #define LIBPHX_LIBDIR ""
| #define PINTOOL_EXECUTABLE ""
| #define HAVE_SHM 1
| #define RAMULATOR_LIBDIR ""
| #define DRAMSIM_LIBDIR ""
| #define DRAMSIM3_LIBDIR ""
| /* end confdefs.h.  */
| #include <stdio.h>
| #ifdef HAVE_SYS_TYPES_H
| # include <sys/types.h>
| #endif
| #ifdef HAVE_SYS_STAT_H
| # include <sys/stat.h>
| #endif
| #ifdef STDC_HEADERS
| # include <stdlib.h>
| # include <stddef.h>
| #else
| # ifdef HAVE_STDLIB_H
| #  include <stdlib.h>
| # endif
| #endif
| #ifdef HAVE_STRING_H
| # if !defined STDC_HEADERS && defined HAVE_MEMORY_H
| #  include <memory.h>
| # endif
| # include <string.h>
| #endif
| #ifdef HAVE_STRINGS_H
| # include <strings.h>
| #endif
| #ifdef HAVE_INTTYPES_H
| # include <inttypes.h>
| #endif
| #ifdef HAVE_STDINT_H
| # include <stdint.h>
| #endif
| #ifdef HAVE_UNISTD_H
| # include <unistd.h>
| #endif
| #include <HBMDRAMSim.h>
configure:15365: result: no
configure:15365: checking HBMDRAMSim.h presence
configure:15365: g++ -E   -I/usr/include/python3.7m -I/usr/include/python3.7m  -I/home/xianwei/local/sstcore-11.0.0/include/sst/core -I/home/xianwei/local/sstcore-11.0.0/include conftest.cpp
conftest.cpp:55:10: fatal error: HBMDRAMSim.h: No such file or directory
 #include <HBMDRAMSim.h>
          ^~~~~~~~~~~~~~
compilation terminated.
configure:15365: $? = 1
configure: failed program was:
| /* confdefs.h */
| #define PACKAGE_NAME "SST Elements Library"
| #define PACKAGE_TARNAME "sst-elements-library"
| #define PACKAGE_VERSION "11.0.0"
| #define PACKAGE_STRING "SST Elements Library 11.0.0"
| #define PACKAGE_BUGREPORT "sst@sandia.gov"
| #define PACKAGE_URL ""
| #define TIME_WITH_SYS_TIME 1
| #define STDC_HEADERS 1
| #define HAVE_SYS_TYPES_H 1
| #define HAVE_SYS_STAT_H 1
| #define HAVE_STDLIB_H 1
| #define HAVE_STRING_H 1
| #define HAVE_MEMORY_H 1
| #define HAVE_STRINGS_H 1
| #define HAVE_INTTYPES_H 1
| #define HAVE_STDINT_H 1
| #define HAVE_UNISTD_H 1
| #define HAVE_DLFCN_H 1
| #define LT_OBJDIR ".libs/"
| #define LT_MODULE_EXT ".so"
| #define LT_MODULE_PATH_VAR "LD_LIBRARY_PATH"
| #define LT_DLSEARCH_PATH "/lib:/usr/lib:/usr/lib/x86_64-linux-gnu/libfakeroot:/usr/local/lib:/usr/local/lib/x86_64-linux-gnu:/lib/x86_64-linux-gnu:/usr/lib/x86_64-linux-gnu"
| #define HAVE_LIBDL 1
| #define HAVE_DLERROR 1
| #define HAVE_LIBDLLOADER 1
| #define HAVE_ARGZ_H 1
| #define HAVE_ERROR_T 1
| #define HAVE_ARGZ_ADD 1
| #define HAVE_ARGZ_APPEND 1
| #define HAVE_ARGZ_COUNT 1
| #define HAVE_ARGZ_CREATE_SEP 1
| #define HAVE_ARGZ_INSERT 1
| #define HAVE_ARGZ_NEXT 1
| #define HAVE_ARGZ_STRINGIFY 1
| #define HAVE_WORKING_ARGZ 1
| #define HAVE_PRELOADED_SYMBOLS 1
| #define HAVE_LTDL 1
| #define HAVE_UNISTD_H 1
| #define HAVE_DIRENT_H 1
| #define HAVE_CLOSEDIR 1
| #define HAVE_OPENDIR 1
| #define HAVE_READDIR 1
| #define LT_LIBEXT "a"
| #define LT_LIBPREFIX "lib"
| #define TIME_WITH_SYS_TIME 1
| #define NVDIMMSIM_LIBDIR ""
| #define LIBPHX_LIBDIR ""
| #define PINTOOL_EXECUTABLE ""
| #define HAVE_SHM 1
| #define RAMULATOR_LIBDIR ""
| #define DRAMSIM_LIBDIR ""
| #define DRAMSIM3_LIBDIR ""
| /* end confdefs.h.  */
| #include <HBMDRAMSim.h>
configure:15365: result: no
configure:15365: checking for HBMDRAMSim.h
configure:15365: result: no
configure:15377: checking for libhbmdramsim_is_present in -lhbmdramsim
configure:15402: g++ -o conftest -g -O2  -std=c++1y -D__STDC_FORMAT_MACROS   -I/usr/include/python3.7m -I/usr/include/python3.7m  -I/home/xianwei/local/sstcore-11.0.0/include/sst/core -I/home/xianwei/local/sstcore-11.0.0/include    -L/usr/lib/python3.7/config-3.7m-x86_64-linux-gnu -L/usr/lib -lpython3.7m -lcrypt -lpthread -ldl  -lutil -lm  -Xlinker -export-dynamic -Wl,-O1 -Wl,-Bsymbolic-functions conftest.cpp -lhbmdramsim     >&5
/usr/bin/ld: cannot find -lhbmdramsim
collect2: error: ld returned 1 exit status
configure:15402: $? = 1
configure: failed program was:
| /* confdefs.h */
| #define PACKAGE_NAME "SST Elements Library"
| #define PACKAGE_TARNAME "sst-elements-library"
| #define PACKAGE_VERSION "11.0.0"
| #define PACKAGE_STRING "SST Elements Library 11.0.0"
| #define PACKAGE_BUGREPORT "sst@sandia.gov"
| #define PACKAGE_URL ""
| #define TIME_WITH_SYS_TIME 1
| #define STDC_HEADERS 1
| #define HAVE_SYS_TYPES_H 1
| #define HAVE_SYS_STAT_H 1
| #define HAVE_STDLIB_H 1
| #define HAVE_STRING_H 1
| #define HAVE_MEMORY_H 1
| #define HAVE_STRINGS_H 1
| #define HAVE_INTTYPES_H 1
| #define HAVE_STDINT_H 1
| #define HAVE_UNISTD_H 1
| #define HAVE_DLFCN_H 1
| #define LT_OBJDIR ".libs/"
| #define LT_MODULE_EXT ".so"
| #define LT_MODULE_PATH_VAR "LD_LIBRARY_PATH"
| #define LT_DLSEARCH_PATH "/lib:/usr/lib:/usr/lib/x86_64-linux-gnu/libfakeroot:/usr/local/lib:/usr/local/lib/x86_64-linux-gnu:/lib/x86_64-linux-gnu:/usr/lib/x86_64-linux-gnu"
| #define HAVE_LIBDL 1
| #define HAVE_DLERROR 1
| #define HAVE_LIBDLLOADER 1
| #define HAVE_ARGZ_H 1
| #define HAVE_ERROR_T 1
| #define HAVE_ARGZ_ADD 1
| #define HAVE_ARGZ_APPEND 1
| #define HAVE_ARGZ_COUNT 1
| #define HAVE_ARGZ_CREATE_SEP 1
| #define HAVE_ARGZ_INSERT 1
| #define HAVE_ARGZ_NEXT 1
| #define HAVE_ARGZ_STRINGIFY 1
| #define HAVE_WORKING_ARGZ 1
| #define HAVE_PRELOADED_SYMBOLS 1
| #define HAVE_LTDL 1
| #define HAVE_UNISTD_H 1
| #define HAVE_DIRENT_H 1
| #define HAVE_CLOSEDIR 1
| #define HAVE_OPENDIR 1
| #define HAVE_READDIR 1
| #define LT_LIBEXT "a"
| #define LT_LIBPREFIX "lib"
| #define TIME_WITH_SYS_TIME 1
| #define NVDIMMSIM_LIBDIR ""
| #define LIBPHX_LIBDIR ""
| #define PINTOOL_EXECUTABLE ""
| #define HAVE_SHM 1
| #define RAMULATOR_LIBDIR ""
| #define DRAMSIM_LIBDIR ""
| #define DRAMSIM3_LIBDIR ""
| /* end confdefs.h.  */
| 
| /* Override any GCC internal prototype to avoid an error.
|    Use char because int might match the return type of a GCC
|    builtin and then its argument prototype would still apply.  */
| #ifdef __cplusplus
| extern "C"
| #endif
| char libhbmdramsim_is_present ();
| int
| main ()
| {
| return libhbmdramsim_is_present ();
|   ;
|   return 0;
| }
configure:15411: result: no
configure:15496: checking HybridSim.h usability
configure:15496: g++ -c -g -O2  -std=c++1y -D__STDC_FORMAT_MACROS   -I/usr/include/python3.7m -I/usr/include/python3.7m  -I/home/xianwei/local/sstcore-11.0.0/include/sst/core -I/home/xianwei/local/sstcore-11.0.0/include conftest.cpp >&5
conftest.cpp:89:10: fatal error: HybridSim.h: No such file or directory
 #include <HybridSim.h>
          ^~~~~~~~~~~~~
compilation terminated.
configure:15496: $? = 1
configure: failed program was:
| /* confdefs.h */
| #define PACKAGE_NAME "SST Elements Library"
| #define PACKAGE_TARNAME "sst-elements-library"
| #define PACKAGE_VERSION "11.0.0"
| #define PACKAGE_STRING "SST Elements Library 11.0.0"
| #define PACKAGE_BUGREPORT "sst@sandia.gov"
| #define PACKAGE_URL ""
| #define TIME_WITH_SYS_TIME 1
| #define STDC_HEADERS 1
| #define HAVE_SYS_TYPES_H 1
| #define HAVE_SYS_STAT_H 1
| #define HAVE_STDLIB_H 1
| #define HAVE_STRING_H 1
| #define HAVE_MEMORY_H 1
| #define HAVE_STRINGS_H 1
| #define HAVE_INTTYPES_H 1
| #define HAVE_STDINT_H 1
| #define HAVE_UNISTD_H 1
| #define HAVE_DLFCN_H 1
| #define LT_OBJDIR ".libs/"
| #define LT_MODULE_EXT ".so"
| #define LT_MODULE_PATH_VAR "LD_LIBRARY_PATH"
| #define LT_DLSEARCH_PATH "/lib:/usr/lib:/usr/lib/x86_64-linux-gnu/libfakeroot:/usr/local/lib:/usr/local/lib/x86_64-linux-gnu:/lib/x86_64-linux-gnu:/usr/lib/x86_64-linux-gnu"
| #define HAVE_LIBDL 1
| #define HAVE_DLERROR 1
| #define HAVE_LIBDLLOADER 1
| #define HAVE_ARGZ_H 1
| #define HAVE_ERROR_T 1
| #define HAVE_ARGZ_ADD 1
| #define HAVE_ARGZ_APPEND 1
| #define HAVE_ARGZ_COUNT 1
| #define HAVE_ARGZ_CREATE_SEP 1
| #define HAVE_ARGZ_INSERT 1
| #define HAVE_ARGZ_NEXT 1
| #define HAVE_ARGZ_STRINGIFY 1
| #define HAVE_WORKING_ARGZ 1
| #define HAVE_PRELOADED_SYMBOLS 1
| #define HAVE_LTDL 1
| #define HAVE_UNISTD_H 1
| #define HAVE_DIRENT_H 1
| #define HAVE_CLOSEDIR 1
| #define HAVE_OPENDIR 1
| #define HAVE_READDIR 1
| #define LT_LIBEXT "a"
| #define LT_LIBPREFIX "lib"
| #define TIME_WITH_SYS_TIME 1
| #define NVDIMMSIM_LIBDIR ""
| #define LIBPHX_LIBDIR ""
| #define PINTOOL_EXECUTABLE ""
| #define HAVE_SHM 1
| #define RAMULATOR_LIBDIR ""
| #define DRAMSIM_LIBDIR ""
| #define DRAMSIM3_LIBDIR ""
| #define HBMDRAMSIM_LIBDIR ""
| /* end confdefs.h.  */
| #include <stdio.h>
| #ifdef HAVE_SYS_TYPES_H
| # include <sys/types.h>
| #endif
| #ifdef HAVE_SYS_STAT_H
| # include <sys/stat.h>
| #endif
| #ifdef STDC_HEADERS
| # include <stdlib.h>
| # include <stddef.h>
| #else
| # ifdef HAVE_STDLIB_H
| #  include <stdlib.h>
| # endif
| #endif
| #ifdef HAVE_STRING_H
| # if !defined STDC_HEADERS && defined HAVE_MEMORY_H
| #  include <memory.h>
| # endif
| # include <string.h>
| #endif
| #ifdef HAVE_STRINGS_H
| # include <strings.h>
| #endif
| #ifdef HAVE_INTTYPES_H
| # include <inttypes.h>
| #endif
| #ifdef HAVE_STDINT_H
| # include <stdint.h>
| #endif
| #ifdef HAVE_UNISTD_H
| # include <unistd.h>
| #endif
| #include <HybridSim.h>
configure:15496: result: no
configure:15496: checking HybridSim.h presence
configure:15496: g++ -E   -I/usr/include/python3.7m -I/usr/include/python3.7m  -I/home/xianwei/local/sstcore-11.0.0/include/sst/core -I/home/xianwei/local/sstcore-11.0.0/include conftest.cpp
conftest.cpp:56:10: fatal error: HybridSim.h: No such file or directory
 #include <HybridSim.h>
          ^~~~~~~~~~~~~
compilation terminated.
configure:15496: $? = 1
configure: failed program was:
| /* confdefs.h */
| #define PACKAGE_NAME "SST Elements Library"
| #define PACKAGE_TARNAME "sst-elements-library"
| #define PACKAGE_VERSION "11.0.0"
| #define PACKAGE_STRING "SST Elements Library 11.0.0"
| #define PACKAGE_BUGREPORT "sst@sandia.gov"
| #define PACKAGE_URL ""
| #define TIME_WITH_SYS_TIME 1
| #define STDC_HEADERS 1
| #define HAVE_SYS_TYPES_H 1
| #define HAVE_SYS_STAT_H 1
| #define HAVE_STDLIB_H 1
| #define HAVE_STRING_H 1
| #define HAVE_MEMORY_H 1
| #define HAVE_STRINGS_H 1
| #define HAVE_INTTYPES_H 1
| #define HAVE_STDINT_H 1
| #define HAVE_UNISTD_H 1
| #define HAVE_DLFCN_H 1
| #define LT_OBJDIR ".libs/"
| #define LT_MODULE_EXT ".so"
| #define LT_MODULE_PATH_VAR "LD_LIBRARY_PATH"
| #define LT_DLSEARCH_PATH "/lib:/usr/lib:/usr/lib/x86_64-linux-gnu/libfakeroot:/usr/local/lib:/usr/local/lib/x86_64-linux-gnu:/lib/x86_64-linux-gnu:/usr/lib/x86_64-linux-gnu"
| #define HAVE_LIBDL 1
| #define HAVE_DLERROR 1
| #define HAVE_LIBDLLOADER 1
| #define HAVE_ARGZ_H 1
| #define HAVE_ERROR_T 1
| #define HAVE_ARGZ_ADD 1
| #define HAVE_ARGZ_APPEND 1
| #define HAVE_ARGZ_COUNT 1
| #define HAVE_ARGZ_CREATE_SEP 1
| #define HAVE_ARGZ_INSERT 1
| #define HAVE_ARGZ_NEXT 1
| #define HAVE_ARGZ_STRINGIFY 1
| #define HAVE_WORKING_ARGZ 1
| #define HAVE_PRELOADED_SYMBOLS 1
| #define HAVE_LTDL 1
| #define HAVE_UNISTD_H 1
| #define HAVE_DIRENT_H 1
| #define HAVE_CLOSEDIR 1
| #define HAVE_OPENDIR 1
| #define HAVE_READDIR 1
| #define LT_LIBEXT "a"
| #define LT_LIBPREFIX "lib"
| #define TIME_WITH_SYS_TIME 1
| #define NVDIMMSIM_LIBDIR ""
| #define LIBPHX_LIBDIR ""
| #define PINTOOL_EXECUTABLE ""
| #define HAVE_SHM 1
| #define RAMULATOR_LIBDIR ""
| #define DRAMSIM_LIBDIR ""
| #define DRAMSIM3_LIBDIR ""
| #define HBMDRAMSIM_LIBDIR ""
| /* end confdefs.h.  */
| #include <HybridSim.h>
configure:15496: result: no
configure:15496: checking for HybridSim.h
configure:15496: result: no
configure:15508: checking for libhybridsim_is_present in -lhybridsim
configure:15533: g++ -o conftest -g -O2  -std=c++1y -D__STDC_FORMAT_MACROS   -I/usr/include/python3.7m -I/usr/include/python3.7m  -I/home/xianwei/local/sstcore-11.0.0/include/sst/core -I/home/xianwei/local/sstcore-11.0.0/include    -L/usr/lib/python3.7/config-3.7m-x86_64-linux-gnu -L/usr/lib -lpython3.7m -lcrypt -lpthread -ldl  -lutil -lm  -Xlinker -export-dynamic -Wl,-O1 -Wl,-Bsymbolic-functions conftest.cpp -lhybridsim     >&5
/usr/bin/ld: cannot find -lhybridsim
collect2: error: ld returned 1 exit status
configure:15533: $? = 1
configure: failed program was:
| /* confdefs.h */
| #define PACKAGE_NAME "SST Elements Library"
| #define PACKAGE_TARNAME "sst-elements-library"
| #define PACKAGE_VERSION "11.0.0"
| #define PACKAGE_STRING "SST Elements Library 11.0.0"
| #define PACKAGE_BUGREPORT "sst@sandia.gov"
| #define PACKAGE_URL ""
| #define TIME_WITH_SYS_TIME 1
| #define STDC_HEADERS 1
| #define HAVE_SYS_TYPES_H 1
| #define HAVE_SYS_STAT_H 1
| #define HAVE_STDLIB_H 1
| #define HAVE_STRING_H 1
| #define HAVE_MEMORY_H 1
| #define HAVE_STRINGS_H 1
| #define HAVE_INTTYPES_H 1
| #define HAVE_STDINT_H 1
| #define HAVE_UNISTD_H 1
| #define HAVE_DLFCN_H 1
| #define LT_OBJDIR ".libs/"
| #define LT_MODULE_EXT ".so"
| #define LT_MODULE_PATH_VAR "LD_LIBRARY_PATH"
| #define LT_DLSEARCH_PATH "/lib:/usr/lib:/usr/lib/x86_64-linux-gnu/libfakeroot:/usr/local/lib:/usr/local/lib/x86_64-linux-gnu:/lib/x86_64-linux-gnu:/usr/lib/x86_64-linux-gnu"
| #define HAVE_LIBDL 1
| #define HAVE_DLERROR 1
| #define HAVE_LIBDLLOADER 1
| #define HAVE_ARGZ_H 1
| #define HAVE_ERROR_T 1
| #define HAVE_ARGZ_ADD 1
| #define HAVE_ARGZ_APPEND 1
| #define HAVE_ARGZ_COUNT 1
| #define HAVE_ARGZ_CREATE_SEP 1
| #define HAVE_ARGZ_INSERT 1
| #define HAVE_ARGZ_NEXT 1
| #define HAVE_ARGZ_STRINGIFY 1
| #define HAVE_WORKING_ARGZ 1
| #define HAVE_PRELOADED_SYMBOLS 1
| #define HAVE_LTDL 1
| #define HAVE_UNISTD_H 1
| #define HAVE_DIRENT_H 1
| #define HAVE_CLOSEDIR 1
| #define HAVE_OPENDIR 1
| #define HAVE_READDIR 1
| #define LT_LIBEXT "a"
| #define LT_LIBPREFIX "lib"
| #define TIME_WITH_SYS_TIME 1
| #define NVDIMMSIM_LIBDIR ""
| #define LIBPHX_LIBDIR ""
| #define PINTOOL_EXECUTABLE ""
| #define HAVE_SHM 1
| #define RAMULATOR_LIBDIR ""
| #define DRAMSIM_LIBDIR ""
| #define DRAMSIM3_LIBDIR ""
| #define HBMDRAMSIM_LIBDIR ""
| /* end confdefs.h.  */
| 
| /* Override any GCC internal prototype to avoid an error.
|    Use char because int might match the return type of a GCC
|    builtin and then its argument prototype would still apply.  */
| #ifdef __cplusplus
| extern "C"
| #endif
| char libhybridsim_is_present ();
| int
| main ()
| {
| return libhybridsim_is_present ();
|   ;
|   return 0;
| }
configure:15542: result: no
configure:15646: checking hmc_sim.h usability
configure:15646: g++ -c -g -O2  -std=c++1y -D__STDC_FORMAT_MACROS   -I/usr/include/python3.7m -I/usr/include/python3.7m  -I/home/xianwei/local/sstcore-11.0.0/include/sst/core -I/home/xianwei/local/sstcore-11.0.0/include conftest.cpp >&5
conftest.cpp:90:10: fatal error: hmc_sim.h: No such file or directory
 #include <hmc_sim.h>
          ^~~~~~~~~~~
compilation terminated.
configure:15646: $? = 1
configure: failed program was:
| /* confdefs.h */
| #define PACKAGE_NAME "SST Elements Library"
| #define PACKAGE_TARNAME "sst-elements-library"
| #define PACKAGE_VERSION "11.0.0"
| #define PACKAGE_STRING "SST Elements Library 11.0.0"
| #define PACKAGE_BUGREPORT "sst@sandia.gov"
| #define PACKAGE_URL ""
| #define TIME_WITH_SYS_TIME 1
| #define STDC_HEADERS 1
| #define HAVE_SYS_TYPES_H 1
| #define HAVE_SYS_STAT_H 1
| #define HAVE_STDLIB_H 1
| #define HAVE_STRING_H 1
| #define HAVE_MEMORY_H 1
| #define HAVE_STRINGS_H 1
| #define HAVE_INTTYPES_H 1
| #define HAVE_STDINT_H 1
| #define HAVE_UNISTD_H 1
| #define HAVE_DLFCN_H 1
| #define LT_OBJDIR ".libs/"
| #define LT_MODULE_EXT ".so"
| #define LT_MODULE_PATH_VAR "LD_LIBRARY_PATH"
| #define LT_DLSEARCH_PATH "/lib:/usr/lib:/usr/lib/x86_64-linux-gnu/libfakeroot:/usr/local/lib:/usr/local/lib/x86_64-linux-gnu:/lib/x86_64-linux-gnu:/usr/lib/x86_64-linux-gnu"
| #define HAVE_LIBDL 1
| #define HAVE_DLERROR 1
| #define HAVE_LIBDLLOADER 1
| #define HAVE_ARGZ_H 1
| #define HAVE_ERROR_T 1
| #define HAVE_ARGZ_ADD 1
| #define HAVE_ARGZ_APPEND 1
| #define HAVE_ARGZ_COUNT 1
| #define HAVE_ARGZ_CREATE_SEP 1
| #define HAVE_ARGZ_INSERT 1
| #define HAVE_ARGZ_NEXT 1
| #define HAVE_ARGZ_STRINGIFY 1
| #define HAVE_WORKING_ARGZ 1
| #define HAVE_PRELOADED_SYMBOLS 1
| #define HAVE_LTDL 1
| #define HAVE_UNISTD_H 1
| #define HAVE_DIRENT_H 1
| #define HAVE_CLOSEDIR 1
| #define HAVE_OPENDIR 1
| #define HAVE_READDIR 1
| #define LT_LIBEXT "a"
| #define LT_LIBPREFIX "lib"
| #define TIME_WITH_SYS_TIME 1
| #define NVDIMMSIM_LIBDIR ""
| #define LIBPHX_LIBDIR ""
| #define PINTOOL_EXECUTABLE ""
| #define HAVE_SHM 1
| #define RAMULATOR_LIBDIR ""
| #define DRAMSIM_LIBDIR ""
| #define DRAMSIM3_LIBDIR ""
| #define HBMDRAMSIM_LIBDIR ""
| #define HYBRIDSIM_LIBDIR ""
| /* end confdefs.h.  */
| #include <stdio.h>
| #ifdef HAVE_SYS_TYPES_H
| # include <sys/types.h>
| #endif
| #ifdef HAVE_SYS_STAT_H
| # include <sys/stat.h>
| #endif
| #ifdef STDC_HEADERS
| # include <stdlib.h>
| # include <stddef.h>
| #else
| # ifdef HAVE_STDLIB_H
| #  include <stdlib.h>
| # endif
| #endif
| #ifdef HAVE_STRING_H
| # if !defined STDC_HEADERS && defined HAVE_MEMORY_H
| #  include <memory.h>
| # endif
| # include <string.h>
| #endif
| #ifdef HAVE_STRINGS_H
| # include <strings.h>
| #endif
| #ifdef HAVE_INTTYPES_H
| # include <inttypes.h>
| #endif
| #ifdef HAVE_STDINT_H
| # include <stdint.h>
| #endif
| #ifdef HAVE_UNISTD_H
| # include <unistd.h>
| #endif
| #include <hmc_sim.h>
configure:15646: result: no
configure:15646: checking hmc_sim.h presence
configure:15646: g++ -E   -I/usr/include/python3.7m -I/usr/include/python3.7m  -I/home/xianwei/local/sstcore-11.0.0/include/sst/core -I/home/xianwei/local/sstcore-11.0.0/include conftest.cpp
conftest.cpp:57:10: fatal error: hmc_sim.h: No such file or directory
 #include <hmc_sim.h>
          ^~~~~~~~~~~
compilation terminated.
configure:15646: $? = 1
configure: failed program was:
| /* confdefs.h */
| #define PACKAGE_NAME "SST Elements Library"
| #define PACKAGE_TARNAME "sst-elements-library"
| #define PACKAGE_VERSION "11.0.0"
| #define PACKAGE_STRING "SST Elements Library 11.0.0"
| #define PACKAGE_BUGREPORT "sst@sandia.gov"
| #define PACKAGE_URL ""
| #define TIME_WITH_SYS_TIME 1
| #define STDC_HEADERS 1
| #define HAVE_SYS_TYPES_H 1
| #define HAVE_SYS_STAT_H 1
| #define HAVE_STDLIB_H 1
| #define HAVE_STRING_H 1
| #define HAVE_MEMORY_H 1
| #define HAVE_STRINGS_H 1
| #define HAVE_INTTYPES_H 1
| #define HAVE_STDINT_H 1
| #define HAVE_UNISTD_H 1
| #define HAVE_DLFCN_H 1
| #define LT_OBJDIR ".libs/"
| #define LT_MODULE_EXT ".so"
| #define LT_MODULE_PATH_VAR "LD_LIBRARY_PATH"
| #define LT_DLSEARCH_PATH "/lib:/usr/lib:/usr/lib/x86_64-linux-gnu/libfakeroot:/usr/local/lib:/usr/local/lib/x86_64-linux-gnu:/lib/x86_64-linux-gnu:/usr/lib/x86_64-linux-gnu"
| #define HAVE_LIBDL 1
| #define HAVE_DLERROR 1
| #define HAVE_LIBDLLOADER 1
| #define HAVE_ARGZ_H 1
| #define HAVE_ERROR_T 1
| #define HAVE_ARGZ_ADD 1
| #define HAVE_ARGZ_APPEND 1
| #define HAVE_ARGZ_COUNT 1
| #define HAVE_ARGZ_CREATE_SEP 1
| #define HAVE_ARGZ_INSERT 1
| #define HAVE_ARGZ_NEXT 1
| #define HAVE_ARGZ_STRINGIFY 1
| #define HAVE_WORKING_ARGZ 1
| #define HAVE_PRELOADED_SYMBOLS 1
| #define HAVE_LTDL 1
| #define HAVE_UNISTD_H 1
| #define HAVE_DIRENT_H 1
| #define HAVE_CLOSEDIR 1
| #define HAVE_OPENDIR 1
| #define HAVE_READDIR 1
| #define LT_LIBEXT "a"
| #define LT_LIBPREFIX "lib"
| #define TIME_WITH_SYS_TIME 1
| #define NVDIMMSIM_LIBDIR ""
| #define LIBPHX_LIBDIR ""
| #define PINTOOL_EXECUTABLE ""
| #define HAVE_SHM 1
| #define RAMULATOR_LIBDIR ""
| #define DRAMSIM_LIBDIR ""
| #define DRAMSIM3_LIBDIR ""
| #define HBMDRAMSIM_LIBDIR ""
| #define HYBRIDSIM_LIBDIR ""
| /* end confdefs.h.  */
| #include <hmc_sim.h>
configure:15646: result: no
configure:15646: checking for hmc_sim.h
configure:15646: result: no
configure:15661: checking for hmcsim_clock in -lhmcsim
configure:15686: gcc -o conftest -g -O2    -I/usr/include/python3.7m -I/usr/include/python3.7m  -I/home/xianwei/local/sstcore-11.0.0/include/sst/core -I/home/xianwei/local/sstcore-11.0.0/include    -L/usr/lib/python3.7/config-3.7m-x86_64-linux-gnu -L/usr/lib -lpython3.7m -lcrypt -lpthread -ldl  -lutil -lm  -Xlinker -export-dynamic -Wl,-O1 -Wl,-Bsymbolic-functions conftest.c -lhmcsim     >&5
/usr/bin/ld: cannot find -lhmcsim
collect2: error: ld returned 1 exit status
configure:15686: $? = 1
configure: failed program was:
| /* confdefs.h */
| #define PACKAGE_NAME "SST Elements Library"
| #define PACKAGE_TARNAME "sst-elements-library"
| #define PACKAGE_VERSION "11.0.0"
| #define PACKAGE_STRING "SST Elements Library 11.0.0"
| #define PACKAGE_BUGREPORT "sst@sandia.gov"
| #define PACKAGE_URL ""
| #define TIME_WITH_SYS_TIME 1
| #define STDC_HEADERS 1
| #define HAVE_SYS_TYPES_H 1
| #define HAVE_SYS_STAT_H 1
| #define HAVE_STDLIB_H 1
| #define HAVE_STRING_H 1
| #define HAVE_MEMORY_H 1
| #define HAVE_STRINGS_H 1
| #define HAVE_INTTYPES_H 1
| #define HAVE_STDINT_H 1
| #define HAVE_UNISTD_H 1
| #define HAVE_DLFCN_H 1
| #define LT_OBJDIR ".libs/"
| #define LT_MODULE_EXT ".so"
| #define LT_MODULE_PATH_VAR "LD_LIBRARY_PATH"
| #define LT_DLSEARCH_PATH "/lib:/usr/lib:/usr/lib/x86_64-linux-gnu/libfakeroot:/usr/local/lib:/usr/local/lib/x86_64-linux-gnu:/lib/x86_64-linux-gnu:/usr/lib/x86_64-linux-gnu"
| #define HAVE_LIBDL 1
| #define HAVE_DLERROR 1
| #define HAVE_LIBDLLOADER 1
| #define HAVE_ARGZ_H 1
| #define HAVE_ERROR_T 1
| #define HAVE_ARGZ_ADD 1
| #define HAVE_ARGZ_APPEND 1
| #define HAVE_ARGZ_COUNT 1
| #define HAVE_ARGZ_CREATE_SEP 1
| #define HAVE_ARGZ_INSERT 1
| #define HAVE_ARGZ_NEXT 1
| #define HAVE_ARGZ_STRINGIFY 1
| #define HAVE_WORKING_ARGZ 1
| #define HAVE_PRELOADED_SYMBOLS 1
| #define HAVE_LTDL 1
| #define HAVE_UNISTD_H 1
| #define HAVE_DIRENT_H 1
| #define HAVE_CLOSEDIR 1
| #define HAVE_OPENDIR 1
| #define HAVE_READDIR 1
| #define LT_LIBEXT "a"
| #define LT_LIBPREFIX "lib"
| #define TIME_WITH_SYS_TIME 1
| #define NVDIMMSIM_LIBDIR ""
| #define LIBPHX_LIBDIR ""
| #define PINTOOL_EXECUTABLE ""
| #define HAVE_SHM 1
| #define RAMULATOR_LIBDIR ""
| #define DRAMSIM_LIBDIR ""
| #define DRAMSIM3_LIBDIR ""
| #define HBMDRAMSIM_LIBDIR ""
| #define HYBRIDSIM_LIBDIR ""
| /* end confdefs.h.  */
| 
| /* Override any GCC internal prototype to avoid an error.
|    Use char because int might match the return type of a GCC
|    builtin and then its argument prototype would still apply.  */
| #ifdef __cplusplus
| extern "C"
| #endif
| char hmcsim_clock ();
| int
| main ()
| {
| return hmcsim_clock ();
|   ;
|   return 0;
| }
configure:15695: result: no
configure:15730: checking for GOBLIN HMC Simulator library
configure:15732: result: no
configure:15784: checking for NVDIMM.h
configure:15784: result: no
configure:15796: checking for main in -lnvdsim
configure:15824: result: no
configure:15915: checking FlashDIMM.h usability
configure:15915: g++ -c -g -O2  -std=c++1y -D__STDC_FORMAT_MACROS   -I/usr/include/python3.7m -I/usr/include/python3.7m  -I/home/xianwei/local/sstcore-11.0.0/include/sst/core -I/home/xianwei/local/sstcore-11.0.0/include conftest.cpp >&5
conftest.cpp:92:10: fatal error: FlashDIMM.h: No such file or directory
 #include <FlashDIMM.h>
          ^~~~~~~~~~~~~
compilation terminated.
configure:15915: $? = 1
configure: failed program was:
| /* confdefs.h */
| #define PACKAGE_NAME "SST Elements Library"
| #define PACKAGE_TARNAME "sst-elements-library"
| #define PACKAGE_VERSION "11.0.0"
| #define PACKAGE_STRING "SST Elements Library 11.0.0"
| #define PACKAGE_BUGREPORT "sst@sandia.gov"
| #define PACKAGE_URL ""
| #define TIME_WITH_SYS_TIME 1
| #define STDC_HEADERS 1
| #define HAVE_SYS_TYPES_H 1
| #define HAVE_SYS_STAT_H 1
| #define HAVE_STDLIB_H 1
| #define HAVE_STRING_H 1
| #define HAVE_MEMORY_H 1
| #define HAVE_STRINGS_H 1
| #define HAVE_INTTYPES_H 1
| #define HAVE_STDINT_H 1
| #define HAVE_UNISTD_H 1
| #define HAVE_DLFCN_H 1
| #define LT_OBJDIR ".libs/"
| #define LT_MODULE_EXT ".so"
| #define LT_MODULE_PATH_VAR "LD_LIBRARY_PATH"
| #define LT_DLSEARCH_PATH "/lib:/usr/lib:/usr/lib/x86_64-linux-gnu/libfakeroot:/usr/local/lib:/usr/local/lib/x86_64-linux-gnu:/lib/x86_64-linux-gnu:/usr/lib/x86_64-linux-gnu"
| #define HAVE_LIBDL 1
| #define HAVE_DLERROR 1
| #define HAVE_LIBDLLOADER 1
| #define HAVE_ARGZ_H 1
| #define HAVE_ERROR_T 1
| #define HAVE_ARGZ_ADD 1
| #define HAVE_ARGZ_APPEND 1
| #define HAVE_ARGZ_COUNT 1
| #define HAVE_ARGZ_CREATE_SEP 1
| #define HAVE_ARGZ_INSERT 1
| #define HAVE_ARGZ_NEXT 1
| #define HAVE_ARGZ_STRINGIFY 1
| #define HAVE_WORKING_ARGZ 1
| #define HAVE_PRELOADED_SYMBOLS 1
| #define HAVE_LTDL 1
| #define HAVE_UNISTD_H 1
| #define HAVE_DIRENT_H 1
| #define HAVE_CLOSEDIR 1
| #define HAVE_OPENDIR 1
| #define HAVE_READDIR 1
| #define LT_LIBEXT "a"
| #define LT_LIBPREFIX "lib"
| #define TIME_WITH_SYS_TIME 1
| #define NVDIMMSIM_LIBDIR ""
| #define LIBPHX_LIBDIR ""
| #define PINTOOL_EXECUTABLE ""
| #define HAVE_SHM 1
| #define RAMULATOR_LIBDIR ""
| #define DRAMSIM_LIBDIR ""
| #define DRAMSIM3_LIBDIR ""
| #define HBMDRAMSIM_LIBDIR ""
| #define HYBRIDSIM_LIBDIR ""
| #define GOBLIN_HMCSIM_LIBDIR ""
| #define NVDIMMSIM_LIBDIR ""
| /* end confdefs.h.  */
| #include <stdio.h>
| #ifdef HAVE_SYS_TYPES_H
| # include <sys/types.h>
| #endif
| #ifdef HAVE_SYS_STAT_H
| # include <sys/stat.h>
| #endif
| #ifdef STDC_HEADERS
| # include <stdlib.h>
| # include <stddef.h>
| #else
| # ifdef HAVE_STDLIB_H
| #  include <stdlib.h>
| # endif
| #endif
| #ifdef HAVE_STRING_H
| # if !defined STDC_HEADERS && defined HAVE_MEMORY_H
| #  include <memory.h>
| # endif
| # include <string.h>
| #endif
| #ifdef HAVE_STRINGS_H
| # include <strings.h>
| #endif
| #ifdef HAVE_INTTYPES_H
| # include <inttypes.h>
| #endif
| #ifdef HAVE_STDINT_H
| # include <stdint.h>
| #endif
| #ifdef HAVE_UNISTD_H
| # include <unistd.h>
| #endif
| #include <FlashDIMM.h>
configure:15915: result: no
configure:15915: checking FlashDIMM.h presence
configure:15915: g++ -E   -I/usr/include/python3.7m -I/usr/include/python3.7m  -I/home/xianwei/local/sstcore-11.0.0/include/sst/core -I/home/xianwei/local/sstcore-11.0.0/include conftest.cpp
conftest.cpp:59:10: fatal error: FlashDIMM.h: No such file or directory
 #include <FlashDIMM.h>
          ^~~~~~~~~~~~~
compilation terminated.
configure:15915: $? = 1
configure: failed program was:
| /* confdefs.h */
| #define PACKAGE_NAME "SST Elements Library"
| #define PACKAGE_TARNAME "sst-elements-library"
| #define PACKAGE_VERSION "11.0.0"
| #define PACKAGE_STRING "SST Elements Library 11.0.0"
| #define PACKAGE_BUGREPORT "sst@sandia.gov"
| #define PACKAGE_URL ""
| #define TIME_WITH_SYS_TIME 1
| #define STDC_HEADERS 1
| #define HAVE_SYS_TYPES_H 1
| #define HAVE_SYS_STAT_H 1
| #define HAVE_STDLIB_H 1
| #define HAVE_STRING_H 1
| #define HAVE_MEMORY_H 1
| #define HAVE_STRINGS_H 1
| #define HAVE_INTTYPES_H 1
| #define HAVE_STDINT_H 1
| #define HAVE_UNISTD_H 1
| #define HAVE_DLFCN_H 1
| #define LT_OBJDIR ".libs/"
| #define LT_MODULE_EXT ".so"
| #define LT_MODULE_PATH_VAR "LD_LIBRARY_PATH"
| #define LT_DLSEARCH_PATH "/lib:/usr/lib:/usr/lib/x86_64-linux-gnu/libfakeroot:/usr/local/lib:/usr/local/lib/x86_64-linux-gnu:/lib/x86_64-linux-gnu:/usr/lib/x86_64-linux-gnu"
| #define HAVE_LIBDL 1
| #define HAVE_DLERROR 1
| #define HAVE_LIBDLLOADER 1
| #define HAVE_ARGZ_H 1
| #define HAVE_ERROR_T 1
| #define HAVE_ARGZ_ADD 1
| #define HAVE_ARGZ_APPEND 1
| #define HAVE_ARGZ_COUNT 1
| #define HAVE_ARGZ_CREATE_SEP 1
| #define HAVE_ARGZ_INSERT 1
| #define HAVE_ARGZ_NEXT 1
| #define HAVE_ARGZ_STRINGIFY 1
| #define HAVE_WORKING_ARGZ 1
| #define HAVE_PRELOADED_SYMBOLS 1
| #define HAVE_LTDL 1
| #define HAVE_UNISTD_H 1
| #define HAVE_DIRENT_H 1
| #define HAVE_CLOSEDIR 1
| #define HAVE_OPENDIR 1
| #define HAVE_READDIR 1
| #define LT_LIBEXT "a"
| #define LT_LIBPREFIX "lib"
| #define TIME_WITH_SYS_TIME 1
| #define NVDIMMSIM_LIBDIR ""
| #define LIBPHX_LIBDIR ""
| #define PINTOOL_EXECUTABLE ""
| #define HAVE_SHM 1
| #define RAMULATOR_LIBDIR ""
| #define DRAMSIM_LIBDIR ""
| #define DRAMSIM3_LIBDIR ""
| #define HBMDRAMSIM_LIBDIR ""
| #define HYBRIDSIM_LIBDIR ""
| #define GOBLIN_HMCSIM_LIBDIR ""
| #define NVDIMMSIM_LIBDIR ""
| /* end confdefs.h.  */
| #include <FlashDIMM.h>
configure:15915: result: no
configure:15915: checking for FlashDIMM.h
configure:15915: result: no
configure:15927: checking for main in -lfdsim
configure:15946: g++ -o conftest -g -O2  -std=c++1y -D__STDC_FORMAT_MACROS   -I/usr/include/python3.7m -I/usr/include/python3.7m  -I/home/xianwei/local/sstcore-11.0.0/include/sst/core -I/home/xianwei/local/sstcore-11.0.0/include    -L/usr/lib/python3.7/config-3.7m-x86_64-linux-gnu -L/usr/lib -lpython3.7m -lcrypt -lpthread -ldl  -lutil -lm  -Xlinker -export-dynamic -Wl,-O1 -Wl,-Bsymbolic-functions conftest.cpp -lfdsim     >&5
/usr/bin/ld: cannot find -lfdsim
collect2: error: ld returned 1 exit status
configure:15946: $? = 1
configure: failed program was:
| /* confdefs.h */
| #define PACKAGE_NAME "SST Elements Library"
| #define PACKAGE_TARNAME "sst-elements-library"
| #define PACKAGE_VERSION "11.0.0"
| #define PACKAGE_STRING "SST Elements Library 11.0.0"
| #define PACKAGE_BUGREPORT "sst@sandia.gov"
| #define PACKAGE_URL ""
| #define TIME_WITH_SYS_TIME 1
| #define STDC_HEADERS 1
| #define HAVE_SYS_TYPES_H 1
| #define HAVE_SYS_STAT_H 1
| #define HAVE_STDLIB_H 1
| #define HAVE_STRING_H 1
| #define HAVE_MEMORY_H 1
| #define HAVE_STRINGS_H 1
| #define HAVE_INTTYPES_H 1
| #define HAVE_STDINT_H 1
| #define HAVE_UNISTD_H 1
| #define HAVE_DLFCN_H 1
| #define LT_OBJDIR ".libs/"
| #define LT_MODULE_EXT ".so"
| #define LT_MODULE_PATH_VAR "LD_LIBRARY_PATH"
| #define LT_DLSEARCH_PATH "/lib:/usr/lib:/usr/lib/x86_64-linux-gnu/libfakeroot:/usr/local/lib:/usr/local/lib/x86_64-linux-gnu:/lib/x86_64-linux-gnu:/usr/lib/x86_64-linux-gnu"
| #define HAVE_LIBDL 1
| #define HAVE_DLERROR 1
| #define HAVE_LIBDLLOADER 1
| #define HAVE_ARGZ_H 1
| #define HAVE_ERROR_T 1
| #define HAVE_ARGZ_ADD 1
| #define HAVE_ARGZ_APPEND 1
| #define HAVE_ARGZ_COUNT 1
| #define HAVE_ARGZ_CREATE_SEP 1
| #define HAVE_ARGZ_INSERT 1
| #define HAVE_ARGZ_NEXT 1
| #define HAVE_ARGZ_STRINGIFY 1
| #define HAVE_WORKING_ARGZ 1
| #define HAVE_PRELOADED_SYMBOLS 1
| #define HAVE_LTDL 1
| #define HAVE_UNISTD_H 1
| #define HAVE_DIRENT_H 1
| #define HAVE_CLOSEDIR 1
| #define HAVE_OPENDIR 1
| #define HAVE_READDIR 1
| #define LT_LIBEXT "a"
| #define LT_LIBPREFIX "lib"
| #define TIME_WITH_SYS_TIME 1
| #define NVDIMMSIM_LIBDIR ""
| #define LIBPHX_LIBDIR ""
| #define PINTOOL_EXECUTABLE ""
| #define HAVE_SHM 1
| #define RAMULATOR_LIBDIR ""
| #define DRAMSIM_LIBDIR ""
| #define DRAMSIM3_LIBDIR ""
| #define HBMDRAMSIM_LIBDIR ""
| #define HYBRIDSIM_LIBDIR ""
| #define GOBLIN_HMCSIM_LIBDIR ""
| #define NVDIMMSIM_LIBDIR ""
| /* end confdefs.h.  */
| 
| 
| int
| main ()
| {
| return main ();
|   ;
|   return 0;
| }
configure:15955: result: no
configure:16043: checking for zlib.h
configure:16043: result: no
configure:16058: checking for gzopen in -lz
configure:16092: result: no
configure:16121: checking for libz compression library
configure:16123: result: no
configure:16195: checking sim.h usability
configure:16195: g++ -c -g -O2  -std=c++1y -D__STDC_FORMAT_MACROS   -I/usr/include/python3.7m -I/usr/include/python3.7m  -I/home/xianwei/local/sstcore-11.0.0/include/sst/core -I/home/xianwei/local/sstcore-11.0.0/include conftest.cpp >&5
conftest.cpp:93:10: fatal error: sim.h: No such file or directory
 #include <sim.h>
          ^~~~~~~
compilation terminated.
configure:16195: $? = 1
configure: failed program was:
| /* confdefs.h */
| #define PACKAGE_NAME "SST Elements Library"
| #define PACKAGE_TARNAME "sst-elements-library"
| #define PACKAGE_VERSION "11.0.0"
| #define PACKAGE_STRING "SST Elements Library 11.0.0"
| #define PACKAGE_BUGREPORT "sst@sandia.gov"
| #define PACKAGE_URL ""
| #define TIME_WITH_SYS_TIME 1
| #define STDC_HEADERS 1
| #define HAVE_SYS_TYPES_H 1
| #define HAVE_SYS_STAT_H 1
| #define HAVE_STDLIB_H 1
| #define HAVE_STRING_H 1
| #define HAVE_MEMORY_H 1
| #define HAVE_STRINGS_H 1
| #define HAVE_INTTYPES_H 1
| #define HAVE_STDINT_H 1
| #define HAVE_UNISTD_H 1
| #define HAVE_DLFCN_H 1
| #define LT_OBJDIR ".libs/"
| #define LT_MODULE_EXT ".so"
| #define LT_MODULE_PATH_VAR "LD_LIBRARY_PATH"
| #define LT_DLSEARCH_PATH "/lib:/usr/lib:/usr/lib/x86_64-linux-gnu/libfakeroot:/usr/local/lib:/usr/local/lib/x86_64-linux-gnu:/lib/x86_64-linux-gnu:/usr/lib/x86_64-linux-gnu"
| #define HAVE_LIBDL 1
| #define HAVE_DLERROR 1
| #define HAVE_LIBDLLOADER 1
| #define HAVE_ARGZ_H 1
| #define HAVE_ERROR_T 1
| #define HAVE_ARGZ_ADD 1
| #define HAVE_ARGZ_APPEND 1
| #define HAVE_ARGZ_COUNT 1
| #define HAVE_ARGZ_CREATE_SEP 1
| #define HAVE_ARGZ_INSERT 1
| #define HAVE_ARGZ_NEXT 1
| #define HAVE_ARGZ_STRINGIFY 1
| #define HAVE_WORKING_ARGZ 1
| #define HAVE_PRELOADED_SYMBOLS 1
| #define HAVE_LTDL 1
| #define HAVE_UNISTD_H 1
| #define HAVE_DIRENT_H 1
| #define HAVE_CLOSEDIR 1
| #define HAVE_OPENDIR 1
| #define HAVE_READDIR 1
| #define LT_LIBEXT "a"
| #define LT_LIBPREFIX "lib"
| #define TIME_WITH_SYS_TIME 1
| #define NVDIMMSIM_LIBDIR ""
| #define LIBPHX_LIBDIR ""
| #define PINTOOL_EXECUTABLE ""
| #define HAVE_SHM 1
| #define RAMULATOR_LIBDIR ""
| #define DRAMSIM_LIBDIR ""
| #define DRAMSIM3_LIBDIR ""
| #define HBMDRAMSIM_LIBDIR ""
| #define HYBRIDSIM_LIBDIR ""
| #define GOBLIN_HMCSIM_LIBDIR ""
| #define NVDIMMSIM_LIBDIR ""
| #define FDSIM_LIBDIR ""
| /* end confdefs.h.  */
| #include <stdio.h>
| #ifdef HAVE_SYS_TYPES_H
| # include <sys/types.h>
| #endif
| #ifdef HAVE_SYS_STAT_H
| # include <sys/stat.h>
| #endif
| #ifdef STDC_HEADERS
| # include <stdlib.h>
| # include <stddef.h>
| #else
| # ifdef HAVE_STDLIB_H
| #  include <stdlib.h>
| # endif
| #endif
| #ifdef HAVE_STRING_H
| # if !defined STDC_HEADERS && defined HAVE_MEMORY_H
| #  include <memory.h>
| # endif
| # include <string.h>
| #endif
| #ifdef HAVE_STRINGS_H
| # include <strings.h>
| #endif
| #ifdef HAVE_INTTYPES_H
| # include <inttypes.h>
| #endif
| #ifdef HAVE_STDINT_H
| # include <stdint.h>
| #endif
| #ifdef HAVE_UNISTD_H
| # include <unistd.h>
| #endif
| #include <sim.h>
configure:16195: result: no
configure:16195: checking sim.h presence
configure:16195: g++ -E   -I/usr/include/python3.7m -I/usr/include/python3.7m  -I/home/xianwei/local/sstcore-11.0.0/include/sst/core -I/home/xianwei/local/sstcore-11.0.0/include conftest.cpp
conftest.cpp:60:10: fatal error: sim.h: No such file or directory
 #include <sim.h>
          ^~~~~~~
compilation terminated.
configure:16195: $? = 1
configure: failed program was:
| /* confdefs.h */
| #define PACKAGE_NAME "SST Elements Library"
| #define PACKAGE_TARNAME "sst-elements-library"
| #define PACKAGE_VERSION "11.0.0"
| #define PACKAGE_STRING "SST Elements Library 11.0.0"
| #define PACKAGE_BUGREPORT "sst@sandia.gov"
| #define PACKAGE_URL ""
| #define TIME_WITH_SYS_TIME 1
| #define STDC_HEADERS 1
| #define HAVE_SYS_TYPES_H 1
| #define HAVE_SYS_STAT_H 1
| #define HAVE_STDLIB_H 1
| #define HAVE_STRING_H 1
| #define HAVE_MEMORY_H 1
| #define HAVE_STRINGS_H 1
| #define HAVE_INTTYPES_H 1
| #define HAVE_STDINT_H 1
| #define HAVE_UNISTD_H 1
| #define HAVE_DLFCN_H 1
| #define LT_OBJDIR ".libs/"
| #define LT_MODULE_EXT ".so"
| #define LT_MODULE_PATH_VAR "LD_LIBRARY_PATH"
| #define LT_DLSEARCH_PATH "/lib:/usr/lib:/usr/lib/x86_64-linux-gnu/libfakeroot:/usr/local/lib:/usr/local/lib/x86_64-linux-gnu:/lib/x86_64-linux-gnu:/usr/lib/x86_64-linux-gnu"
| #define HAVE_LIBDL 1
| #define HAVE_DLERROR 1
| #define HAVE_LIBDLLOADER 1
| #define HAVE_ARGZ_H 1
| #define HAVE_ERROR_T 1
| #define HAVE_ARGZ_ADD 1
| #define HAVE_ARGZ_APPEND 1
| #define HAVE_ARGZ_COUNT 1
| #define HAVE_ARGZ_CREATE_SEP 1
| #define HAVE_ARGZ_INSERT 1
| #define HAVE_ARGZ_NEXT 1
| #define HAVE_ARGZ_STRINGIFY 1
| #define HAVE_WORKING_ARGZ 1
| #define HAVE_PRELOADED_SYMBOLS 1
| #define HAVE_LTDL 1
| #define HAVE_UNISTD_H 1
| #define HAVE_DIRENT_H 1
| #define HAVE_CLOSEDIR 1
| #define HAVE_OPENDIR 1
| #define HAVE_READDIR 1
| #define LT_LIBEXT "a"
| #define LT_LIBPREFIX "lib"
| #define TIME_WITH_SYS_TIME 1
| #define NVDIMMSIM_LIBDIR ""
| #define LIBPHX_LIBDIR ""
| #define PINTOOL_EXECUTABLE ""
| #define HAVE_SHM 1
| #define RAMULATOR_LIBDIR ""
| #define DRAMSIM_LIBDIR ""
| #define DRAMSIM3_LIBDIR ""
| #define HBMDRAMSIM_LIBDIR ""
| #define HYBRIDSIM_LIBDIR ""
| #define GOBLIN_HMCSIM_LIBDIR ""
| #define NVDIMMSIM_LIBDIR ""
| #define FDSIM_LIBDIR ""
| /* end confdefs.h.  */
| #include <sim.h>
configure:16195: result: no
configure:16195: checking for sim.h
configure:16195: result: no
configure:16210: checking for _ZN5sim_t3runEv in -lriscv
configure:16235: gcc -o conftest -g -O2    -I/usr/include/python3.7m -I/usr/include/python3.7m  -I/home/xianwei/local/sstcore-11.0.0/include/sst/core -I/home/xianwei/local/sstcore-11.0.0/include    -L/usr/lib/python3.7/config-3.7m-x86_64-linux-gnu -L/usr/lib -lpython3.7m -lcrypt -lpthread -ldl  -lutil -lm  -Xlinker -export-dynamic -Wl,-O1 -Wl,-Bsymbolic-functions conftest.c -lriscv -lfesvr -lsoftfloat    >&5
/usr/bin/ld: cannot find -lriscv
/usr/bin/ld: cannot find -lfesvr
/usr/bin/ld: cannot find -lsoftfloat
collect2: error: ld returned 1 exit status
configure:16235: $? = 1
configure: failed program was:
| /* confdefs.h */
| #define PACKAGE_NAME "SST Elements Library"
| #define PACKAGE_TARNAME "sst-elements-library"
| #define PACKAGE_VERSION "11.0.0"
| #define PACKAGE_STRING "SST Elements Library 11.0.0"
| #define PACKAGE_BUGREPORT "sst@sandia.gov"
| #define PACKAGE_URL ""
| #define TIME_WITH_SYS_TIME 1
| #define STDC_HEADERS 1
| #define HAVE_SYS_TYPES_H 1
| #define HAVE_SYS_STAT_H 1
| #define HAVE_STDLIB_H 1
| #define HAVE_STRING_H 1
| #define HAVE_MEMORY_H 1
| #define HAVE_STRINGS_H 1
| #define HAVE_INTTYPES_H 1
| #define HAVE_STDINT_H 1
| #define HAVE_UNISTD_H 1
| #define HAVE_DLFCN_H 1
| #define LT_OBJDIR ".libs/"
| #define LT_MODULE_EXT ".so"
| #define LT_MODULE_PATH_VAR "LD_LIBRARY_PATH"
| #define LT_DLSEARCH_PATH "/lib:/usr/lib:/usr/lib/x86_64-linux-gnu/libfakeroot:/usr/local/lib:/usr/local/lib/x86_64-linux-gnu:/lib/x86_64-linux-gnu:/usr/lib/x86_64-linux-gnu"
| #define HAVE_LIBDL 1
| #define HAVE_DLERROR 1
| #define HAVE_LIBDLLOADER 1
| #define HAVE_ARGZ_H 1
| #define HAVE_ERROR_T 1
| #define HAVE_ARGZ_ADD 1
| #define HAVE_ARGZ_APPEND 1
| #define HAVE_ARGZ_COUNT 1
| #define HAVE_ARGZ_CREATE_SEP 1
| #define HAVE_ARGZ_INSERT 1
| #define HAVE_ARGZ_NEXT 1
| #define HAVE_ARGZ_STRINGIFY 1
| #define HAVE_WORKING_ARGZ 1
| #define HAVE_PRELOADED_SYMBOLS 1
| #define HAVE_LTDL 1
| #define HAVE_UNISTD_H 1
| #define HAVE_DIRENT_H 1
| #define HAVE_CLOSEDIR 1
| #define HAVE_OPENDIR 1
| #define HAVE_READDIR 1
| #define LT_LIBEXT "a"
| #define LT_LIBPREFIX "lib"
| #define TIME_WITH_SYS_TIME 1
| #define NVDIMMSIM_LIBDIR ""
| #define LIBPHX_LIBDIR ""
| #define PINTOOL_EXECUTABLE ""
| #define HAVE_SHM 1
| #define RAMULATOR_LIBDIR ""
| #define DRAMSIM_LIBDIR ""
| #define DRAMSIM3_LIBDIR ""
| #define HBMDRAMSIM_LIBDIR ""
| #define HYBRIDSIM_LIBDIR ""
| #define GOBLIN_HMCSIM_LIBDIR ""
| #define NVDIMMSIM_LIBDIR ""
| #define FDSIM_LIBDIR ""
| /* end confdefs.h.  */
| 
| /* Override any GCC internal prototype to avoid an error.
|    Use char because int might match the return type of a GCC
|    builtin and then its argument prototype would still apply.  */
| #ifdef __cplusplus
| extern "C"
| #endif
| char _ZN5sim_t3runEv ();
| int
| main ()
| {
| return _ZN5sim_t3runEv ();
|   ;
|   return 0;
| }
configure:16244: result: no
configure:16279: checking for RISC-V Spike simulator library
configure:16281: result: no
configure:16346: checking for zlib.h
configure:16346: result: no
configure:16361: checking for gzopen in -lz
configure:16395: result: no
configure:16424: checking for libz compression library
configure:16426: result: no
configure:16472: checking for pin.sh
configure:16506: result: no
configure:16513: checking for pin
configure:16547: result: no
configure:16606: checking PIN Tool
configure:16608: result: no
configure:16634: checking for library containing shm_open
configure:16682: result: -lrt
configure:16798: checking for otfconfig
configure:16831: result: no
configure:16863: checking for OTF library
configure:16865: result: no
configure:16914: checking dumpi/libundumpi/libundumpi.h usability
configure:16914: g++ -c -g -O2  -std=c++1y -D__STDC_FORMAT_MACROS   -I/usr/include/python3.7m -I/usr/include/python3.7m  -I/home/xianwei/local/sstcore-11.0.0/include/sst/core -I/home/xianwei/local/sstcore-11.0.0/include conftest.cpp >&5
conftest.cpp:96:10: fatal error: dumpi/libundumpi/libundumpi.h: No such file or directory
 #include <dumpi/libundumpi/libundumpi.h>
          ^~~~~~~~~~~~~~~~~~~~~~~~~~~~~~~
compilation terminated.
configure:16914: $? = 1
configure: failed program was:
| /* confdefs.h */
| #define PACKAGE_NAME "SST Elements Library"
| #define PACKAGE_TARNAME "sst-elements-library"
| #define PACKAGE_VERSION "11.0.0"
| #define PACKAGE_STRING "SST Elements Library 11.0.0"
| #define PACKAGE_BUGREPORT "sst@sandia.gov"
| #define PACKAGE_URL ""
| #define TIME_WITH_SYS_TIME 1
| #define STDC_HEADERS 1
| #define HAVE_SYS_TYPES_H 1
| #define HAVE_SYS_STAT_H 1
| #define HAVE_STDLIB_H 1
| #define HAVE_STRING_H 1
| #define HAVE_MEMORY_H 1
| #define HAVE_STRINGS_H 1
| #define HAVE_INTTYPES_H 1
| #define HAVE_STDINT_H 1
| #define HAVE_UNISTD_H 1
| #define HAVE_DLFCN_H 1
| #define LT_OBJDIR ".libs/"
| #define LT_MODULE_EXT ".so"
| #define LT_MODULE_PATH_VAR "LD_LIBRARY_PATH"
| #define LT_DLSEARCH_PATH "/lib:/usr/lib:/usr/lib/x86_64-linux-gnu/libfakeroot:/usr/local/lib:/usr/local/lib/x86_64-linux-gnu:/lib/x86_64-linux-gnu:/usr/lib/x86_64-linux-gnu"
| #define HAVE_LIBDL 1
| #define HAVE_DLERROR 1
| #define HAVE_LIBDLLOADER 1
| #define HAVE_ARGZ_H 1
| #define HAVE_ERROR_T 1
| #define HAVE_ARGZ_ADD 1
| #define HAVE_ARGZ_APPEND 1
| #define HAVE_ARGZ_COUNT 1
| #define HAVE_ARGZ_CREATE_SEP 1
| #define HAVE_ARGZ_INSERT 1
| #define HAVE_ARGZ_NEXT 1
| #define HAVE_ARGZ_STRINGIFY 1
| #define HAVE_WORKING_ARGZ 1
| #define HAVE_PRELOADED_SYMBOLS 1
| #define HAVE_LTDL 1
| #define HAVE_UNISTD_H 1
| #define HAVE_DIRENT_H 1
| #define HAVE_CLOSEDIR 1
| #define HAVE_OPENDIR 1
| #define HAVE_READDIR 1
| #define LT_LIBEXT "a"
| #define LT_LIBPREFIX "lib"
| #define TIME_WITH_SYS_TIME 1
| #define NVDIMMSIM_LIBDIR ""
| #define LIBPHX_LIBDIR ""
| #define PINTOOL_EXECUTABLE ""
| #define HAVE_SHM 1
| #define RAMULATOR_LIBDIR ""
| #define DRAMSIM_LIBDIR ""
| #define DRAMSIM3_LIBDIR ""
| #define HBMDRAMSIM_LIBDIR ""
| #define HYBRIDSIM_LIBDIR ""
| #define GOBLIN_HMCSIM_LIBDIR ""
| #define NVDIMMSIM_LIBDIR ""
| #define FDSIM_LIBDIR ""
| #define STAKE_LIBDIR ""
| #define PINTOOL_EXECUTABLE ""
| #define HAVE_SHM 1
| /* end confdefs.h.  */
| #include <stdio.h>
| #ifdef HAVE_SYS_TYPES_H
| # include <sys/types.h>
| #endif
| #ifdef HAVE_SYS_STAT_H
| # include <sys/stat.h>
| #endif
| #ifdef STDC_HEADERS
| # include <stdlib.h>
| # include <stddef.h>
| #else
| # ifdef HAVE_STDLIB_H
| #  include <stdlib.h>
| # endif
| #endif
| #ifdef HAVE_STRING_H
| # if !defined STDC_HEADERS && defined HAVE_MEMORY_H
| #  include <memory.h>
| # endif
| # include <string.h>
| #endif
| #ifdef HAVE_STRINGS_H
| # include <strings.h>
| #endif
| #ifdef HAVE_INTTYPES_H
| # include <inttypes.h>
| #endif
| #ifdef HAVE_STDINT_H
| # include <stdint.h>
| #endif
| #ifdef HAVE_UNISTD_H
| # include <unistd.h>
| #endif
| #include <dumpi/libundumpi/libundumpi.h>
configure:16914: result: no
configure:16914: checking dumpi/libundumpi/libundumpi.h presence
configure:16914: g++ -E   -I/usr/include/python3.7m -I/usr/include/python3.7m  -I/home/xianwei/local/sstcore-11.0.0/include/sst/core -I/home/xianwei/local/sstcore-11.0.0/include conftest.cpp
conftest.cpp:63:10: fatal error: dumpi/libundumpi/libundumpi.h: No such file or directory
 #include <dumpi/libundumpi/libundumpi.h>
          ^~~~~~~~~~~~~~~~~~~~~~~~~~~~~~~
compilation terminated.
configure:16914: $? = 1
configure: failed program was:
| /* confdefs.h */
| #define PACKAGE_NAME "SST Elements Library"
| #define PACKAGE_TARNAME "sst-elements-library"
| #define PACKAGE_VERSION "11.0.0"
| #define PACKAGE_STRING "SST Elements Library 11.0.0"
| #define PACKAGE_BUGREPORT "sst@sandia.gov"
| #define PACKAGE_URL ""
| #define TIME_WITH_SYS_TIME 1
| #define STDC_HEADERS 1
| #define HAVE_SYS_TYPES_H 1
| #define HAVE_SYS_STAT_H 1
| #define HAVE_STDLIB_H 1
| #define HAVE_STRING_H 1
| #define HAVE_MEMORY_H 1
| #define HAVE_STRINGS_H 1
| #define HAVE_INTTYPES_H 1
| #define HAVE_STDINT_H 1
| #define HAVE_UNISTD_H 1
| #define HAVE_DLFCN_H 1
| #define LT_OBJDIR ".libs/"
| #define LT_MODULE_EXT ".so"
| #define LT_MODULE_PATH_VAR "LD_LIBRARY_PATH"
| #define LT_DLSEARCH_PATH "/lib:/usr/lib:/usr/lib/x86_64-linux-gnu/libfakeroot:/usr/local/lib:/usr/local/lib/x86_64-linux-gnu:/lib/x86_64-linux-gnu:/usr/lib/x86_64-linux-gnu"
| #define HAVE_LIBDL 1
| #define HAVE_DLERROR 1
| #define HAVE_LIBDLLOADER 1
| #define HAVE_ARGZ_H 1
| #define HAVE_ERROR_T 1
| #define HAVE_ARGZ_ADD 1
| #define HAVE_ARGZ_APPEND 1
| #define HAVE_ARGZ_COUNT 1
| #define HAVE_ARGZ_CREATE_SEP 1
| #define HAVE_ARGZ_INSERT 1
| #define HAVE_ARGZ_NEXT 1
| #define HAVE_ARGZ_STRINGIFY 1
| #define HAVE_WORKING_ARGZ 1
| #define HAVE_PRELOADED_SYMBOLS 1
| #define HAVE_LTDL 1
| #define HAVE_UNISTD_H 1
| #define HAVE_DIRENT_H 1
| #define HAVE_CLOSEDIR 1
| #define HAVE_OPENDIR 1
| #define HAVE_READDIR 1
| #define LT_LIBEXT "a"
| #define LT_LIBPREFIX "lib"
| #define TIME_WITH_SYS_TIME 1
| #define NVDIMMSIM_LIBDIR ""
| #define LIBPHX_LIBDIR ""
| #define PINTOOL_EXECUTABLE ""
| #define HAVE_SHM 1
| #define RAMULATOR_LIBDIR ""
| #define DRAMSIM_LIBDIR ""
| #define DRAMSIM3_LIBDIR ""
| #define HBMDRAMSIM_LIBDIR ""
| #define HYBRIDSIM_LIBDIR ""
| #define GOBLIN_HMCSIM_LIBDIR ""
| #define NVDIMMSIM_LIBDIR ""
| #define FDSIM_LIBDIR ""
| #define STAKE_LIBDIR ""
| #define PINTOOL_EXECUTABLE ""
| #define HAVE_SHM 1
| /* end confdefs.h.  */
| #include <dumpi/libundumpi/libundumpi.h>
configure:16914: result: no
configure:16914: checking for dumpi/libundumpi/libundumpi.h
configure:16914: result: no
configure:16929: checking for undumpi_open in -lundumpi
configure:16954: gcc -o conftest -g -O2    -I/usr/include/python3.7m -I/usr/include/python3.7m  -I/home/xianwei/local/sstcore-11.0.0/include/sst/core -I/home/xianwei/local/sstcore-11.0.0/include    -L/usr/lib/python3.7/config-3.7m-x86_64-linux-gnu -L/usr/lib -lpython3.7m -lcrypt -lpthread -ldl  -lutil -lm  -Xlinker -export-dynamic -Wl,-O1 -Wl,-Bsymbolic-functions conftest.c -lundumpi     >&5
/usr/bin/ld: cannot find -lundumpi
collect2: error: ld returned 1 exit status
configure:16954: $? = 1
configure: failed program was:
| /* confdefs.h */
| #define PACKAGE_NAME "SST Elements Library"
| #define PACKAGE_TARNAME "sst-elements-library"
| #define PACKAGE_VERSION "11.0.0"
| #define PACKAGE_STRING "SST Elements Library 11.0.0"
| #define PACKAGE_BUGREPORT "sst@sandia.gov"
| #define PACKAGE_URL ""
| #define TIME_WITH_SYS_TIME 1
| #define STDC_HEADERS 1
| #define HAVE_SYS_TYPES_H 1
| #define HAVE_SYS_STAT_H 1
| #define HAVE_STDLIB_H 1
| #define HAVE_STRING_H 1
| #define HAVE_MEMORY_H 1
| #define HAVE_STRINGS_H 1
| #define HAVE_INTTYPES_H 1
| #define HAVE_STDINT_H 1
| #define HAVE_UNISTD_H 1
| #define HAVE_DLFCN_H 1
| #define LT_OBJDIR ".libs/"
| #define LT_MODULE_EXT ".so"
| #define LT_MODULE_PATH_VAR "LD_LIBRARY_PATH"
| #define LT_DLSEARCH_PATH "/lib:/usr/lib:/usr/lib/x86_64-linux-gnu/libfakeroot:/usr/local/lib:/usr/local/lib/x86_64-linux-gnu:/lib/x86_64-linux-gnu:/usr/lib/x86_64-linux-gnu"
| #define HAVE_LIBDL 1
| #define HAVE_DLERROR 1
| #define HAVE_LIBDLLOADER 1
| #define HAVE_ARGZ_H 1
| #define HAVE_ERROR_T 1
| #define HAVE_ARGZ_ADD 1
| #define HAVE_ARGZ_APPEND 1
| #define HAVE_ARGZ_COUNT 1
| #define HAVE_ARGZ_CREATE_SEP 1
| #define HAVE_ARGZ_INSERT 1
| #define HAVE_ARGZ_NEXT 1
| #define HAVE_ARGZ_STRINGIFY 1
| #define HAVE_WORKING_ARGZ 1
| #define HAVE_PRELOADED_SYMBOLS 1
| #define HAVE_LTDL 1
| #define HAVE_UNISTD_H 1
| #define HAVE_DIRENT_H 1
| #define HAVE_CLOSEDIR 1
| #define HAVE_OPENDIR 1
| #define HAVE_READDIR 1
| #define LT_LIBEXT "a"
| #define LT_LIBPREFIX "lib"
| #define TIME_WITH_SYS_TIME 1
| #define NVDIMMSIM_LIBDIR ""
| #define LIBPHX_LIBDIR ""
| #define PINTOOL_EXECUTABLE ""
| #define HAVE_SHM 1
| #define RAMULATOR_LIBDIR ""
| #define DRAMSIM_LIBDIR ""
| #define DRAMSIM3_LIBDIR ""
| #define HBMDRAMSIM_LIBDIR ""
| #define HYBRIDSIM_LIBDIR ""
| #define GOBLIN_HMCSIM_LIBDIR ""
| #define NVDIMMSIM_LIBDIR ""
| #define FDSIM_LIBDIR ""
| #define STAKE_LIBDIR ""
| #define PINTOOL_EXECUTABLE ""
| #define HAVE_SHM 1
| /* end confdefs.h.  */
| 
| /* Override any GCC internal prototype to avoid an error.
|    Use char because int might match the return type of a GCC
|    builtin and then its argument prototype would still apply.  */
| #ifdef __cplusplus
| extern "C"
| #endif
| char undumpi_open ();
| int
| main ()
| {
| return undumpi_open ();
|   ;
|   return 0;
| }
configure:16963: result: no
configure:16992: checking for DUMPI tracing library
configure:16994: result: no
configure:17061: checking for SST-Elements Git Branch, Head SHA and Commit Count
configure:17075: result: N/A
configure:17078: result: 11.0.0
configure:17081: result: 0
configure:17136: g++ -c -g -O2  -std=c++1y -D__STDC_FORMAT_MACROS    -I/usr/include/python3.7m -I/usr/include/python3.7m  -I/home/xianwei/local/sstcore-11.0.0/include/sst/core -I/home/xianwei/local/sstcore-11.0.0/include conftest.cpp >&5
configure:17136: $? = 0
configure:17169: checking for for PR_SET_PTRACER
configure:17171: result: yes
configure:17279: checking that generated files are newer than configure
configure:17285: result: done
configure:17457: creating ./config.status
configure:19886: WARNING: unrecognized options: --enable-ltdl-convenience

## ---------------- ##
## Cache variables. ##
## ---------------- ##

ac_cv_build=x86_64-pc-linux-gnu
ac_cv_c_compiler_gnu=yes
ac_cv_c_inline=inline
ac_cv_cxx_compiler_gnu=yes
ac_cv_env_CCC_set=
ac_cv_env_CCC_value=
ac_cv_env_CC_set=
ac_cv_env_CC_value=
ac_cv_env_CFLAGS_set=
ac_cv_env_CFLAGS_value=
ac_cv_env_CPPFLAGS_set=
ac_cv_env_CPPFLAGS_value=
ac_cv_env_CPP_set=
ac_cv_env_CPP_value=
ac_cv_env_CXXCPP_set=
ac_cv_env_CXXCPP_value=
ac_cv_env_CXXFLAGS_set=
ac_cv_env_CXXFLAGS_value=
ac_cv_env_CXX_set=
ac_cv_env_CXX_value=
ac_cv_env_LDFLAGS_set=
ac_cv_env_LDFLAGS_value=
ac_cv_env_LIBS_set=
ac_cv_env_LIBS_value=
ac_cv_env_LT_SYS_LIBRARY_PATH_set=
ac_cv_env_LT_SYS_LIBRARY_PATH_value=
ac_cv_env_build_alias_set=
ac_cv_env_build_alias_value=
ac_cv_env_host_alias_set=
ac_cv_env_host_alias_value=
ac_cv_env_target_alias_set=
ac_cv_env_target_alias_value=
ac_cv_file__bin_nvcc=no
ac_cv_func_argz_add=yes
ac_cv_func_argz_append=yes
ac_cv_func_argz_count=yes
ac_cv_func_argz_create_sep=yes
ac_cv_func_argz_insert=yes
ac_cv_func_argz_next=yes
ac_cv_func_argz_stringify=yes
ac_cv_func_closedir=yes
ac_cv_func_dlerror=yes
ac_cv_func_dlopen=no
ac_cv_func_opendir=yes
ac_cv_func_readdir=yes
ac_cv_func_shl_load=no
ac_cv_func_strlcat=no
ac_cv_func_strlcpy=no
ac_cv_have_decl_lt_dlinterface_register=yes
ac_cv_header_DRAMSim_h=no
ac_cv_header_FlashDIMM_h=no
ac_cv_header_Gem5Wrapper_h=no
ac_cv_header_HBMDRAMSim_h=no
ac_cv_header_HybridSim_h=no
ac_cv_header_NVDIMM_h=no
ac_cv_header_Vault_h=no
ac_cv_header_argz_h=yes
ac_cv_header_dirent_h=yes
ac_cv_header_dl_h=no
ac_cv_header_dld_h=no
ac_cv_header_dlfcn_h=yes
ac_cv_header_dramsim3_h=no
ac_cv_header_dumpi_libundumpi_libundumpi_h=no
ac_cv_header_hmc_sim_h=no
ac_cv_header_inttypes_h=yes
ac_cv_header_ltdl_h=yes
ac_cv_header_mach_o_dyld_h=no
ac_cv_header_memory_h=yes
ac_cv_header_sim_h=no
ac_cv_header_stdc=yes
ac_cv_header_stdint_h=yes
ac_cv_header_stdlib_h=yes
ac_cv_header_string_h=yes
ac_cv_header_strings_h=yes
ac_cv_header_sys_dl_h=no
ac_cv_header_sys_stat_h=yes
ac_cv_header_sys_types_h=yes
ac_cv_header_time=yes
ac_cv_header_unistd_h=yes
ac_cv_header_zlib_h=no
ac_cv_host=x86_64-pc-linux-gnu
ac_cv_lib_dl_dlopen=yes
ac_cv_lib_dld_dld_link=no
ac_cv_lib_dld_shl_load=no
ac_cv_lib_dramsim3_libdramsim3_is_present=no
ac_cv_lib_dramsim_libdramsim_is_present=no
ac_cv_lib_fdsim_main=no
ac_cv_lib_hbmdramsim_libhbmdramsim_is_present=no
ac_cv_lib_hmcsim_hmcsim_clock=no
ac_cv_lib_hybridsim_libhybridsim_is_present=no
ac_cv_lib_ltdl_lt_dladvise_preload=yes
ac_cv_lib_nvdsim_main=no
ac_cv_lib_phx_vault_is_present=no
ac_cv_lib_ramulator_libramulator_is_present=no
ac_cv_lib_riscv__ZN5sim_t3runEv=no
ac_cv_lib_undumpi_undumpi_open=no
ac_cv_lib_z_gzopen=no
ac_cv_objext=o
ac_cv_path_EGREP='/usr/bin/grep -E'
ac_cv_path_FGREP='/usr/bin/grep -F'
ac_cv_path_GREP=/usr/bin/grep
ac_cv_path_PINTOOL2_RUNTIME=
ac_cv_path_PINTOOL3_RUNTIME=
ac_cv_path_SED=/usr/bin/sed
ac_cv_path_SST_CONFIG_TOOL=/home/xianwei/local/sstcore-11.0.0/bin/sst-config
ac_cv_path_SST_REGISTER_TOOL=/home/xianwei/local/sstcore-11.0.0/bin/sst-register
ac_cv_path_install='/usr/bin/install -c'
ac_cv_path_lt_DD=/usr/bin/dd
ac_cv_path_mkdir=/usr/bin/mkdir
ac_cv_prog_AWK=mawk
ac_cv_prog_CPP='gcc -E'
ac_cv_prog_CXXCPP='g++ -E'
ac_cv_prog_ac_ct_AR=ar
ac_cv_prog_ac_ct_CC=gcc
ac_cv_prog_ac_ct_CXX=g++
ac_cv_prog_ac_ct_MANIFEST_TOOL=mt
ac_cv_prog_ac_ct_OBJDUMP=objdump
ac_cv_prog_ac_ct_RANLIB=ranlib
ac_cv_prog_ac_ct_STRIP=strip
ac_cv_prog_cc_c89=
ac_cv_prog_cc_c99=
ac_cv_prog_cc_g=yes
ac_cv_prog_cxx_g=yes
ac_cv_prog_make_make_set=yes
ac_cv_search_dlopen=-ldl
ac_cv_search_shm_open=-lrt
ac_cv_type_error_t=yes
am_cv_CC_dependencies_compiler_type=gcc3
am_cv_CXX_dependencies_compiler_type=gcc3
am_cv_make_support_nested_variables=yes
am_cv_prog_cc_c_o=yes
am_cv_prog_tar_pax=gnutar
libltdl_cv_lib_dl_dlopen=yes
libltdl_cv_preloaded_symbols=yes
libltdl_cv_shlibext=.so
libltdl_cv_shrext=.so
lt_cv_ar_at_file=@
lt_cv_archive_cmds_need_lc=no
lt_cv_deplibs_check_method=pass_all
lt_cv_dlopen=dlopen
lt_cv_dlopen_libs=-ldl
lt_cv_dlopen_self=yes
lt_cv_dlopen_self_static=no
lt_cv_file_magic_cmd='$MAGIC_CMD'
lt_cv_file_magic_test_file=
lt_cv_ld_reload_flag=-r
lt_cv_module_path_var=LD_LIBRARY_PATH
lt_cv_nm_interface='BSD nm'
lt_cv_objdir=.libs
lt_cv_path_LD=/usr/bin/ld
lt_cv_path_LDCXX='/usr/bin/ld -m elf_x86_64'
lt_cv_path_NM='/usr/bin/nm -B'
lt_cv_path_mainfest_tool=no
lt_cv_prog_compiler_c_o=yes
lt_cv_prog_compiler_c_o_CXX=yes
lt_cv_prog_compiler_pic='-fPIC -DPIC'
lt_cv_prog_compiler_pic_CXX='-fPIC -DPIC'
lt_cv_prog_compiler_pic_works=yes
lt_cv_prog_compiler_pic_works_CXX=yes
lt_cv_prog_compiler_rtti_exceptions=no
lt_cv_prog_compiler_static_works=yes
lt_cv_prog_compiler_static_works_CXX=yes
lt_cv_prog_gnu_ld=yes
lt_cv_prog_gnu_ldcxx=yes
lt_cv_sharedlib_from_linklib_cmd='printf %s\n'
lt_cv_shlibpath_overrides_runpath=yes
lt_cv_sys_argz_works=yes
lt_cv_sys_dlopen_deplibs=yes
lt_cv_sys_dlsearch_path='/lib /usr/lib /usr/lib/x86_64-linux-gnu/libfakeroot /usr/local/lib /usr/local/lib/x86_64-linux-gnu /lib/x86_64-linux-gnu /usr/lib/x86_64-linux-gnu '
lt_cv_sys_global_symbol_pipe='sed -n -e '\''s/^.*[	 ]\([ABCDGIRSTW][ABCDGIRSTW]*\)[	 ][	 ]*\([_A-Za-z][_A-Za-z0-9]*\)$/\1 \2 \2/p'\'' | sed '\''/ __gnu_lto/d'\'''
lt_cv_sys_global_symbol_to_c_name_address='sed -n -e '\''s/^: \(.*\) .*$/  {"\1", (void *) 0},/p'\'' -e '\''s/^[ABCDGIRSTW][ABCDGIRSTW]* .* \(.*\)$/  {"\1", (void *) \&\1},/p'\'''
lt_cv_sys_global_symbol_to_c_name_address_lib_prefix='sed -n -e '\''s/^: \(.*\) .*$/  {"\1", (void *) 0},/p'\'' -e '\''s/^[ABCDGIRSTW][ABCDGIRSTW]* .* \(lib.*\)$/  {"\1", (void *) \&\1},/p'\'' -e '\''s/^[ABCDGIRSTW][ABCDGIRSTW]* .* \(.*\)$/  {"lib\1", (void *) \&\1},/p'\'''
lt_cv_sys_global_symbol_to_cdecl='sed -n -e '\''s/^T .* \(.*\)$/extern int \1();/p'\'' -e '\''s/^[ABCDGIRSTW][ABCDGIRSTW]* .* \(.*\)$/extern char \1;/p'\'''
lt_cv_sys_global_symbol_to_import=
lt_cv_sys_max_cmd_len=1572864
lt_cv_sys_symbol_underscore=no
lt_cv_to_host_file_cmd=func_convert_file_noop
lt_cv_to_tool_file_cmd=func_convert_file_noop
lt_cv_truncate_bin='/usr/bin/dd bs=4096 count=1'

## ----------------- ##
## Output variables. ##
## ----------------- ##

ACLOCAL='${SHELL} /home/xianwei/scratch/src/sst-elements-library-11.0.0/config/missing aclocal-1.16'
AMDEPBACKSLASH='\'
AMDEP_FALSE='#'
AMDEP_TRUE=''
AMTAR='$${TAR-tar}'
AM_BACKSLASH='\'
AM_DEFAULT_V='$(AM_DEFAULT_VERBOSITY)'
AM_DEFAULT_VERBOSITY='0'
AM_V='$(V)'
AR='ar'
AUTOCONF='${SHELL} /home/xianwei/scratch/src/sst-elements-library-11.0.0/config/missing autoconf'
AUTOHEADER='${SHELL} /home/xianwei/scratch/src/sst-elements-library-11.0.0/config/missing autoheader'
AUTOMAKE='${SHELL} /home/xianwei/scratch/src/sst-elements-library-11.0.0/config/missing automake-1.16'
AWK='mawk'
BOOST_LIB_SUFFIX=''
CC='gcc'
CCDEPMODE='depmode=gcc3'
CC_VERSION='gcc (Debian 8.3.0-6) 8.3.0'
CFLAGS='-g -O2  '
CONVENIENCE_LTDL_FALSE='#'
CONVENIENCE_LTDL_TRUE=''
CPP='gcc -E'
CPPFLAGS='  -I/usr/include/python3.7m -I/usr/include/python3.7m  -I/home/xianwei/local/sstcore-11.0.0/include/sst/core -I/home/xianwei/local/sstcore-11.0.0/include'
CUDA_CPPFLAGS=''
CUDA_LDFLAGS=''
CUDA_LIBDIR=''
CUDA_LIBS=''
CXX='g++'
CXXCPP='g++ -E'
CXXDEPMODE='depmode=gcc3'
CXXFLAGS='-g -O2  -std=c++1y -D__STDC_FORMAT_MACROS '
CYGPATH_W='echo'
DEFS='-DHAVE_CONFIG_H'
DEPDIR='.deps'
DLLTOOL='false'
DRAMSIM3_CPPFLAGS=''
DRAMSIM3_LDFLAGS=''
DRAMSIM3_LIB=''
DRAMSIM3_LIBDIR=''
DRAMSIM_CPPFLAGS=''
DRAMSIM_LDFLAGS=''
DRAMSIM_LIB=''
DRAMSIM_LIBDIR=''
DSYMUTIL=''
DUMPBIN=''
DUMPI_CPPFLAGS=''
DUMPI_LDFLAGS=''
DUMPI_LIB=''
ECHO_C=''
ECHO_N='-n'
ECHO_T=''
EGREP='/usr/bin/grep -E'
EMBER_HAVE_OTF2_FALSE=''
EMBER_HAVE_OTF2_TRUE='#'
EXEEXT=''
FDSIM_CPPFLAGS=''
FDSIM_CXXFLAGS=''
FDSIM_LDFLAGS=''
FDSIM_LIB=''
FDSIM_LIBDIR=''
FGREP='/usr/bin/grep -F'
GOBLIN_HMCSIM_CPPFLAGS=''
GOBLIN_HMCSIM_LDFLAGS=''
GOBLIN_HMCSIM_LIB=''
GOBLIN_HMCSIM_LIBDIR=''
GPGPUSIM_CPPFLAGS=''
GPGPUSIM_LDFLAGS=''
GPGPUSIM_LIB=''
GPGPUSIM_LIBDIR=''
GREP='/usr/bin/grep'
HAVE_DRAMSIM3_FALSE=''
HAVE_DRAMSIM3_TRUE='#'
HAVE_DRAMSIM_FALSE=''
HAVE_DRAMSIM_TRUE='#'
HAVE_FDSIM_FALSE=''
HAVE_FDSIM_TRUE='#'
HAVE_HBMDRAMSIM_FALSE=''
HAVE_HBMDRAMSIM_TRUE='#'
HAVE_HYBRIDSIM_FALSE=''
HAVE_HYBRIDSIM_TRUE='#'
HAVE_LIBPHX_FALSE=''
HAVE_LIBPHX_TRUE='#'
HAVE_NVDIMMSIM_FALSE=''
HAVE_NVDIMMSIM_TRUE='#'
HAVE_PIN3_FALSE='#'
HAVE_PIN3_TRUE=''
HAVE_PINTOOL_FALSE=''
HAVE_PINTOOL_TRUE='#'
HAVE_RAMULATOR_FALSE=''
HAVE_RAMULATOR_TRUE='#'
HAVE_SET_PTRACER='1'
HAVE_SET_PTRACER_FALSE='#'
HAVE_SET_PTRACER_TRUE=''
HAVE_SHM_FALSE='#'
HAVE_SHM_TRUE=''
HBMDRAMSIM_CPPFLAGS=''
HBMDRAMSIM_LDFLAGS=''
HBMDRAMSIM_LIB=''
HBMDRAMSIM_LIBDIR=''
HYBRIDSIM_CPPFLAGS=''
HYBRIDSIM_LDFLAGS=''
HYBRIDSIM_LIB=''
HYBRIDSIM_LIBDIR=''
INCLTDL=''
INSTALL_DATA='${INSTALL} -m 644'
INSTALL_LTDL_FALSE=''
INSTALL_LTDL_TRUE='#'
INSTALL_PROGRAM='${INSTALL}'
INSTALL_SCRIPT='${INSTALL}'
INSTALL_STRIP_PROGRAM='$(install_sh) -c -s'
LD='/usr/bin/ld -m elf_x86_64'
LDFLAGS='   -L/usr/lib/python3.7/config-3.7m-x86_64-linux-gnu -L/usr/lib -lpython3.7m -lcrypt -lpthread -ldl  -lutil -lm  -Xlinker -export-dynamic -Wl,-O1 -Wl,-Bsymbolic-functions'
LIBADD_DL='-ldl '
LIBADD_DLD_LINK=''
LIBADD_DLOPEN='-ldl'
LIBADD_SHL_LOAD=''
LIBLTDL='-lltdl'
LIBOBJS=''
LIBPHX_CPPFLAGS=''
LIBPHX_LDFLAGS=''
LIBPHX_LIB=''
LIBPHX_LIBDIR=''
LIBS='  '
LIBTOOL='$(SHELL) $(top_builddir)/libtool'
LIBZ_CPPFLAGS=''
LIBZ_LDFLAGS=''
LIBZ_LIB=''
LIPO=''
LN_S='ln -s'
LTDLDEPS=''
LTDLINCL=''
LTDLOPEN='libltdl'
LTLIBOBJS=''
LT_ARGZ_H=''
LT_CONFIG_H='src/sst_element_config.h'
LT_DLLOADERS=' dlopen.la'
LT_DLPREOPEN='-dlpreopen dlopen.la '
LT_SYS_LIBRARY_PATH=''
MAKEINFO='${SHELL} /home/xianwei/scratch/src/sst-elements-library-11.0.0/config/missing makeinfo'
MANIFEST_TOOL=':'
MKDIR_P='/usr/bin/mkdir -p'
NM='/usr/bin/nm -B'
NMEDIT=''
NVDIMMSIM_CPPFLAGS=''
NVDIMMSIM_CXXFLAGS=''
NVDIMMSIM_LDFLAGS=''
NVDIMMSIM_LIB=''
NVDIMMSIM_LIBDIR=''
OBJDUMP='objdump'
OBJEXT='o'
OTF2_CONFIG_TOOL=''
OTF2_CPPFLAGS=''
OTF2_LDFLAGS=''
OTF2_PATH=''
OTF_CONFIG_TOOL=''
OTF_CPPFLAGS=''
OTF_LDFLAGS=''
OTF_PATH=''
OTOOL64=''
OTOOL=''
PACKAGE='sst-elements-library'
PACKAGE_BUGREPORT='sst@sandia.gov'
PACKAGE_NAME='SST Elements Library'
PACKAGE_STRING='SST Elements Library 11.0.0'
PACKAGE_TARNAME='sst-elements-library'
PACKAGE_URL=''
PACKAGE_VERSION='11.0.0'
PATH_SEPARATOR=':'
PINTOOL2_RUNTIME=''
PINTOOL3_RUNTIME=''
PINTOOL_CPPFLAGS=''
PINTOOL_DIR=''
PINTOOL_LDFLAGS=''
PINTOOL_PATH='/usr/local/bin:/usr/bin:/bin:/usr/local/games:/usr/games'
PINTOOL_RUNTIME=''
RAMULATOR_CPPFLAGS=''
RAMULATOR_LDFLAGS=''
RAMULATOR_LIB=''
RAMULATOR_LIBDIR=''
RANLIB='ranlib'
SED='/usr/bin/sed'
SET_MAKE=''
SHELL='/bin/bash'
SHM_LIB='-lrt   '
SSTELEMENTS_GIT_BRANCH='N/A'
SSTELEMENTS_GIT_COMMITCOUNT='0'
SSTELEMENTS_GIT_HEADSHA='11.0.0'
SST_ACTIVE_ELEMENT_LIBRARIES=' CramSim Messier Samba VaultSimC ariel cacheTracer cassini ember firefly hermes kingsley memHierarchy merlin miranda prospero shogun simpleElementExample simpleSimulation thornhill vanadis zodiac'
SST_COMPILE_OSX_FALSE=''
SST_COMPILE_OSX_TRUE='#'
SST_CONFIG_TOOL='/home/xianwei/local/sstcore-11.0.0/bin/sst-config'
SST_DIST_ELEMENT_LIBRARIES=' CramSim Messier Samba VaultSimC ariel balar cacheTracer cassini ember firefly hermes kingsley memHierarchy merlin miranda prospero shogun simpleElementExample simpleSimulation thornhill vanadis zodiac'
SST_ENABLE_PREVIEW_BUILD_FALSE=''
SST_ENABLE_PREVIEW_BUILD_TRUE='#'
SST_PREFIX='/home/xianwei/local/sstcore-11.0.0'
SST_REGISTER_TOOL='/home/xianwei/local/sstcore-11.0.0/bin/sst-register'
STAKE_CPPFLAGS=''
STAKE_LDFLAGS=''
STAKE_LIB=''
STAKE_LIBDIR=''
STRIP='strip'
USE_CUDA_FALSE=''
USE_CUDA_TRUE='#'
USE_DUMPI_FALSE=''
USE_DUMPI_TRUE='#'
USE_EMBER_CONTEXTS_FALSE=''
USE_EMBER_CONTEXTS_TRUE='#'
USE_GOBLIN_HMCSIM_FALSE=''
USE_GOBLIN_HMCSIM_TRUE='#'
USE_LIBZ_FALSE=''
USE_LIBZ_TRUE='#'
USE_OTF2_FALSE=''
USE_OTF2_TRUE='#'
USE_OTF_FALSE=''
USE_OTF_TRUE='#'
USE_STAKE_FALSE=''
USE_STAKE_TRUE='#'
VERSION='11.0.0'
ac_ct_AR='ar'
ac_ct_CC='gcc'
ac_ct_CXX='g++'
ac_ct_DUMPBIN=''
am__EXEEXT_FALSE=''
am__EXEEXT_TRUE='#'
am__fastdepCC_FALSE='#'
am__fastdepCC_TRUE=''
am__fastdepCXX_FALSE='#'
am__fastdepCXX_TRUE=''
am__include='include'
am__isrc=''
am__leading_dot='.'
am__nodep='_no'
am__quote=''
am__tar='tar --format=posix -chf - "$$tardir"'
am__untar='tar -xf -'
bindir='${exec_prefix}/bin'
build='x86_64-pc-linux-gnu'
build_alias=''
build_cpu='x86_64'
build_os='linux-gnu'
build_vendor='pc'
datadir='${datarootdir}'
datarootdir='${prefix}/share'
docdir='${datarootdir}/doc/${PACKAGE_TARNAME}'
dvidir='${docdir}'
exec_prefix='${prefix}'
host='x86_64-pc-linux-gnu'
host_alias=''
host_cpu='x86_64'
host_os='linux-gnu'
host_vendor='pc'
htmldir='${docdir}'
includedir='${prefix}/include'
infodir='${datarootdir}/info'
install_sh='${SHELL} /home/xianwei/scratch/src/sst-elements-library-11.0.0/config/install-sh'
libdir='${exec_prefix}/lib'
libexecdir='${exec_prefix}/libexec'
localedir='${datarootdir}/locale'
localstatedir='${prefix}/var'
ltdl_LIBOBJS=' lt__strl.o'
ltdl_LTLIBOBJS=' lt__strl.lo'
mandir='${datarootdir}/man'
mkdir_p='$(MKDIR_P)'
oldincludedir='/usr/include'
pdfdir='${docdir}'
prefix='sst_check_'
program_transform_name='s,x,x,'
psdir='${docdir}'
runstatedir='${localstatedir}/run'
sbindir='${exec_prefix}/sbin'
sharedstatedir='${prefix}/com'
sys_symbol_underscore='no'
sysconfdir='${prefix}/etc'
target_alias=''

## ----------- ##
## confdefs.h. ##
## ----------- ##

/* confdefs.h */
#define PACKAGE_NAME "SST Elements Library"
#define PACKAGE_TARNAME "sst-elements-library"
#define PACKAGE_VERSION "11.0.0"
#define PACKAGE_STRING "SST Elements Library 11.0.0"
#define PACKAGE_BUGREPORT "sst@sandia.gov"
#define PACKAGE_URL ""
#define TIME_WITH_SYS_TIME 1
#define STDC_HEADERS 1
#define HAVE_SYS_TYPES_H 1
#define HAVE_SYS_STAT_H 1
#define HAVE_STDLIB_H 1
#define HAVE_STRING_H 1
#define HAVE_MEMORY_H 1
#define HAVE_STRINGS_H 1
#define HAVE_INTTYPES_H 1
#define HAVE_STDINT_H 1
#define HAVE_UNISTD_H 1
#define HAVE_DLFCN_H 1
#define LT_OBJDIR ".libs/"
#define LT_MODULE_EXT ".so"
#define LT_MODULE_PATH_VAR "LD_LIBRARY_PATH"
#define LT_DLSEARCH_PATH "/lib:/usr/lib:/usr/lib/x86_64-linux-gnu/libfakeroot:/usr/local/lib:/usr/local/lib/x86_64-linux-gnu:/lib/x86_64-linux-gnu:/usr/lib/x86_64-linux-gnu"
#define HAVE_LIBDL 1
#define HAVE_DLERROR 1
#define HAVE_LIBDLLOADER 1
#define HAVE_ARGZ_H 1
#define HAVE_ERROR_T 1
#define HAVE_ARGZ_ADD 1
#define HAVE_ARGZ_APPEND 1
#define HAVE_ARGZ_COUNT 1
#define HAVE_ARGZ_CREATE_SEP 1
#define HAVE_ARGZ_INSERT 1
#define HAVE_ARGZ_NEXT 1
#define HAVE_ARGZ_STRINGIFY 1
#define HAVE_WORKING_ARGZ 1
#define HAVE_PRELOADED_SYMBOLS 1
#define HAVE_LTDL 1
#define HAVE_UNISTD_H 1
#define HAVE_DIRENT_H 1
#define HAVE_CLOSEDIR 1
#define HAVE_OPENDIR 1
#define HAVE_READDIR 1
#define LT_LIBEXT "a"
#define LT_LIBPREFIX "lib"
#define TIME_WITH_SYS_TIME 1
#define NVDIMMSIM_LIBDIR ""
#define LIBPHX_LIBDIR ""
#define PINTOOL_EXECUTABLE ""
#define HAVE_SHM 1
#define RAMULATOR_LIBDIR ""
#define DRAMSIM_LIBDIR ""
#define DRAMSIM3_LIBDIR ""
#define HBMDRAMSIM_LIBDIR ""
#define HYBRIDSIM_LIBDIR ""
#define GOBLIN_HMCSIM_LIBDIR ""
#define NVDIMMSIM_LIBDIR ""
#define FDSIM_LIBDIR ""
#define STAKE_LIBDIR ""
#define PINTOOL_EXECUTABLE ""
#define HAVE_SHM 1
#define SSTELEMENTS_GIT_BRANCH "N/A"
#define SSTELEMENTS_GIT_HEADSHA "11.0.0"
#define SSTELEMENTS_GIT_COMMITCOUNT "0"

configure: exit 0

## ---------------------- ##
## Running config.status. ##
## ---------------------- ##

This file was extended by SST Elements Library config.status 11.0.0, which was
generated by GNU Autoconf 2.69.  Invocation command line was

  CONFIG_FILES    = 
  CONFIG_HEADERS  = 
  CONFIG_LINKS    = 
  CONFIG_COMMANDS = 
  $ ./config.status 

on instance-1

config.status:1365: creating src/sst/elements/CramSim/Makefile
config.status:1365: creating src/sst/elements/Messier/Makefile
config.status:1365: creating src/sst/elements/Samba/Makefile
config.status:1365: creating src/sst/elements/VaultSimC/Makefile
config.status:1365: creating src/sst/elements/ariel/Makefile
config.status:1365: creating src/sst/elements/balar/Makefile
config.status:1365: creating src/sst/elements/cacheTracer/Makefile
config.status:1365: creating src/sst/elements/cassini/Makefile
config.status:1365: creating src/sst/elements/ember/Makefile
config.status:1365: creating src/sst/elements/firefly/Makefile
config.status:1365: creating src/sst/elements/hermes/Makefile
config.status:1365: creating src/sst/elements/kingsley/Makefile
config.status:1365: creating src/sst/elements/memHierarchy/Makefile
config.status:1365: creating src/sst/elements/merlin/Makefile
config.status:1365: creating src/sst/elements/miranda/Makefile
config.status:1365: creating src/sst/elements/prospero/Makefile
config.status:1365: creating src/sst/elements/shogun/Makefile
config.status:1365: creating src/sst/elements/simpleElementExample/Makefile
config.status:1365: creating src/sst/elements/simpleSimulation/Makefile
config.status:1365: creating src/sst/elements/thornhill/Makefile
config.status:1365: creating src/sst/elements/vanadis/Makefile
config.status:1365: creating src/sst/elements/zodiac/Makefile
config.status:1365: creating Makefile
config.status:1365: creating src/Makefile
config.status:1365: creating src/sst/Makefile
config.status:1365: creating src/sst/elements/Makefile
config.status:1365: creating src/sst_element_config.h
config.status:1594: executing depfiles commands
config.status:1671: cd src/sst/elements/CramSim       && sed -e '/# am--include-marker/d' Makefile         | make -f - am--depfiles
make[1]: Entering directory '/home/xianwei/scratch/src/sst-elements-library-11.0.0/src/sst/elements/CramSim'
make[1]: Nothing to be done for 'am--depfiles'.
make[1]: Leaving directory '/home/xianwei/scratch/src/sst-elements-library-11.0.0/src/sst/elements/CramSim'
config.status:1676: $? = 0
config.status:1671: cd src/sst/elements/Messier       && sed -e '/# am--include-marker/d' Makefile         | make -f - am--depfiles
make[1]: Entering directory '/home/xianwei/scratch/src/sst-elements-library-11.0.0/src/sst/elements/Messier'
make[1]: Nothing to be done for 'am--depfiles'.
make[1]: Leaving directory '/home/xianwei/scratch/src/sst-elements-library-11.0.0/src/sst/elements/Messier'
config.status:1676: $? = 0
config.status:1671: cd src/sst/elements/Samba       && sed -e '/# am--include-marker/d' Makefile         | make -f - am--depfiles
make[1]: Entering directory '/home/xianwei/scratch/src/sst-elements-library-11.0.0/src/sst/elements/Samba'
make[1]: Nothing to be done for 'am--depfiles'.
make[1]: Leaving directory '/home/xianwei/scratch/src/sst-elements-library-11.0.0/src/sst/elements/Samba'
config.status:1676: $? = 0
config.status:1671: cd src/sst/elements/VaultSimC       && sed -e '/# am--include-marker/d' Makefile         | make -f - am--depfiles
make[1]: Entering directory '/home/xianwei/scratch/src/sst-elements-library-11.0.0/src/sst/elements/VaultSimC'
make[1]: Nothing to be done for 'am--depfiles'.
make[1]: Leaving directory '/home/xianwei/scratch/src/sst-elements-library-11.0.0/src/sst/elements/VaultSimC'
config.status:1676: $? = 0
config.status:1671: cd src/sst/elements/ariel       && sed -e '/# am--include-marker/d' Makefile         | make -f - am--depfiles
make[1]: Entering directory '/home/xianwei/scratch/src/sst-elements-library-11.0.0/src/sst/elements/ariel'
make[1]: Nothing to be done for 'am--depfiles'.
make[1]: Leaving directory '/home/xianwei/scratch/src/sst-elements-library-11.0.0/src/sst/elements/ariel'
config.status:1676: $? = 0
config.status:1671: cd src/sst/elements/balar       && sed -e '/# am--include-marker/d' Makefile         | make -f - am--depfiles
make[1]: Entering directory '/home/xianwei/scratch/src/sst-elements-library-11.0.0/src/sst/elements/balar'
make[1]: Nothing to be done for 'am--depfiles'.
make[1]: Leaving directory '/home/xianwei/scratch/src/sst-elements-library-11.0.0/src/sst/elements/balar'
config.status:1676: $? = 0
config.status:1671: cd src/sst/elements/cacheTracer       && sed -e '/# am--include-marker/d' Makefile         | make -f - am--depfiles
make[1]: Entering directory '/home/xianwei/scratch/src/sst-elements-library-11.0.0/src/sst/elements/cacheTracer'
make[1]: Nothing to be done for 'am--depfiles'.
make[1]: Leaving directory '/home/xianwei/scratch/src/sst-elements-library-11.0.0/src/sst/elements/cacheTracer'
config.status:1676: $? = 0
config.status:1671: cd src/sst/elements/cassini       && sed -e '/# am--include-marker/d' Makefile         | make -f - am--depfiles
make[1]: Entering directory '/home/xianwei/scratch/src/sst-elements-library-11.0.0/src/sst/elements/cassini'
make[1]: Nothing to be done for 'am--depfiles'.
make[1]: Leaving directory '/home/xianwei/scratch/src/sst-elements-library-11.0.0/src/sst/elements/cassini'
config.status:1676: $? = 0
config.status:1671: cd src/sst/elements/ember       && sed -e '/# am--include-marker/d' Makefile         | make -f - am--depfiles
make[1]: Entering directory '/home/xianwei/scratch/src/sst-elements-library-11.0.0/src/sst/elements/ember'
make[1]: Nothing to be done for 'am--depfiles'.
make[1]: Leaving directory '/home/xianwei/scratch/src/sst-elements-library-11.0.0/src/sst/elements/ember'
config.status:1676: $? = 0
config.status:1671: cd src/sst/elements/firefly       && sed -e '/# am--include-marker/d' Makefile         | make -f - am--depfiles
make[1]: Entering directory '/home/xianwei/scratch/src/sst-elements-library-11.0.0/src/sst/elements/firefly'
make[1]: Nothing to be done for 'am--depfiles'.
make[1]: Leaving directory '/home/xianwei/scratch/src/sst-elements-library-11.0.0/src/sst/elements/firefly'
config.status:1676: $? = 0
config.status:1671: cd src/sst/elements/hermes       && sed -e '/# am--include-marker/d' Makefile         | make -f - am--depfiles
make[1]: Entering directory '/home/xianwei/scratch/src/sst-elements-library-11.0.0/src/sst/elements/hermes'
make[1]: Nothing to be done for 'am--depfiles'.
make[1]: Leaving directory '/home/xianwei/scratch/src/sst-elements-library-11.0.0/src/sst/elements/hermes'
config.status:1676: $? = 0
config.status:1671: cd src/sst/elements/kingsley       && sed -e '/# am--include-marker/d' Makefile         | make -f - am--depfiles
make[1]: Entering directory '/home/xianwei/scratch/src/sst-elements-library-11.0.0/src/sst/elements/kingsley'
make[1]: Nothing to be done for 'am--depfiles'.
make[1]: Leaving directory '/home/xianwei/scratch/src/sst-elements-library-11.0.0/src/sst/elements/kingsley'
config.status:1676: $? = 0
config.status:1671: cd src/sst/elements/memHierarchy       && sed -e '/# am--include-marker/d' Makefile         | make -f - am--depfiles
make[1]: Entering directory '/home/xianwei/scratch/src/sst-elements-library-11.0.0/src/sst/elements/memHierarchy'
make[1]: Nothing to be done for 'am--depfiles'.
make[1]: Leaving directory '/home/xianwei/scratch/src/sst-elements-library-11.0.0/src/sst/elements/memHierarchy'
config.status:1676: $? = 0
config.status:1671: cd src/sst/elements/merlin       && sed -e '/# am--include-marker/d' Makefile         | make -f - am--depfiles
make[1]: Entering directory '/home/xianwei/scratch/src/sst-elements-library-11.0.0/src/sst/elements/merlin'
make[1]: Nothing to be done for 'am--depfiles'.
make[1]: Leaving directory '/home/xianwei/scratch/src/sst-elements-library-11.0.0/src/sst/elements/merlin'
config.status:1676: $? = 0
config.status:1671: cd src/sst/elements/miranda       && sed -e '/# am--include-marker/d' Makefile         | make -f - am--depfiles
make[1]: Entering directory '/home/xianwei/scratch/src/sst-elements-library-11.0.0/src/sst/elements/miranda'
make[1]: Nothing to be done for 'am--depfiles'.
make[1]: Leaving directory '/home/xianwei/scratch/src/sst-elements-library-11.0.0/src/sst/elements/miranda'
config.status:1676: $? = 0
config.status:1671: cd src/sst/elements/prospero       && sed -e '/# am--include-marker/d' Makefile         | make -f - am--depfiles
make[1]: Entering directory '/home/xianwei/scratch/src/sst-elements-library-11.0.0/src/sst/elements/prospero'
make[1]: Nothing to be done for 'am--depfiles'.
make[1]: Leaving directory '/home/xianwei/scratch/src/sst-elements-library-11.0.0/src/sst/elements/prospero'
config.status:1676: $? = 0
config.status:1671: cd src/sst/elements/shogun       && sed -e '/# am--include-marker/d' Makefile         | make -f - am--depfiles
make[1]: Entering directory '/home/xianwei/scratch/src/sst-elements-library-11.0.0/src/sst/elements/shogun'
make[1]: Nothing to be done for 'am--depfiles'.
make[1]: Leaving directory '/home/xianwei/scratch/src/sst-elements-library-11.0.0/src/sst/elements/shogun'
config.status:1676: $? = 0
config.status:1671: cd src/sst/elements/simpleElementExample       && sed -e '/# am--include-marker/d' Makefile         | make -f - am--depfiles
make[1]: Entering directory '/home/xianwei/scratch/src/sst-elements-library-11.0.0/src/sst/elements/simpleElementExample'
make[1]: Nothing to be done for 'am--depfiles'.
make[1]: Leaving directory '/home/xianwei/scratch/src/sst-elements-library-11.0.0/src/sst/elements/simpleElementExample'
config.status:1676: $? = 0
config.status:1671: cd src/sst/elements/simpleSimulation       && sed -e '/# am--include-marker/d' Makefile         | make -f - am--depfiles
make[1]: Entering directory '/home/xianwei/scratch/src/sst-elements-library-11.0.0/src/sst/elements/simpleSimulation'
make[1]: Nothing to be done for 'am--depfiles'.
make[1]: Leaving directory '/home/xianwei/scratch/src/sst-elements-library-11.0.0/src/sst/elements/simpleSimulation'
config.status:1676: $? = 0
config.status:1671: cd src/sst/elements/thornhill       && sed -e '/# am--include-marker/d' Makefile         | make -f - am--depfiles
make[1]: Entering directory '/home/xianwei/scratch/src/sst-elements-library-11.0.0/src/sst/elements/thornhill'
make[1]: Nothing to be done for 'am--depfiles'.
make[1]: Leaving directory '/home/xianwei/scratch/src/sst-elements-library-11.0.0/src/sst/elements/thornhill'
config.status:1676: $? = 0
config.status:1671: cd src/sst/elements/vanadis       && sed -e '/# am--include-marker/d' Makefile         | make -f - am--depfiles
make[1]: Entering directory '/home/xianwei/scratch/src/sst-elements-library-11.0.0/src/sst/elements/vanadis'
make[1]: Nothing to be done for 'am--depfiles'.
make[1]: Leaving directory '/home/xianwei/scratch/src/sst-elements-library-11.0.0/src/sst/elements/vanadis'
config.status:1676: $? = 0
config.status:1671: cd src/sst/elements/zodiac       && sed -e '/# am--include-marker/d' Makefile         | make -f - am--depfiles
make[1]: Entering directory '/home/xianwei/scratch/src/sst-elements-library-11.0.0/src/sst/elements/zodiac'
make[1]: Nothing to be done for 'am--depfiles'.
make[1]: Leaving directory '/home/xianwei/scratch/src/sst-elements-library-11.0.0/src/sst/elements/zodiac'
config.status:1676: $? = 0
config.status:1594: executing libtool commands
